#
# A fatal error has been detected by the Java Runtime Environment:
#
#  SIGBUS (0xa) at pc=0x00007fff9ee9d1bf, pid=936, tid=775
#
# JRE version: Java(TM) SE Runtime Environment (8.0_25-b17) (build 1.8.0_25-b17)
# Java VM: Java HotSpot(TM) 64-Bit Server VM (25.25-b02 mixed mode bsd-amd64 compressed oops)
# Problematic frame:
# C  [CoreGraphics+0x371bf]  decode_swap+0x9b
#
# Failed to write core dump. Core dumps have been disabled. To enable core dumping, try "ulimit -c unlimited" before starting Java again
#
# If you would like to submit a bug report, please visit:
#   http://bugreport.sun.com/bugreport/crash.jsp
# The crash happened outside the Java Virtual Machine in native code.
# See problematic frame for where to report the bug.
#

---------------  T H R E A D  ---------------

Current thread (0x00007f8cf71bf000):  JavaThread "JavaFX Application Thread" daemon [_thread_in_native, id=775, stack(0x00007fff595e2000,0x00007fff59de2000)]

siginfo: si_signo: 10 (SIGBUS), si_code: 2 (BUS_ADRERR), si_addr: 0x000000076cd77f08

Registers:
RAX=0x00007f8d04050f90, RBX=0x00007f8d04008ed0, RCX=0x0000000000000200, RDX=0x000000076cd77f08
RSP=0x00007fff59dd80e8, RBP=0x00007fff59dd8100, RSI=0x00007f8d04050f90, RDI=0x00007f8d04051190
R8 =0x00000000000001f0, R9 =0x00000000000001f0, R10=0x000000076cd78108, R11=0x0000000000000004
R12=0x000000076cd77f08, R13=0x000000076cd77f08, R14=0x00007f8d01b68f60, R15=0x000000076cd77f08
RIP=0x00007fff9ee9d1bf, EFLAGS=0x0000000000010206, ERR=0x0000000000000004
  TRAPNO=0x000000000000000e

Top of Stack: (sp=0x00007fff59dd80e8)
0x00007fff59dd80e8:   00007f8d04008ed0 00007f8d01b68f60
0x00007fff59dd80f8:   000000076cd77f08 00007fff59dd8280
0x00007fff59dd8108:   00007fff9ee99297 00007f8d018d2800
0x00007fff59dd8118:   0000000000000020 0000000000000080
0x00007fff59dd8128:   00007f8d018d2880 00007fff59dd85d0
0x00007fff59dd8138:   00007fff9ef70731 00007fff59dd81a0
0x00007fff59dd8148:   00007fffb38c418b 0000000000000600
0x00007fff59dd8158:   00000000fbe6b2b0 0000000000000020
0x00007fff59dd8168:   3fcf3e7cf9f3e7d0 0000001459dd81c8
0x00007fff59dd8178:   0000000000000080 0000000000000000
0x00007fff59dd8188:   00007fff59dd81a0 3fcf3e7cf9f3e7d0
0x00007fff59dd8198:   0000000000000000 bf43179600000000
0x00007fff59dd81a8:   bf98e4d500000001 bfb1ea3600000000
0x00007fff59dd81b8:   bfb4eb3d00000200 3f90209c00000001
0x00007fff59dd81c8:   3fd074b400000004 0000000000000004
0x00007fff59dd81d8:   0000000000000080 00007f8d04008ed0
0x00007fff59dd81e8:   0000000000000001 3fe2ddb700000003
0x00007fff59dd81f8:   0000000000000005 00007f8d01b68780
0x00007fff59dd8208:   0000000000000008 0000000000000080
0x00007fff59dd8218:   0000000000000180 0000000000000200
0x00007fff59dd8228:   00007f8d04050f90 00007fff00000200
0x00007fff59dd8238:   00007fff00000003 0000002000000008
0x00007fff59dd8248:   0000000000000020 00007fff00000000
0x00007fff59dd8258:   0000000000000005 0000000000000000
0x00007fff59dd8268:   0000000000000000 00007fff59dd88c0
0x00007fff59dd8278:   1b74a2fa6dd000f5 00007fff59dd8370
0x00007fff59dd8288:   00007fff9f040970 00007f8d00000180
0x00007fff59dd8298:   00007f8d01b68f60 00007fff00000080
0x00007fff59dd82a8:   00007fff9f0408da 0000000105e3ca00
0x00007fff59dd82b8:   0000000105e3de00 00007fff59dd83a0
0x00007fff59dd82c8:   00007fffb4338472 1b74a2fa6dd000f5
0x00007fff59dd82d8:   0000000000000003 0000000000000005 

Instructions: (pc=0x00007fff9ee9d1bf)
0x00007fff9ee9d19f:   c1 eb 5f 83 f9 10 7c 7c 44 8d 41 f0 45 89 c1 41
0x00007fff9ee9d1af:   83 e1 f0 4a 8d 7c 0e 10 4e 8d 54 0a 10 48 89 f0
0x00007fff9ee9d1bf:   8b 1a 44 8b 5a 04 44 8b 72 08 44 8b 7a 0c 0f 38
0x00007fff9ee9d1cf:   f1 18 44 0f 38 f1 58 04 44 0f 38 f1 70 08 44 0f 

Register to memory mapping:

RAX=0x00007f8d04050f90 is an unknown value
RBX=0x00007f8d04008ed0 is an unknown value
RCX=0x0000000000000200 is an unknown value
RDX=0x000000076cd77f08 is an unallocated location in the heap
RSP=0x00007fff59dd80e8 is pointing into the stack for thread: 0x00007f8cf71bf000
RBP=0x00007fff59dd8100 is pointing into the stack for thread: 0x00007f8cf71bf000
RSI=0x00007f8d04050f90 is an unknown value
RDI=0x00007f8d04051190 is an unknown value
R8 =0x00000000000001f0 is an unknown value
R9 =0x00000000000001f0 is an unknown value
R10=0x000000076cd78108 is an unallocated location in the heap
R11=0x0000000000000004 is an unknown value
R12=0x000000076cd77f08 is an unallocated location in the heap
R13=0x000000076cd77f08 is an unallocated location in the heap
R14=0x00007f8d01b68f60 is an unknown value
R15=0x000000076cd77f08 is an unallocated location in the heap


Stack: [0x00007fff595e2000,0x00007fff59de2000],  sp=0x00007fff59dd80e8,  free space=8152k
Native frames: (J=compiled Java code, j=interpreted, Vv=VM code, C=native code)
C  [CoreGraphics+0x371bf]  decode_swap+0x9b
C  [CoreGraphics+0x33297]  decode_data+0x9d9
C  [CoreGraphics+0x1da970]  img_decode_read+0x135
C  [CoreGraphics+0x1df03d]  img_interpolate_read+0x18e
C  [CoreGraphics+0x1df67d]  img_colormatch_read+0x16d
C  [CoreGraphics+0x1dfb32]  img_alphamerge_read+0x20e
C  [CoreGraphics+0x1e4495]  img_data_lock+0x29d3
C  [CoreGraphics+0x1e1a84]  CGSImageDataLock+0xf7
C  [CoreGraphics+0x749fe]  ripc_AcquireImage+0x3df
C  [CoreGraphics+0x830d2]  ripc_DrawImage+0x363
C  [CoreGraphics+0xfb34a]  CGContextDelegateDrawImage+0x30
C  [CoreGraphics+0x1ea767]  CGContextDrawImageWithOptions+0x21b
C  [CoreGraphics+0x1eaa18]  CGContextDrawImage+0x33
C  [AppKit+0x1ab721]  __74-[NSImageRep drawInRect:fromRect:operation:fraction:respectFlipped:hints:]_block_invoke+0x2e6
C  [AppKit+0x1ab245]  -[NSImageRep drawInRect:fromRect:operation:fraction:respectFlipped:hints:]+0x432
C  [AppKit+0x63231b]  __71-[NSImage drawInRect:fromRect:operation:fraction:respectFlipped:hints:]_block_invoke.1352+0x464
C  [AppKit+0x175913]  -[NSImage _usingBestRepresentationForRect:context:hints:body:]+0xa4
C  [AppKit+0x1b2bb8]  -[NSImage drawInRect:fromRect:operation:fraction:respectFlipped:hints:]+0x7ec
C  [AppKit+0x1a9850]  -[NSImage _drawMappingAlignmentRectToRect:withState:backgroundStyle:operation:fraction:flip:hints:]+0x626
C  [AppKit+0x27f909]  -[NSThemeDocumentButtonCell drawWithFrame:inView:]+0x25d
C  [AppKit+0x1a74a1]  -[NSControl drawRect:]+0x15c
C  [AppKit+0x1a58e3]  -[NSView(NSInternal) _recursive:displayRectIgnoringOpacity:inGraphicsContext:CGContext:topView:shouldChangeFontReferenceColor:]+0x526
C  [AppKit+0x1a5289]  __46-[NSView(NSLayerKitGlue) drawLayer:inContext:]_block_invoke+0x10b
C  [AppKit+0x1a4db1]  -[NSView(NSLayerKitGlue) _drawViewBackingLayer:inContext:drawingHandler:]+0x635
C  [AppKit+0x1a4776]  -[NSView(NSLayerKitGlue) drawLayer:inContext:]+0x50
C  [QuartzCore+0x13665]  CABackingStoreUpdate_+0xebb
C  [QuartzCore+0x132598]  invocation function for block in CA::Layer::display_()+0x4b
C  [QuartzCore+0x1320b0]  CA::Layer::display_()+0x5b4
C  [AppKit+0x1a360e]  _NSBackingLayerDisplay+0x241
C  [AppKit+0x196876]  -[_NSViewBackingLayer display]+0x375
C  [QuartzCore+0x126092]  CA::Layer::display_if_needed(CA::Transaction*)+0x23c
C  [QuartzCore+0x1261bd]  CA::Layer::layout_and_display_if_needed(CA::Transaction*)+0x23
C  [QuartzCore+0x11b968]  CA::Context::commit_transaction(CA::Transaction*)+0x118
C  [QuartzCore+0x108a1]  CA::Transaction::commit()+0x1db
C  [AppKit+0xa8b194]  -[_NSFullScreenTransition enterFullScreenTransitionWithPresentationOptions:options:]+0x540
C  [AppKit+0xa8e326]  -[_NSWindowFullScreenTransition enterFullScreenTransitionForWindow:options:]+0x1e1
C  [AppKit+0x8e659a]  -[NSWindow _enterFullScreenMode:options:]+0x154
C  [AppKit+0x8e6437]  -[NSWindow _enterFullScreenMode:options:implicitlyTile:]+0x96
C  [AppKit+0x3461f2]  -[NSWindow enterFullScreenMode:]+0x7b
C  [libsystem_trace.dylib+0x33a7]  _os_activity_initiate_impl+0x35
C  [AppKit+0x7c4791]  -[NSApplication(NSResponder) sendAction:to:from:]+0x1c8
C  [AppKit+0x2a9000]  -[NSControl sendAction:to:]+0x56
C  [AppKit+0x2a8f28]  __26-[NSCell _sendActionFrom:]_block_invoke+0x88
C  [libsystem_trace.dylib+0x33a7]  _os_activity_initiate_impl+0x35
C  [AppKit+0x2a8e80]  -[NSCell _sendActionFrom:]+0x80
C  [AppKit+0x2eb875]  -[NSButtonCell _sendActionFrom:]+0x62
C  [AppKit+0x872473]  -[_NSThemeZoomWidgetCell _sendActionFrom:]+0x45
C  [libsystem_trace.dylib+0x33a7]  _os_activity_initiate_impl+0x35
C  [AppKit+0x2a7762]  -[NSCell trackMouse:inRect:ofView:untilMouseUp:]+0x9b1
C  [AppKit+0x2eb5ae]  -[NSButtonCell trackMouse:inRect:ofView:untilMouseUp:]+0x31e
C  [AppKit+0x87213c]  -[_NSThemeZoomWidgetCell trackMouse:inRect:ofView:untilMouseUp:]+0x125
C  [AppKit+0x2a6117]  -[NSControl mouseDown:]+0x340
C  [AppKit+0x346012]  -[_NSThemeWidget mouseDown:]+0x57
C  [AppKit+0x8724a6]  -[_NSThemeZoomWidget mouseDown:]+0x27
C  [AppKit+0x9402bf]  -[NSWindow(NSEventRouting) _handleMouseDownEvent:isDelayedEvent:]+0x18c5
C  [AppKit+0x93cadc]  -[NSWindow(NSEventRouting) _reallySendEvent:isDelayedEvent:]+0x796
C  [AppKit+0x93bf7a]  -[NSWindow(NSEventRouting) sendEvent:]+0x21d
C  [libglass.dylib+0x241e5]  -[GlassWindow_Normal sendEvent:]+0x75
C  [AppKit+0x7c06f1]  -[NSApplication(NSEvent) sendEvent:]+0x479
C  [libosxapp.dylib+0x23ac]  -[NSApplicationAWT sendEvent:]+0x109
C  [AppKit+0x3b7f7]  -[NSApplication run]+0x3ea
C  [libosxapp.dylib+0x223e]  +[NSApplicationAWT runAWTLoopWithApp:]+0x9c
C  [libawt_lwawt.dylib+0x4494f]  -[AWTStarter starter:]+0x389
C  [Foundation+0x7184a]  __NSThreadPerformPerform+0x146
C  [CoreFoundation+0xa73c1]  __CFRUNLOOP_IS_CALLING_OUT_TO_A_SOURCE0_PERFORM_FUNCTION__+0x11
C  [CoreFoundation+0x882cd]  __CFRunLoopDoSources0+0x22d
C  [CoreFoundation+0x877c6]  __CFRunLoopRun+0x3a6
C  [CoreFoundation+0x871c4]  CFRunLoopRunSpecific+0x1a4
C  [java+0x56cc]  CreateExecutionEnvironment+0x367
C  [java+0x165c]  JLI_Launch+0x7a0
C  [java+0x768a]  main+0x65
C  [java+0xeb4]  start+0x34
C  0x0000000000000008


---------------  P R O C E S S  ---------------

Java Threads: ( => current thread )
  0x00007f8cf9964000 JavaThread "Prism Font Disposer" daemon [_thread_blocked, id=62955, stack(0x000070000d2f8000,0x000070000d3f8000)]
  0x00007f8cf727f800 JavaThread "Processing-FX-ExceptionHandler" daemon [_thread_blocked, id=73999, stack(0x000070000d1f5000,0x000070000d2f5000)]
  0x00007f8cfa914800 JavaThread "Thread-5" daemon [_thread_in_native, id=73475, stack(0x000070000d172000,0x000070000d1f2000)]
  0x00007f8cfa916000 JavaThread "Thread-4" daemon [_thread_blocked, id=70147, stack(0x000070000cfec000,0x000070000d0ec000)]
  0x00007f8cf726b800 JavaThread "JavaFX-Launcher" [_thread_blocked, id=69635, stack(0x000070000cee9000,0x000070000cfe9000)]
  0x00007f8cf99db800 JavaThread "Thread-2" [_thread_blocked, id=69123, stack(0x000070000cde6000,0x000070000cee6000)]
  0x00007f8cf904e000 JavaThread "QuantumRenderer-0" daemon [_thread_blocked, id=68119, stack(0x000070000cce3000,0x000070000cde3000)]
  0x00007f8cf7818800 JavaThread "Java2D Disposer" daemon [_thread_blocked, id=65283, stack(0x000070000cbe0000,0x000070000cce0000)]
  0x00007f8cf9989000 JavaThread "Java2D Queue Flusher" daemon [_thread_blocked, id=53295, stack(0x000070000cadd000,0x000070000cbdd000)]
  0x00007f8cf985f000 JavaThread "AWT-Shutdown" [_thread_blocked, id=33055, stack(0x000070000c7ce000,0x000070000c8ce000)]
=>0x00007f8cf71bf000 JavaThread "JavaFX Application Thread" daemon [_thread_in_native, id=775, stack(0x00007fff595e2000,0x00007fff59de2000)]
  0x00007f8cfb041800 JavaThread "DestroyJavaVM" [_thread_blocked, id=7171, stack(0x000070000b20c000,0x000070000b30c000)]
  0x00007f8cf7191000 JavaThread "Monitor Ctrl-Break" daemon [_thread_in_native, id=22275, stack(0x000070000c545000,0x000070000c645000)]
  0x00007f8cf8028800 JavaThread "Service Thread" daemon [_thread_blocked, id=21251, stack(0x000070000c33f000,0x000070000c43f000)]
  0x00007f8cfb003800 JavaThread "C1 CompilerThread3" daemon [_thread_blocked, id=20739, stack(0x000070000c23c000,0x000070000c33c000)]
  0x00007f8cfb002800 JavaThread "C2 CompilerThread2" daemon [_thread_blocked, id=20227, stack(0x000070000c139000,0x000070000c239000)]
  0x00007f8cfb002000 JavaThread "C2 CompilerThread1" daemon [_thread_blocked, id=19715, stack(0x000070000c036000,0x000070000c136000)]
  0x00007f8cfb000000 JavaThread "C2 CompilerThread0" daemon [_thread_blocked, id=19203, stack(0x000070000bf33000,0x000070000c033000)]
  0x00007f8cfa81f800 JavaThread "Signal Dispatcher" daemon [_thread_blocked, id=18691, stack(0x000070000be30000,0x000070000bf30000)]
  0x00007f8cf703b000 JavaThread "Finalizer" daemon [_thread_blocked, id=14595, stack(0x000070000bd2d000,0x000070000be2d000)]
  0x00007f8cf800e000 JavaThread "Reference Handler" daemon [_thread_blocked, id=14083, stack(0x000070000bc2a000,0x000070000bd2a000)]

Other Threads:
  0x00007f8cfa81b800 VMThread [stack: 0x000070000bb27000,0x000070000bc27000] [id=13571]
  0x00007f8cf8028000 WatcherThread [stack: 0x000070000c442000,0x000070000c542000] [id=21763]

VM state:not at safepoint (normal execution)

VM Mutex/Monitor currently owned by a thread: None

Heap:
 PSYoungGen      total 31744K, used 28264K [0x000000076ab00000, 0x000000076cb00000, 0x00000007c0000000)
  eden space 31232K, 89% used [0x000000076ab00000,0x000000076c672020,0x000000076c980000)
  from space 512K, 31% used [0x000000076ca00000,0x000000076ca28000,0x000000076ca80000)
  to   space 512K, 0% used [0x000000076ca80000,0x000000076ca80000,0x000000076cb00000)
 ParOldGen       total 175104K, used 89361K [0x00000006c0000000, 0x00000006cab00000, 0x000000076ab00000)
  object space 175104K, 51% used [0x00000006c0000000,0x00000006c5744518,0x00000006cab00000)
 Metaspace       used 18618K, capacity 19282K, committed 19328K, reserved 1067008K
  class space    used 2247K, capacity 2404K, committed 2432K, reserved 1048576K

Card table byte_map: [0x00000001082dc000,0x0000000108add000] byte_map_base: 0x0000000104cdc000

Marking Bits: (ParMarkBitMap*) 0x000000010789d390
 Begin Bits: [0x000000011bc26000, 0x000000011fc26000)
 End Bits:   [0x000000011fc26000, 0x0000000123c26000)

Polling page: 0x0000000105edc000

CodeCache: size=245760Kb used=9587Kb max_used=11617Kb free=236172Kb
 bounds [0x000000010cc26000, 0x000000010d796000, 0x000000011bc26000]
 total_blobs=3770 nmethods=2989 adapters=695
 compilation: enabled

Compilation events (10 events):
Event: 454.474 Thread 0x00007f8cfb003800 4043       3       com.sun.javafx.Logging::getInputLogger (18 bytes)
Event: 454.474 Thread 0x00007f8cfb003800 nmethod 4043 0x000000010d3f3b50 code [0x000000010d3f3cc0, 0x000000010d3f3ea8]
Event: 473.695 Thread 0x00007f8cfb003800 4044       1       com.sun.javafx.tk.quantum.QuantumToolkit::getContextMap (5 bytes)
Event: 473.695 Thread 0x00007f8cfb003800 nmethod 4044 0x000000010d0e8210 code [0x000000010d0e8360, 0x000000010d0e8470]
Event: 482.603 Thread 0x00007f8cfb003800 4045       3       javafx.beans.property.ReadOnlyObjectPropertyBase::fireValueChangedEvent (8 bytes)
Event: 482.604 Thread 0x00007f8cfb003800 nmethod 4045 0x000000010d63dcd0 code [0x000000010d63de40, 0x000000010d63e0e8]
Event: 486.140 Thread 0x00007f8cfb003800 4046       3       processing.core.PFont::getNative (14 bytes)
Event: 486.140 Thread 0x00007f8cfb003800 nmethod 4046 0x000000010d472750 code [0x000000010d4728c0, 0x000000010d472a70]
Event: 486.141 Thread 0x00007f8cfb003800 4047       3       javafx.scene.text.Font::<init> (7 bytes)
Event: 486.141 Thread 0x00007f8cfb003800 nmethod 4047 0x000000010d4c1210 code [0x000000010d4c1380, 0x000000010d4c1508]

GC Heap History (10 events):
Event: 477.634 GC heap before
{Heap before GC invocations=247 (full 0):
 PSYoungGen      total 31744K, used 31616K [0x000000076ab00000, 0x000000076cb00000, 0x00000007c0000000)
  eden space 31232K, 100% used [0x000000076ab00000,0x000000076c980000,0x000000076c980000)
  from space 512K, 75% used [0x000000076ca80000,0x000000076cae0000,0x000000076cb00000)
  to   space 512K, 0% used [0x000000076ca00000,0x000000076ca00000,0x000000076ca80000)
 ParOldGen       total 175104K, used 88871K [0x00000006c0000000, 0x00000006cab00000, 0x000000076ab00000)
  object space 175104K, 50% used [0x00000006c0000000,0x00000006c56c9ca0,0x00000006cab00000)
 Metaspace       used 18618K, capacity 19282K, committed 19328K, reserved 1067008K
  class space    used 2247K, capacity 2404K, committed 2432K, reserved 1048576K
Event: 477.636 GC heap after
Heap after GC invocations=247 (full 0):
 PSYoungGen      total 31744K, used 192K [0x000000076ab00000, 0x000000076cb00000, 0x00000007c0000000)
  eden space 31232K, 0% used [0x000000076ab00000,0x000000076ab00000,0x000000076c980000)
  from space 512K, 37% used [0x000000076ca00000,0x000000076ca30000,0x000000076ca80000)
  to   space 512K, 0% used [0x000000076ca80000,0x000000076ca80000,0x000000076cb00000)
 ParOldGen       total 175104K, used 89148K [0x00000006c0000000, 0x00000006cab00000, 0x000000076ab00000)
  object space 175104K, 50% used [0x00000006c0000000,0x00000006c570f100,0x00000006cab00000)
 Metaspace       used 18618K, capacity 19282K, committed 19328K, reserved 1067008K
  class space    used 2247K, capacity 2404K, committed 2432K, reserved 1048576K
}
Event: 479.534 GC heap before
{Heap before GC invocations=248 (full 0):
 PSYoungGen      total 31744K, used 31424K [0x000000076ab00000, 0x000000076cb00000, 0x00000007c0000000)
  eden space 31232K, 100% used [0x000000076ab00000,0x000000076c980000,0x000000076c980000)
  from space 512K, 37% used [0x000000076ca00000,0x000000076ca30000,0x000000076ca80000)
  to   space 512K, 0% used [0x000000076ca80000,0x000000076ca80000,0x000000076cb00000)
 ParOldGen       total 175104K, used 89150K [0x00000006c0000000, 0x00000006cab00000, 0x000000076ab00000)
  object space 175104K, 50% used [0x00000006c0000000,0x00000006c570f8f8,0x00000006cab00000)
 Metaspace       used 18618K, capacity 19282K, committed 19328K, reserved 1067008K
  class space    used 2247K, capacity 2404K, committed 2432K, reserved 1048576K
Event: 479.535 GC heap after
Heap after GC invocations=248 (full 0):
 PSYoungGen      total 31744K, used 256K [0x000000076ab00000, 0x000000076cb00000, 0x00000007c0000000)
  eden space 31232K, 0% used [0x000000076ab00000,0x000000076ab00000,0x000000076c980000)
  from space 512K, 50% used [0x000000076ca80000,0x000000076cac0000,0x000000076cb00000)
  to   space 512K, 0% used [0x000000076ca00000,0x000000076ca00000,0x000000076ca80000)
 ParOldGen       total 175104K, used 89158K [0x00000006c0000000, 0x00000006cab00000, 0x000000076ab00000)
  object space 175104K, 50% used [0x00000006c0000000,0x00000006c57118f8,0x00000006cab00000)
 Metaspace       used 18618K, capacity 19282K, committed 19328K, reserved 1067008K
  class space    used 2247K, capacity 2404K, committed 2432K, reserved 1048576K
}
Event: 481.373 GC heap before
{Heap before GC invocations=249 (full 0):
 PSYoungGen      total 31744K, used 31488K [0x000000076ab00000, 0x000000076cb00000, 0x00000007c0000000)
  eden space 31232K, 100% used [0x000000076ab00000,0x000000076c980000,0x000000076c980000)
  from space 512K, 50% used [0x000000076ca80000,0x000000076cac0000,0x000000076cb00000)
  to   space 512K, 0% used [0x000000076ca00000,0x000000076ca00000,0x000000076ca80000)
 ParOldGen       total 175104K, used 89158K [0x00000006c0000000, 0x00000006cab00000, 0x000000076ab00000)
  object space 175104K, 50% used [0x00000006c0000000,0x00000006c57118f8,0x00000006cab00000)
 Metaspace       used 18618K, capacity 19282K, committed 19328K, reserved 1067008K
  class space    used 2247K, capacity 2404K, committed 2432K, reserved 1048576K
Event: 481.374 GC heap after
Heap after GC invocations=249 (full 0):
 PSYoungGen      total 31744K, used 160K [0x000000076ab00000, 0x000000076cb00000, 0x00000007c0000000)
  eden space 31232K, 0% used [0x000000076ab00000,0x000000076ab00000,0x000000076c980000)
  from space 512K, 31% used [0x000000076ca00000,0x000000076ca28000,0x000000076ca80000)
  to   space 512K, 0% used [0x000000076ca80000,0x000000076ca80000,0x000000076cb00000)
 ParOldGen       total 175104K, used 89166K [0x00000006c0000000, 0x00000006cab00000, 0x000000076ab00000)
  object space 175104K, 50% used [0x00000006c0000000,0x00000006c57138f8,0x00000006cab00000)
 Metaspace       used 18618K, capacity 19282K, committed 19328K, reserved 1067008K
  class space    used 2247K, capacity 2404K, committed 2432K, reserved 1048576K
}
Event: 483.136 GC heap before
{Heap before GC invocations=250 (full 0):
 PSYoungGen      total 31744K, used 31392K [0x000000076ab00000, 0x000000076cb00000, 0x00000007c0000000)
  eden space 31232K, 100% used [0x000000076ab00000,0x000000076c980000,0x000000076c980000)
  from space 512K, 31% used [0x000000076ca00000,0x000000076ca28000,0x000000076ca80000)
  to   space 512K, 0% used [0x000000076ca80000,0x000000076ca80000,0x000000076cb00000)
 ParOldGen       total 175104K, used 89166K [0x00000006c0000000, 0x00000006cab00000, 0x000000076ab00000)
  object space 175104K, 50% used [0x00000006c0000000,0x00000006c57138f8,0x00000006cab00000)
 Metaspace       used 18618K, capacity 19282K, committed 19328K, reserved 1067008K
  class space    used 2247K, capacity 2404K, committed 2432K, reserved 1048576K
Event: 483.137 GC heap after
Heap after GC invocations=250 (full 0):
 PSYoungGen      total 31744K, used 384K [0x000000076ab00000, 0x000000076cb00000, 0x00000007c0000000)
  eden space 31232K, 0% used [0x000000076ab00000,0x000000076ab00000,0x000000076c980000)
  from space 512K, 75% used [0x000000076ca80000,0x000000076cae0000,0x000000076cb00000)
  to   space 512K, 0% used [0x000000076ca00000,0x000000076ca00000,0x000000076ca80000)
 ParOldGen       total 175104K, used 89174K [0x00000006c0000000, 0x00000006cab00000, 0x000000076ab00000)
  object space 175104K, 50% used [0x00000006c0000000,0x00000006c57158f8,0x00000006cab00000)
 Metaspace       used 18618K, capacity 19282K, committed 19328K, reserved 1067008K
  class space    used 2247K, capacity 2404K, committed 2432K, reserved 1048576K
}
Event: 485.102 GC heap before
{Heap before GC invocations=251 (full 0):
 PSYoungGen      total 31744K, used 31616K [0x000000076ab00000, 0x000000076cb00000, 0x00000007c0000000)
  eden space 31232K, 100% used [0x000000076ab00000,0x000000076c980000,0x000000076c980000)
  from space 512K, 75% used [0x000000076ca80000,0x000000076cae0000,0x000000076cb00000)
  to   space 512K, 0% used [0x000000076ca00000,0x000000076ca00000,0x000000076ca80000)
 ParOldGen       total 175104K, used 89174K [0x00000006c0000000, 0x00000006cab00000, 0x000000076ab00000)
  object space 175104K, 50% used [0x00000006c0000000,0x00000006c57158f8,0x00000006cab00000)
 Metaspace       used 18618K, capacity 19282K, committed 19328K, reserved 1067008K
  class space    used 2247K, capacity 2404K, committed 2432K, reserved 1048576K
Event: 485.103 GC heap after
Heap after GC invocations=251 (full 0):
 PSYoungGen      total 31744K, used 160K [0x000000076ab00000, 0x000000076cb00000, 0x00000007c0000000)
  eden space 31232K, 0% used [0x000000076ab00000,0x000000076ab00000,0x000000076c980000)
  from space 512K, 31% used [0x000000076ca00000,0x000000076ca28000,0x000000076ca80000)
  to   space 512K, 0% used [0x000000076ca80000,0x000000076ca80000,0x000000076cb00000)
 ParOldGen       total 175104K, used 89361K [0x00000006c0000000, 0x00000006cab00000, 0x000000076ab00000)
  object space 175104K, 51% used [0x00000006c0000000,0x00000006c5744518,0x00000006cab00000)
 Metaspace       used 18618K, capacity 19282K, committed 19328K, reserved 1067008K
  class space    used 2247K, capacity 2404K, committed 2432K, reserved 1048576K
}

Deoptimization events (10 events):
Event: 164.765 Thread 0x00007f8cf71bf000 Uncommon trap: reason=bimorphic action=maybe_recompile pc=0x000000010d33c37c method=jmc_lib.BinaryOperation.eval(D)D @ 5
Event: 164.765 Thread 0x00007f8cf71bf000 Uncommon trap: reason=bimorphic action=maybe_recompile pc=0x000000010d58f3b4 method=jmc_lib.BinaryOperation$RegisteredBinaryOperation.eval(DD)D @ 6
Event: 164.765 Thread 0x00007f8cf71bf000 Uncommon trap: reason=bimorphic action=maybe_recompile pc=0x000000010d33c37c method=jmc_lib.BinaryOperation.eval(D)D @ 5
Event: 164.765 Thread 0x00007f8cf71bf000 Uncommon trap: reason=bimorphic action=maybe_recompile pc=0x000000010d58f3b4 method=jmc_lib.BinaryOperation$RegisteredBinaryOperation.eval(DD)D @ 6
Event: 164.765 Thread 0x00007f8cf71bf000 Uncommon trap: reason=bimorphic action=maybe_recompile pc=0x000000010d33c37c method=jmc_lib.BinaryOperation.eval(D)D @ 5
Event: 164.765 Thread 0x00007f8cf71bf000 Uncommon trap: reason=bimorphic action=maybe_recompile pc=0x000000010d58f3b4 method=jmc_lib.BinaryOperation$RegisteredBinaryOperation.eval(DD)D @ 6
Event: 185.063 Thread 0x00007f8cf71bf000 Uncommon trap: reason=unloaded action=reinterpret pc=0x000000010d16efb8 method=jmc_lib.Graph.display()V @ 169
Event: 272.646 Thread 0x00007f8cf71bf000 Uncommon trap: reason=unloaded action=reinterpret pc=0x000000010d728ef0 method=jmc_lib.Graph.trace(D)V @ 1137
Event: 486.143 Thread 0x00007f8cf71bf000 Uncommon trap: reason=class_check action=maybe_recompile pc=0x000000010d77a6d0 method=com.sun.javafx.geom.transform.Identity.equals(Ljava/lang/Object;)Z @ 1
Event: 486.176 Thread 0x00007f8cf71bf000 Uncommon trap: reason=class_check action=maybe_recompile pc=0x000000010d77a6d0 method=com.sun.javafx.geom.transform.Identity.equals(Ljava/lang/Object;)Z @ 1

Internal exceptions (10 events):
Event: 3.028 Thread 0x00007f8cf71bf000 Exception <a 'java/security/PrivilegedActionException'> (0x000000076e1f30e8) thrown at [/HUDSON3/workspace/8-2-build-macosx-x86_64/jdk8u25/1514/hotspot/src/share/vm/prims/jvm.cpp, line 1312]
Event: 3.029 Thread 0x00007f8cf71bf000 Exception <a 'java/security/PrivilegedActionException'> (0x000000076e1fa3f8) thrown at [/HUDSON3/workspace/8-2-build-macosx-x86_64/jdk8u25/1514/hotspot/src/share/vm/prims/jvm.cpp, line 1312]
Event: 7.653 Thread 0x00007f8cf71bf000 Exception <a 'java/security/PrivilegedActionException'> (0x000000076b445a90) thrown at [/HUDSON3/workspace/8-2-build-macosx-x86_64/jdk8u25/1514/hotspot/src/share/vm/prims/jvm.cpp, line 1312]
Event: 58.610 Thread 0x00007f8cf71bf000 Implicit null exception at 0x000000010d1efcb4 to 0x000000010d1eff65
Event: 58.639 Thread 0x00007f8cf904e000 Implicit null exception at 0x000000010d42d3ae to 0x000000010d42e0ad
Event: 58.640 Thread 0x00007f8cf904e000 Implicit null exception at 0x000000010d59df3e to 0x000000010d59e629
Event: 58.645 Thread 0x00007f8cf904e000 Implicit null exception at 0x000000010d3c0d90 to 0x000000010d3c0dc5
Event: 58.645 Thread 0x00007f8cf904e000 Implicit null exception at 0x000000010d414ff7 to 0x000000010d4152cd
Event: 66.670 Thread 0x00007f8cf904e000 Implicit null exception at 0x000000010d30337e to 0x000000010d305231
Event: 154.415 Thread 0x00007f8cf71bf000 Exception <a 'java/security/PrivilegedActionException'> (0x000000076abfd280) thrown at [/HUDSON3/workspace/8-2-build-macosx-x86_64/jdk8u25/1514/hotspot/src/share/vm/prims/jvm.cpp, line 1312]

Events (10 events):
Event: 483.136 Executing VM operation: ParallelGCFailedAllocation
Event: 483.137 Executing VM operation: ParallelGCFailedAllocation done
Event: 485.102 Executing VM operation: ParallelGCFailedAllocation
Event: 485.103 Executing VM operation: ParallelGCFailedAllocation done
Event: 486.143 Thread 0x00007f8cf71bf000 Uncommon trap: trap_request=0xffffffde fr.pc=0x000000010d77a6d0
Event: 486.143 Thread 0x00007f8cf71bf000 DEOPT PACKING pc=0x000000010d77a6d0 sp=0x00007fff59ddaac0
Event: 486.143 Thread 0x00007f8cf71bf000 DEOPT UNPACKING pc=0x000000010cc2af69 sp=0x00007fff59ddaa88 mode 2
Event: 486.176 Thread 0x00007f8cf71bf000 Uncommon trap: trap_request=0xffffffde fr.pc=0x000000010d77a6d0
Event: 486.176 Thread 0x00007f8cf71bf000 DEOPT PACKING pc=0x000000010d77a6d0 sp=0x00007fff59dd9bb0
Event: 486.176 Thread 0x00007f8cf71bf000 DEOPT UNPACKING pc=0x000000010cc2af69 sp=0x00007fff59dd9b78 mode 2


Dynamic libraries:
0x0000000029658000 	/System/Library/Frameworks/Cocoa.framework/Versions/A/Cocoa
0x0000000029658000 	/System/Library/Frameworks/Security.framework/Versions/A/Security
0x0000000029658000 	/System/Library/Frameworks/ApplicationServices.framework/Versions/A/ApplicationServices
0x0000000029658000 	/usr/lib/libz.1.dylib
0x0000000029658000 	/usr/lib/libSystem.B.dylib
0x0000000029658000 	/usr/lib/libobjc.A.dylib
0x0000000029658000 	/System/Library/Frameworks/CoreFoundation.framework/Versions/A/CoreFoundation
0x0000000029658000 	/System/Library/Frameworks/Foundation.framework/Versions/C/Foundation
0x0000000029658000 	/System/Library/Frameworks/AppKit.framework/Versions/C/AppKit
0x0000000029658000 	/System/Library/Frameworks/CoreData.framework/Versions/A/CoreData
0x0000000029658000 	/System/Library/PrivateFrameworks/RemoteViewServices.framework/Versions/A/RemoteViewServices
0x0000000029658000 	/System/Library/PrivateFrameworks/UIFoundation.framework/Versions/A/UIFoundation
0x0000000029658000 	/System/Library/PrivateFrameworks/DFRFoundation.framework/Versions/A/DFRFoundation
0x0000000029658000 	/usr/lib/libenergytrace.dylib
0x0000000029658000 	/System/Library/PrivateFrameworks/SkyLight.framework/Versions/A/SkyLight
0x0000000029658000 	/System/Library/Frameworks/CoreGraphics.framework/Versions/A/CoreGraphics
0x0000000029658000 	/usr/lib/libScreenReader.dylib
0x0000000029658000 	/System/Library/Frameworks/Accelerate.framework/Versions/A/Accelerate
0x0000000029658000 	/System/Library/Frameworks/IOSurface.framework/Versions/A/IOSurface
0x0000000029658000 	/System/Library/Frameworks/AudioToolbox.framework/Versions/A/AudioToolbox
0x0000000029658000 	/System/Library/Frameworks/AudioUnit.framework/Versions/A/AudioUnit
0x0000000029658000 	/System/Library/PrivateFrameworks/DataDetectorsCore.framework/Versions/A/DataDetectorsCore
0x0000000029658000 	/System/Library/PrivateFrameworks/DesktopServicesPriv.framework/Versions/A/DesktopServicesPriv
0x0000000029658000 	/System/Library/Frameworks/Carbon.framework/Versions/A/Frameworks/HIToolbox.framework/Versions/A/HIToolbox
0x0000000029658000 	/usr/lib/libicucore.A.dylib
0x0000000029658000 	/System/Library/Frameworks/QuartzCore.framework/Versions/A/QuartzCore
0x0000000029658000 	/System/Library/Frameworks/Carbon.framework/Versions/A/Frameworks/SpeechRecognition.framework/Versions/A/SpeechRecognition
0x0000000029658000 	/usr/lib/libauto.dylib
0x0000000029658000 	/usr/lib/libxml2.2.dylib
0x0000000029658000 	/System/Library/PrivateFrameworks/CoreUI.framework/Versions/A/CoreUI
0x0000000029658000 	/System/Library/Frameworks/CoreAudio.framework/Versions/A/CoreAudio
0x0000000029658000 	/System/Library/Frameworks/DiskArbitration.framework/Versions/A/DiskArbitration
0x0000000029658000 	/usr/lib/liblangid.dylib
0x0000000029658000 	/System/Library/PrivateFrameworks/MultitouchSupport.framework/Versions/A/MultitouchSupport
0x0000000029658000 	/System/Library/Frameworks/IOKit.framework/Versions/A/IOKit
0x0000000029658000 	/usr/lib/libDiagnosticMessagesClient.dylib
0x0000000029658000 	/System/Library/Frameworks/CoreServices.framework/Versions/A/CoreServices
0x0000000029658000 	/System/Library/PrivateFrameworks/PerformanceAnalysis.framework/Versions/A/PerformanceAnalysis
0x0000000029658000 	/System/Library/PrivateFrameworks/GenerationalStorage.framework/Versions/A/GenerationalStorage
0x0000000029658000 	/System/Library/Frameworks/OpenGL.framework/Versions/A/OpenGL
0x0000000029658000 	/System/Library/Frameworks/CoreImage.framework/Versions/A/CoreImage
0x0000000029658000 	/System/Library/Frameworks/CoreText.framework/Versions/A/CoreText
0x0000000029658000 	/System/Library/Frameworks/ImageIO.framework/Versions/A/ImageIO
0x0000000029658000 	/System/Library/PrivateFrameworks/Backup.framework/Versions/A/Backup
0x0000000029658000 	/usr/lib/libarchive.2.dylib
0x0000000029658000 	/System/Library/Frameworks/CFNetwork.framework/Versions/A/CFNetwork
0x0000000029658000 	/System/Library/Frameworks/SystemConfiguration.framework/Versions/A/SystemConfiguration
0x0000000029658000 	/usr/lib/libCRFSuite.dylib
0x0000000029658000 	/usr/lib/libc++.1.dylib
0x0000000029658000 	/usr/lib/libc++abi.dylib
0x0000000029658000 	/usr/lib/system/libcache.dylib
0x0000000029658000 	/usr/lib/system/libcommonCrypto.dylib
0x0000000029658000 	/usr/lib/system/libcompiler_rt.dylib
0x0000000029658000 	/usr/lib/system/libcopyfile.dylib
0x0000000029658000 	/usr/lib/system/libcorecrypto.dylib
0x0000000029658000 	/usr/lib/system/libdispatch.dylib
0x0000000029658000 	/usr/lib/system/libdyld.dylib
0x0000000029658000 	/usr/lib/system/libkeymgr.dylib
0x0000000029658000 	/usr/lib/system/liblaunch.dylib
0x0000000029658000 	/usr/lib/system/libmacho.dylib
0x0000000029658000 	/usr/lib/system/libquarantine.dylib
0x0000000029658000 	/usr/lib/system/libremovefile.dylib
0x0000000029658000 	/usr/lib/system/libsystem_asl.dylib
0x0000000029658000 	/usr/lib/system/libsystem_blocks.dylib
0x0000000029658000 	/usr/lib/system/libsystem_c.dylib
0x0000000029658000 	/usr/lib/system/libsystem_configuration.dylib
0x0000000029658000 	/usr/lib/system/libsystem_coreservices.dylib
0x0000000029658000 	/usr/lib/system/libsystem_coretls.dylib
0x0000000029658000 	/usr/lib/system/libsystem_dnssd.dylib
0x0000000029658000 	/usr/lib/system/libsystem_info.dylib
0x0000000029658000 	/usr/lib/system/libsystem_kernel.dylib
0x0000000029658000 	/usr/lib/system/libsystem_m.dylib
0x0000000029658000 	/usr/lib/system/libsystem_malloc.dylib
0x0000000029658000 	/usr/lib/system/libsystem_network.dylib
0x0000000029658000 	/usr/lib/system/libsystem_networkextension.dylib
0x0000000029658000 	/usr/lib/system/libsystem_notify.dylib
0x0000000029658000 	/usr/lib/system/libsystem_platform.dylib
0x0000000029658000 	/usr/lib/system/libsystem_pthread.dylib
0x0000000029658000 	/usr/lib/system/libsystem_sandbox.dylib
0x0000000029658000 	/usr/lib/system/libsystem_secinit.dylib
0x0000000029658000 	/usr/lib/system/libsystem_symptoms.dylib
0x0000000029658000 	/usr/lib/system/libsystem_trace.dylib
0x0000000029658000 	/usr/lib/system/libunwind.dylib
0x0000000029658000 	/usr/lib/system/libxpc.dylib
0x0000000029658000 	/usr/lib/libbsm.0.dylib
0x0000000029658000 	/usr/lib/system/libkxld.dylib
0x0000000029658000 	/usr/lib/libcoretls.dylib
0x0000000029658000 	/usr/lib/libcoretls_cfhelpers.dylib
0x0000000029658000 	/usr/lib/libOpenScriptingUtil.dylib
0x0000000029658000 	/usr/lib/libpam.2.dylib
0x0000000029658000 	/usr/lib/libsqlite3.dylib
0x0000000029658000 	/usr/lib/libxar.1.dylib
0x0000000029658000 	/usr/lib/libbz2.1.0.dylib
0x0000000029658000 	/usr/lib/liblzma.5.dylib
0x0000000029658000 	/usr/lib/libnetwork.dylib
0x0000000029658000 	/usr/lib/libpcap.A.dylib
0x0000000029658000 	/System/Library/Frameworks/CoreServices.framework/Versions/A/Frameworks/FSEvents.framework/Versions/A/FSEvents
0x0000000029658000 	/System/Library/Frameworks/CoreServices.framework/Versions/A/Frameworks/CarbonCore.framework/Versions/A/CarbonCore
0x0000000029658000 	/System/Library/Frameworks/CoreServices.framework/Versions/A/Frameworks/Metadata.framework/Versions/A/Metadata
0x0000000029658000 	/System/Library/Frameworks/CoreServices.framework/Versions/A/Frameworks/OSServices.framework/Versions/A/OSServices
0x0000000029658000 	/System/Library/Frameworks/CoreServices.framework/Versions/A/Frameworks/SearchKit.framework/Versions/A/SearchKit
0x0000000029658000 	/System/Library/Frameworks/CoreServices.framework/Versions/A/Frameworks/AE.framework/Versions/A/AE
0x0000000029658000 	/System/Library/Frameworks/CoreServices.framework/Versions/A/Frameworks/LaunchServices.framework/Versions/A/LaunchServices
0x0000000029658000 	/System/Library/Frameworks/CoreServices.framework/Versions/A/Frameworks/DictionaryServices.framework/Versions/A/DictionaryServices
0x0000000029658000 	/System/Library/Frameworks/CoreServices.framework/Versions/A/Frameworks/SharedFileList.framework/Versions/A/SharedFileList
0x0000000029658000 	/System/Library/Frameworks/NetFS.framework/Versions/A/NetFS
0x0000000029658000 	/System/Library/PrivateFrameworks/NetAuth.framework/Versions/A/NetAuth
0x0000000029658000 	/System/Library/PrivateFrameworks/login.framework/Versions/A/Frameworks/loginsupport.framework/Versions/A/loginsupport
0x0000000029658000 	/System/Library/PrivateFrameworks/TCC.framework/Versions/A/TCC
0x0000000029658000 	/usr/lib/libmecabra.dylib
0x0000000029658000 	/System/Library/Frameworks/ApplicationServices.framework/Versions/A/Frameworks/ATS.framework/Versions/A/ATS
0x0000000029658000 	/System/Library/Frameworks/ApplicationServices.framework/Versions/A/Frameworks/ColorSync.framework/Versions/A/ColorSync
0x0000000029658000 	/System/Library/Frameworks/ApplicationServices.framework/Versions/A/Frameworks/HIServices.framework/Versions/A/HIServices
0x0000000029658000 	/System/Library/Frameworks/ApplicationServices.framework/Versions/A/Frameworks/LangAnalysis.framework/Versions/A/LangAnalysis
0x0000000029658000 	/System/Library/Frameworks/ApplicationServices.framework/Versions/A/Frameworks/PrintCore.framework/Versions/A/PrintCore
0x0000000029658000 	/System/Library/Frameworks/ApplicationServices.framework/Versions/A/Frameworks/QD.framework/Versions/A/QD
0x0000000029658000 	/System/Library/Frameworks/ApplicationServices.framework/Versions/A/Frameworks/SpeechSynthesis.framework/Versions/A/SpeechSynthesis
0x0000000029658000 	/System/Library/Frameworks/Accelerate.framework/Versions/A/Frameworks/vImage.framework/Versions/A/vImage
0x0000000029658000 	/System/Library/Frameworks/Accelerate.framework/Versions/A/Frameworks/vecLib.framework/Versions/A/vecLib
0x0000000029658000 	/System/Library/Frameworks/Accelerate.framework/Versions/A/Frameworks/vecLib.framework/Versions/A/libvDSP.dylib
0x0000000029658000 	/System/Library/Frameworks/Accelerate.framework/Versions/A/Frameworks/vecLib.framework/Versions/A/libBNNS.dylib
0x0000000029658000 	/System/Library/Frameworks/Accelerate.framework/Versions/A/Frameworks/vecLib.framework/Versions/A/libQuadrature.dylib
0x0000000029658000 	/System/Library/Frameworks/Accelerate.framework/Versions/A/Frameworks/vecLib.framework/Versions/A/libvMisc.dylib
0x0000000029658000 	/System/Library/Frameworks/Accelerate.framework/Versions/A/Frameworks/vecLib.framework/Versions/A/libLAPACK.dylib
0x0000000029658000 	/System/Library/Frameworks/Accelerate.framework/Versions/A/Frameworks/vecLib.framework/Versions/A/libBLAS.dylib
0x0000000029658000 	/System/Library/Frameworks/Accelerate.framework/Versions/A/Frameworks/vecLib.framework/Versions/A/libLinearAlgebra.dylib
0x0000000029658000 	/System/Library/Frameworks/Accelerate.framework/Versions/A/Frameworks/vecLib.framework/Versions/A/libSparseBLAS.dylib
0x0000000029658000 	/System/Library/Frameworks/ApplicationServices.framework/Versions/A/Frameworks/ATS.framework/Versions/A/Resources/libFontParser.dylib
0x0000000029658000 	/System/Library/Frameworks/ApplicationServices.framework/Versions/A/Frameworks/ATS.framework/Versions/A/Resources/libFontRegistry.dylib
0x0000000029658000 	/System/Library/Frameworks/ImageIO.framework/Versions/A/Resources/libJPEG.dylib
0x0000000029658000 	/System/Library/Frameworks/ImageIO.framework/Versions/A/Resources/libTIFF.dylib
0x0000000029658000 	/System/Library/Frameworks/ImageIO.framework/Versions/A/Resources/libPng.dylib
0x0000000029658000 	/System/Library/Frameworks/ImageIO.framework/Versions/A/Resources/libGIF.dylib
0x0000000029658000 	/System/Library/Frameworks/ImageIO.framework/Versions/A/Resources/libJP2.dylib
0x0000000029658000 	/System/Library/Frameworks/ImageIO.framework/Versions/A/Resources/libRadiance.dylib
0x0000000029658000 	/usr/lib/libcompression.dylib
0x0000000029658000 	/System/Library/PrivateFrameworks/AppleJPEG.framework/Versions/A/AppleJPEG
0x0000000029658000 	/usr/lib/libcups.2.dylib
0x0000000029658000 	/System/Library/Frameworks/Kerberos.framework/Versions/A/Kerberos
0x0000000029658000 	/System/Library/Frameworks/GSS.framework/Versions/A/GSS
0x0000000029658000 	/usr/lib/libresolv.9.dylib
0x0000000029658000 	/usr/lib/libiconv.2.dylib
0x0000000029658000 	/System/Library/PrivateFrameworks/Heimdal.framework/Versions/A/Heimdal
0x0000000029658000 	/usr/lib/libheimdal-asn1.dylib
0x0000000029658000 	/System/Library/Frameworks/OpenDirectory.framework/Versions/A/OpenDirectory
0x0000000029658000 	/System/Library/PrivateFrameworks/CommonAuth.framework/Versions/A/CommonAuth
0x0000000029658000 	/System/Library/Frameworks/OpenDirectory.framework/Versions/A/Frameworks/CFOpenDirectory.framework/Versions/A/CFOpenDirectory
0x0000000029658000 	/System/Library/Frameworks/SecurityFoundation.framework/Versions/A/SecurityFoundation
0x0000000029658000 	/System/Library/PrivateFrameworks/LanguageModeling.framework/Versions/A/LanguageModeling
0x0000000029658000 	/usr/lib/libmarisa.dylib
0x0000000029658000 	/usr/lib/libChineseTokenizer.dylib
0x0000000029658000 	/usr/lib/libcmph.dylib
0x0000000029658000 	/System/Library/PrivateFrameworks/CoreEmoji.framework/Versions/A/CoreEmoji
0x0000000029658000 	/System/Library/Frameworks/ServiceManagement.framework/Versions/A/ServiceManagement
0x0000000029658000 	/usr/lib/libxslt.1.dylib
0x0000000029658000 	/System/Library/Frameworks/Carbon.framework/Versions/A/Frameworks/Ink.framework/Versions/A/Ink
0x0000000029658000 	/System/Library/PrivateFrameworks/TextureIO.framework/Versions/A/TextureIO
0x0000000029658000 	/System/Library/Frameworks/Metal.framework/Versions/A/Metal
0x0000000029658000 	/usr/lib/libate.dylib
0x0000000029658000 	/System/Library/PrivateFrameworks/GPUCompiler.framework/libmetal_timestamp.dylib
0x0000000029658000 	/System/Library/Frameworks/OpenGL.framework/Versions/A/Libraries/libCoreFSCache.dylib
0x0000000029658000 	/System/Library/PrivateFrameworks/IOAccelerator.framework/Versions/A/IOAccelerator
0x0000000029658000 	/System/Library/Frameworks/CoreVideo.framework/Versions/A/CoreVideo
0x0000000029658000 	/usr/lib/libFosl_dynamic.dylib
0x0000000029658000 	/System/Library/PrivateFrameworks/MetalPerformanceShaders.framework/Versions/A/MetalPerformanceShaders
0x0000000029658000 	/System/Library/PrivateFrameworks/FaceCore.framework/Versions/A/FaceCore
0x0000000029658000 	/System/Library/Frameworks/OpenCL.framework/Versions/A/OpenCL
0x0000000029658000 	/System/Library/Frameworks/OpenGL.framework/Versions/A/Libraries/libGLU.dylib
0x0000000029658000 	/System/Library/Frameworks/OpenGL.framework/Versions/A/Libraries/libGFXShared.dylib
0x0000000029658000 	/System/Library/Frameworks/OpenGL.framework/Versions/A/Libraries/libGL.dylib
0x0000000029658000 	/System/Library/Frameworks/OpenGL.framework/Versions/A/Libraries/libGLImage.dylib
0x0000000029658000 	/System/Library/Frameworks/OpenGL.framework/Versions/A/Libraries/libCVMSPluginSupport.dylib
0x0000000029658000 	/System/Library/Frameworks/OpenGL.framework/Versions/A/Libraries/libCoreVMClient.dylib
0x0000000029658000 	/System/Library/PrivateFrameworks/CrashReporterSupport.framework/Versions/A/CrashReporterSupport
0x0000000029658000 	/System/Library/PrivateFrameworks/Sharing.framework/Versions/A/Sharing
0x0000000029658000 	/System/Library/PrivateFrameworks/IconServices.framework/Versions/A/IconServices
0x0000000029658000 	/System/Library/PrivateFrameworks/ProtocolBuffer.framework/Versions/A/ProtocolBuffer
0x0000000029658000 	/System/Library/PrivateFrameworks/Apple80211.framework/Versions/A/Apple80211
0x0000000029658000 	/System/Library/Frameworks/CoreWLAN.framework/Versions/A/CoreWLAN
0x0000000029658000 	/System/Library/PrivateFrameworks/CoreUtils.framework/Versions/A/CoreUtils
0x0000000029658000 	/System/Library/Frameworks/IOBluetooth.framework/Versions/A/IOBluetooth
0x0000000029658000 	/System/Library/PrivateFrameworks/CoreWiFi.framework/Versions/A/CoreWiFi
0x0000000029658000 	/System/Library/Frameworks/CoreBluetooth.framework/Versions/A/CoreBluetooth
0x0000000029658000 	/System/Library/Frameworks/CoreDisplay.framework/Versions/A/CoreDisplay
0x0000000029658000 	/System/Library/PrivateFrameworks/IOPresentment.framework/Versions/A/IOPresentment
0x0000000029658000 	/System/Library/PrivateFrameworks/DSExternalDisplay.framework/Versions/A/DSExternalDisplay
0x0000000029658000 	/System/Library/PrivateFrameworks/DebugSymbols.framework/Versions/A/DebugSymbols
0x0000000029658000 	/System/Library/PrivateFrameworks/CoreSymbolication.framework/Versions/A/CoreSymbolication
0x0000000029658000 	/System/Library/PrivateFrameworks/Symbolication.framework/Versions/A/Symbolication
0x0000000029658000 	/System/Library/PrivateFrameworks/AppleFSCompression.framework/Versions/A/AppleFSCompression
0x0000000029658000 	/System/Library/PrivateFrameworks/SpeechRecognitionCore.framework/Versions/A/SpeechRecognitionCore
0x0000000029658000 	/System/Library/PrivateFrameworks/ChunkingLibrary.framework/Versions/A/ChunkingLibrary
0x0000000107000000 	/Library/Java/JavaVirtualMachines/jdk1.8.0_25.jdk/Contents/Home/jre/lib/server/libjvm.dylib
0x0000000029658000 	/usr/lib/libstdc++.6.dylib
0x0000000105e9a000 	/Library/Java/JavaVirtualMachines/jdk1.8.0_25.jdk/Contents/Home/jre/lib/libverify.dylib
0x0000000105ea8000 	/Library/Java/JavaVirtualMachines/jdk1.8.0_25.jdk/Contents/Home/jre/lib/libjava.dylib
0x0000000105ee6000 	/Library/Java/JavaVirtualMachines/jdk1.8.0_25.jdk/Contents/Home/jre/lib/libzip.dylib
0x0000000105fe3000 	/System/Library/Frameworks/JavaVM.framework/Frameworks/JavaRuntimeSupport.framework/JavaRuntimeSupport
0x000000010bedb000 	/System/Library/Frameworks/JavaVM.framework/Versions/A/Frameworks/JavaNativeFoundation.framework/Versions/A/JavaNativeFoundation
0x000000010bef0000 	/System/Library/Frameworks/JavaVM.framework/Versions/A/JavaVM
0x0000000029658000 	/System/Library/Frameworks/Carbon.framework/Versions/A/Carbon
0x000000010befd000 	/System/Library/PrivateFrameworks/JavaLaunching.framework/Versions/A/JavaLaunching
0x0000000029658000 	/System/Library/Frameworks/Carbon.framework/Versions/A/Frameworks/CommonPanels.framework/Versions/A/CommonPanels
0x0000000029658000 	/System/Library/Frameworks/Carbon.framework/Versions/A/Frameworks/Help.framework/Versions/A/Help
0x0000000029658000 	/System/Library/Frameworks/Carbon.framework/Versions/A/Frameworks/ImageCapture.framework/Versions/A/ImageCapture
0x0000000029658000 	/System/Library/Frameworks/Carbon.framework/Versions/A/Frameworks/OpenScripting.framework/Versions/A/OpenScripting
0x0000000029658000 	/System/Library/Frameworks/Carbon.framework/Versions/A/Frameworks/Print.framework/Versions/A/Print
0x0000000029658000 	/System/Library/Frameworks/Carbon.framework/Versions/A/Frameworks/SecurityHI.framework/Versions/A/SecurityHI
0x000000010c150000 	/Applications/IntelliJ IDEA.app/Contents/bin/libbreakgen64.jnilib
0x000000010c153000 	/Library/Java/JavaVirtualMachines/jdk1.8.0_25.jdk/Contents/Home/jre/lib/libnet.dylib
0x000000010c1d6000 	/Library/Java/JavaVirtualMachines/jdk1.8.0_25.jdk/Contents/Home/jre/lib/libawt.dylib
0x000000010c285000 	/Library/Java/JavaVirtualMachines/jdk1.8.0_25.jdk/Contents/Home/jre/lib/./libmlib_image.dylib
0x000000010c351000 	/Library/Java/JavaVirtualMachines/jdk1.8.0_25.jdk/Contents/Home/jre/lib/libawt_lwawt.dylib
0x000000010c404000 	/Library/Java/JavaVirtualMachines/jdk1.8.0_25.jdk/Contents/Home/jre/lib/./libosxapp.dylib
0x0000000029658000 	/System/Library/Frameworks/ExceptionHandling.framework/Versions/A/ExceptionHandling
0x0000000029658000 	/System/Library/PrivateFrameworks/CoreServicesInternal.framework/Versions/A/CoreServicesInternal
0x0000000029658000 	/System/Library/CoreServices/RawCamera.bundle/Contents/MacOS/RawCamera
0x0000000029658000 	/System/Library/Frameworks/Accelerate.framework/Versions/A/Frameworks/vImage.framework/Versions/A/Libraries/libCGInterfaces.dylib
0x0000000029658000 	/System/Library/Frameworks/ApplicationServices.framework/Versions/A/Frameworks/ATS.framework/Versions/A/Resources/libTrueTypeScaler.dylib
0x0000000126e0b000 	/System/Library/Frameworks/OpenGL.framework/Resources/GLEngine.bundle/GLEngine
0x0000000029658000 	/System/Library/Frameworks/OpenGL.framework/Versions/A/Libraries/libGLProgrammability.dylib
0x0000000126ff0000 	/System/Library/Extensions/AppleIntelHD5000GraphicsGLDriver.bundle/Contents/MacOS/AppleIntelHD5000GraphicsGLDriver
0x0000000029658000 	/System/Library/PrivateFrameworks/GPUSupport.framework/Versions/A/Libraries/libGPUSupportMercury.dylib
0x0000000029658000 	/System/Library/Extensions/GeForceGLDriver.bundle/Contents/MacOS/GeForceGLDriver
0x0000000029658000 	/System/Library/Extensions/GeForceGLDriver.bundle/Contents/MacOS/libclh.dylib
0x0000000127764000 	/System/Library/Frameworks/OpenGL.framework/Resources//GLRendererFloat.bundle/GLRendererFloat
0x0000000029658000 	/System/Library/Frameworks/OpenCL.framework/Versions/A/Libraries/libcldcpuengine.dylib
0x0000000029658000 	/usr/lib/libcrypto.0.9.8.dylib
0x0000000029658000 	/System/Library/PrivateFrameworks/TrustEvaluationAgent.framework/Versions/A/TrustEvaluationAgent
0x0000000029658000 	/System/Library/Extensions/GeForceMTLDriver.bundle/Contents/MacOS/GeForceMTLDriver
0x00000001277b5000 	/System/Library/Extensions/AppleIntelHD5000GraphicsMTLDriver.bundle/Contents/MacOS/AppleIntelHD5000GraphicsMTLDriver
0x0000000029658000 	/System/Library/PrivateFrameworks/FamilyControls.framework/Versions/A/FamilyControls
0x0000000029658000 	/System/Library/PrivateFrameworks/CommerceKit.framework/Versions/A/Frameworks/CommerceCore.framework/Versions/A/CommerceCore
0x0000000029658000 	/System/Library/PrivateFrameworks/SystemAdministration.framework/Versions/A/SystemAdministration
0x0000000029658000 	/System/Library/PrivateFrameworks/AppContainer.framework/Versions/A/AppContainer
0x0000000029658000 	/System/Library/PrivateFrameworks/SecCodeWrapper.framework/Versions/A/SecCodeWrapper
0x0000000029658000 	/System/Library/Frameworks/DirectoryService.framework/Versions/A/DirectoryService
0x0000000029658000 	/System/Library/PrivateFrameworks/DiskImages.framework/Versions/A/DiskImages
0x0000000029658000 	/System/Library/PrivateFrameworks/LoginUIKit.framework/Versions/A/Frameworks/LoginUICore.framework/Versions/A/LoginUICore
0x0000000029658000 	/usr/lib/libCoreStorage.dylib
0x0000000029658000 	/usr/lib/libcsfde.dylib
0x0000000029658000 	/usr/lib/libodfde.dylib
0x0000000029658000 	/System/Library/Frameworks/DiscRecording.framework/Versions/A/DiscRecording
0x0000000029658000 	/usr/lib/libcurl.4.dylib
0x0000000029658000 	/System/Library/PrivateFrameworks/MediaKit.framework/Versions/A/MediaKit
0x0000000029658000 	/System/Library/PrivateFrameworks/ProtectedCloudStorage.framework/Versions/A/ProtectedCloudStorage
0x0000000029658000 	/System/Library/PrivateFrameworks/EFILogin.framework/Versions/A/EFILogin
0x0000000029658000 	/usr/lib/libutil.dylib
0x0000000029658000 	/System/Library/Frameworks/LDAP.framework/Versions/A/LDAP
0x0000000029658000 	/usr/lib/libsasl2.2.dylib
0x0000000029658000 	/System/Library/PrivateFrameworks/CoreDaemon.framework/Versions/B/CoreDaemon
0x0000000029658000 	/System/Library/PrivateFrameworks/AppleSRP.framework/Versions/A/AppleSRP
0x0000000029658000 	/System/Library/PrivateFrameworks/APFS.framework/Versions/A/APFS
0x0000000128be0000 	/Library/Java/JavaVirtualMachines/jdk1.8.0_25.jdk/Contents/Home/jre/lib/libfontmanager.dylib
0x0000000029658000 	/System/Library/PrivateFrameworks/ViewBridge.framework/Versions/A/ViewBridge
0x0000000029658000 	/System/Library/PrivateFrameworks/XPCService.framework/Versions/A/XPCService
0x0000000029658000 	/System/Library/PrivateFrameworks/AppSandbox.framework/Versions/A/AppSandbox
0x0000000029658000 	/usr/lib/libsandbox.1.dylib
0x0000000029658000 	/usr/lib/libMatch.1.dylib
0x0000000129b1b000 	/Library/Java/JavaVirtualMachines/jdk1.8.0_25.jdk/Contents/Home/jre/lib/libprism_es2.dylib
0x0000000129f71000 	/Library/Java/JavaVirtualMachines/jdk1.8.0_25.jdk/Contents/Home/jre/lib/libglass.dylib
0x000000012b760000 	/Library/Java/JavaVirtualMachines/jdk1.8.0_25.jdk/Contents/Home/jre/lib/libjavafx_font.dylib
0x000000012daef000 	/Library/Java/JavaVirtualMachines/jdk1.8.0_25.jdk/Contents/Home/jre/lib/libnio.dylib
0x000000012e063000 	/Library/Java/JavaVirtualMachines/jdk1.8.0_25.jdk/Contents/Home/jre/lib/libdcpr.dylib
0x000000012e091000 	/Library/Java/JavaVirtualMachines/jdk1.8.0_25.jdk/Contents/Home/jre/lib/libt2k.dylib
0x000000010c1c9000 	/Library/Java/JavaVirtualMachines/jdk1.8.0_25.jdk/Contents/Home/jre/lib/libAppleScriptEngine.dylib
0x0000000126c2c000 	/System/Library/Components/AppleScript.component/Contents/MacOS/AppleScript
0x00000001292d9000 	/System/Library/PrivateFrameworks/AppleScript.framework/Versions/A/AppleScript
0x0000000029658000 	/System/Library/Frameworks/AppleScriptObjC.framework/Versions/A/AppleScriptObjC
0x0000000029658000 	/usr/lib/libffi.dylib
0x0000000128e1f000 	/Library/Java/JavaVirtualMachines/jdk1.8.0_25.jdk/Contents/Home/jre/lib/libprism_common.dylib

VM Arguments:
jvm_args: -Didea.launcher.port=7532 -Didea.launcher.bin.path=/Applications/IntelliJ IDEA.app/Contents/bin -Dfile.encoding=UTF-8 
java_command: com.intellij.rt.execution.application.AppMain JGrapher
java_class_path (initial): /Library/Java/JavaVirtualMachines/jdk1.8.0_25.jdk/Contents/Home/jre/lib/charsets.jar:/Library/Java/JavaVirtualMachines/jdk1.8.0_25.jdk/Contents/Home/jre/lib/deploy.jar:/Library/Java/JavaVirtualMachines/jdk1.8.0_25.jdk/Contents/Home/jre/lib/ext/cldrdata.jar:/Library/Java/JavaVirtualMachines/jdk1.8.0_25.jdk/Contents/Home/jre/lib/ext/dnsns.jar:/Library/Java/JavaVirtualMachines/jdk1.8.0_25.jdk/Contents/Home/jre/lib/ext/jfxrt.jar:/Library/Java/JavaVirtualMachines/jdk1.8.0_25.jdk/Contents/Home/jre/lib/ext/localedata.jar:/Library/Java/JavaVirtualMachines/jdk1.8.0_25.jdk/Contents/Home/jre/lib/ext/nashorn.jar:/Library/Java/JavaVirtualMachines/jdk1.8.0_25.jdk/Contents/Home/jre/lib/ext/sunec.jar:/Library/Java/JavaVirtualMachines/jdk1.8.0_25.jdk/Contents/Home/jre/lib/ext/sunjce_provider.jar:/Library/Java/JavaVirtualMachines/jdk1.8.0_25.jdk/Contents/Home/jre/lib/ext/sunpkcs11.jar:/Library/Java/JavaVirtualMachines/jdk1.8.0_25.jdk/Contents/Home/jre/lib/ext/zipfs.jar:/Library/Java/JavaVirtualMachines/jdk1.8.0_25.jdk/Contents/Home/jre/lib/javaws.jar:/Library/Java/JavaVirtualMachines/jdk1.8.0_25.jdk/Contents/Home/jre/lib/jce.jar:/Library/Java/JavaVirtualMachines/jdk1.8.0_25.jdk/Contents/Home/jre/lib/jfr.jar:/Library/Java/JavaVirtualMachines/jdk1.8.0_25.jdk/Contents/Home/jre/lib/jfxswt.jar:/Library/Java/JavaVirtualMachines/jdk1.8.0_25.jdk/Contents/Home/jre/lib/jsse.jar:/Library/Java/JavaVirtualMachines/jdk1.8.0_25.jdk/Contents/Home/jre/lib/management-agent.jar:/Library/Java/JavaVirtualMachines/jdk1.8.0_25.jdk/Contents/Home/jre/lib/plugin.jar:/Library/Java/JavaVirtualMachines/jdk1.8.0_25.jdk/Contents/Home/jre/lib/resources.jar:/Library/Java/JavaVirtualMachines/jdk1.8.0_25.jdk/Contents/Home/jre/lib/rt.jar:/Library/Java/JavaVirtualMachines/jdk1.8.0_25.jdk/Contents/Home/lib/ant-javafx.jar:/Library/Java/JavaVirtualMachines/jdk1.8.0_25.jdk/Contents/Home/lib/dt.jar:/Library/Java/JavaVirtualMachines/jdk1.8.0_25.jdk/Contents/Home/lib/javafx-mx.jar:/Library/Java/Jav
Launcher Type: SUN_STANDARD

Environment Variables:
PATH=/usr/local/bin:/usr/bin:/bin:/usr/sbin:/sbin:/opt/X11/bin
SHELL=/bin/bash

Signal Handlers:
SIGSEGV: [libjvm.dylib+0x579dc7], sa_mask[0]=11111111011111110111111111111111, sa_flags=SA_ONSTACK|SA_RESTART|SA_SIGINFO
SIGBUS: [libjvm.dylib+0x579dc7], sa_mask[0]=11111111011111110111111111111111, sa_flags=SA_RESTART|SA_SIGINFO
SIGFPE: [libjvm.dylib+0x45b030], sa_mask[0]=11111111011111110111111111111111, sa_flags=SA_RESTART|SA_SIGINFO
SIGPIPE: [libjvm.dylib+0x45b030], sa_mask[0]=11111111011111110111111111111111, sa_flags=SA_RESTART|SA_SIGINFO
SIGXFSZ: [libjvm.dylib+0x45b030], sa_mask[0]=11111111011111110111111111111111, sa_flags=SA_RESTART|SA_SIGINFO
SIGILL: [libjvm.dylib+0x45b030], sa_mask[0]=11111111011111110111111111111111, sa_flags=SA_RESTART|SA_SIGINFO
SIGUSR1: SIG_DFL, sa_mask[0]=00000000000000000000000000000000, sa_flags=none
SIGUSR2: [libjvm.dylib+0x45ab4e], sa_mask[0]=00100000000000000000000000000000, sa_flags=SA_RESTART|SA_SIGINFO
SIGHUP: [libjvm.dylib+0x459121], sa_mask[0]=11111111011111110111111111111111, sa_flags=SA_RESTART|SA_SIGINFO
SIGINT: [libjvm.dylib+0x459121], sa_mask[0]=11111111011111110111111111111111, sa_flags=SA_RESTART|SA_SIGINFO
SIGTERM: [libjvm.dylib+0x459121], sa_mask[0]=11111111011111110111111111111111, sa_flags=SA_RESTART|SA_SIGINFO
SIGQUIT: [libjvm.dylib+0x459121], sa_mask[0]=11111111011111110111111111111111, sa_flags=SA_RESTART|SA_SIGINFO


---------------  S Y S T E M  ---------------

OS:Bsduname:Darwin 16.5.0 Darwin Kernel Version 16.5.0: Fri Mar  3 16:52:33 PST 2017; root:xnu-3789.51.2~3/RELEASE_X86_64 x86_64
rlimit: STACK 8192k, CORE 0k, NPROC 709, NOFILE 10240, AS infinity
load average:1.45 1.62 1.67

CPU:total 8 (4 cores per cpu, 2 threads per core) family 6 model 70 stepping 1, cmov, cx8, fxsr, mmx, sse, sse2, sse3, ssse3, sse4.1, sse4.2, popcnt, avx, avx2, aes, clmul, erms, rtm, lzcnt, ht, tsc, tscinvbit, bmi1, bmi2

Memory: 4k page, physical 16777216k(333792k free)

/proc/meminfo:


vm_info: Java HotSpot(TM) 64-Bit Server VM (25.25-b02) for bsd-amd64 JRE (1.8.0_25-b17), built on Sep 17 2014 16:56:50 by "java_re" with gcc 4.2.1 (Based on Apple Inc. build 5658) (LLVM build 2336.11.00)

time: Wed May 24 18:58:45 2017
elapsed time: 486 seconds (0d 0h 8m 6s)

