#
# A fatal error has been detected by the Java Runtime Environment:
#
#  SIGBUS (0xa) at pc=0x00007fffd21fc1bf, pid=3557, tid=775
#
# JRE version: Java(TM) SE Runtime Environment (8.0_25-b17) (build 1.8.0_25-b17)
# Java VM: Java HotSpot(TM) 64-Bit Server VM (25.25-b02 mixed mode bsd-amd64 compressed oops)
# Problematic frame:
# C  [CoreGraphics+0x371bf]  decode_swap+0x9b
#
# Failed to write core dump. Core dumps have been disabled. To enable core dumping, try "ulimit -c unlimited" before starting Java again
#
# If you would like to submit a bug report, please visit:
#   http://bugreport.sun.com/bugreport/crash.jsp
# The crash happened outside the Java Virtual Machine in native code.
# See problematic frame for where to report the bug.
#

---------------  T H R E A D  ---------------

Current thread (0x00007f8aa0085000):  JavaThread "JavaFX Application Thread" daemon [_thread_in_native, id=775, stack(0x00007fff5ca0b000,0x00007fff5d20b000)]

siginfo: si_signo: 10 (SIGBUS), si_code: 2 (BUS_ADRERR), si_addr: 0x000000076cd76f58

Registers:
RAX=0x00007f8aa6322520, RBX=0x00007f8aa6321ae0, RCX=0x0000000000000200, RDX=0x000000076cd76f58
RSP=0x00007fff5d201ae8, RBP=0x00007fff5d201b00, RSI=0x00007f8aa6322520, RDI=0x00007f8aa6322720
R8 =0x00000000000001f0, R9 =0x00000000000001f0, R10=0x000000076cd77158, R11=0x0000000000000020
R12=0x000000076cd76f58, R13=0x000000076cd76f58, R14=0x00007f8aaac8ed60, R15=0x000000076cd76f58
RIP=0x00007fffd21fc1bf, EFLAGS=0x0000000000010206, ERR=0x0000000000000004
  TRAPNO=0x000000000000000e

Top of Stack: (sp=0x00007fff5d201ae8)
0x00007fff5d201ae8:   00007f8aa6321ae0 00007f8aaac8ed60
0x00007fff5d201af8:   000000076cd76f58 00007fff5d201c80
0x00007fff5d201b08:   00007fffd21f8297 00007f8aaa864c00
0x00007fff5d201b18:   0000000000000020 0000000000000080
0x00007fff5d201b28:   00007f8aaa864c80 00007fff5d201fd0
0x00007fff5d201b38:   00007fffd22cf731 00007fff5d201c40
0x00007fff5d201b48:   00007fffd24e7939 0000000000000600
0x00007fff5d201b58:   00000000d239fed2 0000000000000020
0x00007fff5d201b68:   3fcf3e7cf9f3e7d0 0000001400000009
0x00007fff5d201b78:   0000000000000080 0000000000000000
0x00007fff5d201b88:   00007fff5d201ba0 3fcf3e7cf9f3e7d0
0x00007fff5d201b98:   0000000000000000 bf43179600000000
0x00007fff5d201ba8:   bf98e4d500000001 bfb1ea3600000000
0x00007fff5d201bb8:   bfb4eb3d00000200 3f90209c00000001
0x00007fff5d201bc8:   3fd074b400000004 0000000000000004
0x00007fff5d201bd8:   0000000000000080 00007f8aa6321ae0
0x00007fff5d201be8:   0000000000000001 3fe2ddb700000003
0x00007fff5d201bf8:   0000000000000005 00007f8aaac8e580
0x00007fff5d201c08:   0000000000000008 0000000000000080
0x00007fff5d201c18:   0000000000000180 0000000000000200
0x00007fff5d201c28:   00007f8aa6322520 0000000000000200
0x00007fff5d201c38:   0000000000000003 0000002000000008
0x00007fff5d201c48:   0000000000000020 00007fff00000000
0x00007fff5d201c58:   0000000000000005 0000000000000000
0x00007fff5d201c68:   0000000000000000 00007fff5d2022c0
0x00007fff5d201c78:   507fd05d46b1005f 00007fff5d201d70
0x00007fff5d201c88:   00007fffd239f970 00007f8a00000180
0x00007fff5d201c98:   00007f8aaac8ed60 00007fff00000080
0x00007fff5d201ca8:   00007fffd239f8da 0000000102a13a00
0x00007fff5d201cb8:   0000000102a16200 00007fff5d201da0
0x00007fff5d201cc8:   00007fffe7697472 0000000102a10000
0x00007fff5d201cd8:   00007f8aa63fc080 0000000000000005 

Instructions: (pc=0x00007fffd21fc1bf)
0x00007fffd21fc19f:   c1 eb 5f 83 f9 10 7c 7c 44 8d 41 f0 45 89 c1 41
0x00007fffd21fc1af:   83 e1 f0 4a 8d 7c 0e 10 4e 8d 54 0a 10 48 89 f0
0x00007fffd21fc1bf:   8b 1a 44 8b 5a 04 44 8b 72 08 44 8b 7a 0c 0f 38
0x00007fffd21fc1cf:   f1 18 44 0f 38 f1 58 04 44 0f 38 f1 70 08 44 0f 

Register to memory mapping:

RAX=0x00007f8aa6322520 is an unknown value
RBX=0x00007f8aa6321ae0 is an unknown value
RCX=0x0000000000000200 is an unknown value
RDX=0x000000076cd76f58 is an unallocated location in the heap
RSP=0x00007fff5d201ae8 is pointing into the stack for thread: 0x00007f8aa0085000
RBP=0x00007fff5d201b00 is pointing into the stack for thread: 0x00007f8aa0085000
RSI=0x00007f8aa6322520 is an unknown value
RDI=0x00007f8aa6322720 is an unknown value
R8 =0x00000000000001f0 is an unknown value
R9 =0x00000000000001f0 is an unknown value
R10=0x000000076cd77158 is an unallocated location in the heap
R11=0x0000000000000020 is an unknown value
R12=0x000000076cd76f58 is an unallocated location in the heap
R13=0x000000076cd76f58 is an unallocated location in the heap
R14=0x00007f8aaac8ed60 is an unknown value
R15=0x000000076cd76f58 is an unallocated location in the heap


Stack: [0x00007fff5ca0b000,0x00007fff5d20b000],  sp=0x00007fff5d201ae8,  free space=8154k
Native frames: (J=compiled Java code, j=interpreted, Vv=VM code, C=native code)
C  [CoreGraphics+0x371bf]  decode_swap+0x9b
C  [CoreGraphics+0x33297]  decode_data+0x9d9
C  [CoreGraphics+0x1da970]  img_decode_read+0x135
C  [CoreGraphics+0x1df03d]  img_interpolate_read+0x18e
C  [CoreGraphics+0x1df67d]  img_colormatch_read+0x16d
C  [CoreGraphics+0x1dfb32]  img_alphamerge_read+0x20e
C  [CoreGraphics+0x1e4495]  img_data_lock+0x29d3
C  [CoreGraphics+0x1e1a84]  CGSImageDataLock+0xf7
C  [CoreGraphics+0x749fe]  ripc_AcquireImage+0x3df
C  [CoreGraphics+0x830d2]  ripc_DrawImage+0x363
C  [CoreGraphics+0xfb34a]  CGContextDelegateDrawImage+0x30
C  [AppKit+0x1f581c]  __backing_store_DrawImage_block_invoke+0x46
C  [AppKit+0x1f115b]  backing_store_delegate+0x3d8
C  [AppKit+0x1f5794]  backing_store_DrawImage+0x1f7
C  [CoreGraphics+0xfb34a]  CGContextDelegateDrawImage+0x30
C  [CoreGraphics+0x1ea767]  CGContextDrawImageWithOptions+0x21b
C  [CoreGraphics+0x1eaa18]  CGContextDrawImage+0x33
C  [AppKit+0x1ab721]  __74-[NSImageRep drawInRect:fromRect:operation:fraction:respectFlipped:hints:]_block_invoke+0x2e6
C  [AppKit+0x1ab245]  -[NSImageRep drawInRect:fromRect:operation:fraction:respectFlipped:hints:]+0x432
C  [AppKit+0x63231b]  __71-[NSImage drawInRect:fromRect:operation:fraction:respectFlipped:hints:]_block_invoke.1352+0x464
C  [AppKit+0x175913]  -[NSImage _usingBestRepresentationForRect:context:hints:body:]+0xa4
C  [AppKit+0x1b2bb8]  -[NSImage drawInRect:fromRect:operation:fraction:respectFlipped:hints:]+0x7ec
C  [AppKit+0x1a9850]  -[NSImage _drawMappingAlignmentRectToRect:withState:backgroundStyle:operation:fraction:flip:hints:]+0x626
C  [AppKit+0x27f909]  -[NSThemeDocumentButtonCell drawWithFrame:inView:]+0x25d
C  [AppKit+0x1a74a1]  -[NSControl drawRect:]+0x15c
C  [AppKit+0x19f369]  -[NSView _drawRect:clip:]+0x8e4
C  [AppKit+0x1ef2ff]  -[NSView _recursiveDisplayAllDirtyWithLockFocus:visRect:]+0x6d9
C  [AppKit+0x1ef76a]  -[NSView _recursiveDisplayAllDirtyWithLockFocus:visRect:]+0xb44
C  [AppKit+0x19cea2]  -[NSView _recursiveDisplayRectIfNeededIgnoringOpacity:isVisibleRect:rectIsVisibleRectForView:topView:]+0x345
C  [AppKit+0x19c67f]  -[NSThemeFrame _recursiveDisplayRectIfNeededIgnoringOpacity:isVisibleRect:rectIsVisibleRectForView:topView:]+0x14e
C  [AppKit+0x19aaa8]  -[NSView _displayRectIgnoringOpacity:isVisibleRect:rectIsVisibleRectForView:]+0x994
C  [AppKit+0x19639a]  -[NSView displayIfNeeded]+0x6d4
C  [AppKit+0x11c354]  -[NSThemeFrame handleSetFrameCommonRedisplay]+0x10e
C  [AppKit+0x113996]  -[NSWindow _setFrameCommon:display:stashSize:]+0xe28
C  [AppKit+0x112b61]  -[NSWindow _setFrame:display:allowImplicitAnimation:stashSize:]+0xde
C  [AppKit+0x112a7c]  -[NSWindow setFrame:display:]+0x43
C  [AppKit+0xb03899]  -[NSWindow(NSWindowResizing) _resizeSetFrame:withEvent:]+0x8c
C  [AppKit+0x3a68ae]  -[NSWindow(NSWindowResizing) _resizeWithEvent:]+0xdc3
C  [AppKit+0x888246]  -[NSTitledFrame attemptResizeWithEvent:]+0x9d
C  [AppKit+0x2a0d48]  -[NSThemeFrame handleMouseDown:]+0xc3
C  [AppKit+0x2a0eef]  -[NSThemeFrame mouseDown:]+0x1e
C  [AppKit+0x9402bf]  -[NSWindow(NSEventRouting) _handleMouseDownEvent:isDelayedEvent:]+0x18c5
C  [AppKit+0x93cadc]  -[NSWindow(NSEventRouting) _reallySendEvent:isDelayedEvent:]+0x796
C  [AppKit+0x93bf7a]  -[NSWindow(NSEventRouting) sendEvent:]+0x21d
C  [libglass.dylib+0x241e5]  -[GlassWindow_Normal sendEvent:]+0x75
C  [AppKit+0x7c06f1]  -[NSApplication(NSEvent) sendEvent:]+0x479
C  [libosxapp.dylib+0x23ac]  -[NSApplicationAWT sendEvent:]+0x109
C  [AppKit+0x3b7f7]  -[NSApplication run]+0x3ea
C  [libosxapp.dylib+0x223e]  +[NSApplicationAWT runAWTLoopWithApp:]+0x9c
C  [libawt_lwawt.dylib+0x4494f]  -[AWTStarter starter:]+0x389
C  [Foundation+0x7184a]  __NSThreadPerformPerform+0x146
C  [CoreFoundation+0xa73c1]  __CFRUNLOOP_IS_CALLING_OUT_TO_A_SOURCE0_PERFORM_FUNCTION__+0x11
C  [CoreFoundation+0x882cd]  __CFRunLoopDoSources0+0x22d
C  [CoreFoundation+0x877c6]  __CFRunLoopRun+0x3a6
C  [CoreFoundation+0x871c4]  CFRunLoopRunSpecific+0x1a4
C  [java+0x56cc]  CreateExecutionEnvironment+0x367
C  [java+0x165c]  JLI_Launch+0x7a0
C  [java+0x768a]  main+0x65
C  [java+0xeb4]  start+0x34
C  0x0000000000000008


---------------  P R O C E S S  ---------------

Java Threads: ( => current thread )
  0x00007f8aa030e800 JavaThread "Prism Font Disposer" daemon [_thread_blocked, id=77055, stack(0x000070000bfb6000,0x000070000c0b6000)]
  0x00007f8aa0838800 JavaThread "Processing-FX-ExceptionHandler" daemon [_thread_blocked, id=73743, stack(0x000070000beb3000,0x000070000bfb3000)]
  0x00007f8aa0177800 JavaThread "Thread-5" daemon [_thread_in_native, id=73219, stack(0x000070000be30000,0x000070000beb0000)]
  0x00007f8aa108d000 JavaThread "Thread-4" daemon [_thread_blocked, id=70155, stack(0x000070000bcaa000,0x000070000bdaa000)]
  0x00007f8aa0234000 JavaThread "JavaFX-Launcher" [_thread_blocked, id=65027, stack(0x000070000bba7000,0x000070000bca7000)]
  0x00007f8aa0233000 JavaThread "Thread-2" [_thread_blocked, id=64515, stack(0x000070000baa4000,0x000070000bba4000)]
  0x00007f8a9f9d3000 JavaThread "QuantumRenderer-0" daemon [_thread_blocked, id=63491, stack(0x000070000b9a1000,0x000070000baa1000)]
  0x00007f8a9f9b4000 JavaThread "Java2D Disposer" daemon [_thread_blocked, id=62979, stack(0x000070000b89e000,0x000070000b99e000)]
  0x00007f8a9da5a000 JavaThread "Java2D Queue Flusher" daemon [_thread_blocked, id=60423, stack(0x000070000b79b000,0x000070000b89b000)]
  0x00007f8a9f902000 JavaThread "AWT-Shutdown" [_thread_blocked, id=33311, stack(0x000070000b48c000,0x000070000b58c000)]
=>0x00007f8aa0085000 JavaThread "JavaFX Application Thread" daemon [_thread_in_native, id=775, stack(0x00007fff5ca0b000,0x00007fff5d20b000)]
  0x00007f8a9d9a5000 JavaThread "DestroyJavaVM" [_thread_blocked, id=7171, stack(0x0000700009eca000,0x0000700009fca000)]
  0x00007f8aa0074000 JavaThread "Monitor Ctrl-Break" daemon [_thread_in_native, id=22275, stack(0x000070000b203000,0x000070000b303000)]
  0x00007f8a9f847800 JavaThread "Service Thread" daemon [_thread_blocked, id=21251, stack(0x000070000affd000,0x000070000b0fd000)]
  0x00007f8a9e800800 JavaThread "C1 CompilerThread3" daemon [_thread_blocked, id=20739, stack(0x000070000aefa000,0x000070000affa000)]
  0x00007f8aa100b000 JavaThread "C2 CompilerThread2" daemon [_thread_blocked, id=20227, stack(0x000070000adf7000,0x000070000aef7000)]
  0x00007f8aa1801000 JavaThread "C2 CompilerThread1" daemon [_thread_blocked, id=19715, stack(0x000070000acf4000,0x000070000adf4000)]
  0x00007f8aa0013800 JavaThread "C2 CompilerThread0" daemon [_thread_blocked, id=19203, stack(0x000070000abf1000,0x000070000acf1000)]
  0x00007f8aa0005000 JavaThread "Signal Dispatcher" daemon [_thread_blocked, id=18691, stack(0x000070000aaee000,0x000070000abee000)]
  0x00007f8aa1005000 JavaThread "Finalizer" daemon [_thread_blocked, id=14595, stack(0x000070000a9eb000,0x000070000aaeb000)]
  0x00007f8aa1004000 JavaThread "Reference Handler" daemon [_thread_blocked, id=14083, stack(0x000070000a8e8000,0x000070000a9e8000)]

Other Threads:
  0x00007f8a9d833800 VMThread [stack: 0x000070000a7e5000,0x000070000a8e5000] [id=13571]
  0x00007f8a9e00a800 WatcherThread [stack: 0x000070000b100000,0x000070000b200000] [id=21763]

VM state:not at safepoint (normal execution)

VM Mutex/Monitor currently owned by a thread: None

Heap:
 PSYoungGen      total 31744K, used 19250K [0x000000076ab00000, 0x000000076cb00000, 0x00000007c0000000)
  eden space 31232K, 61% used [0x000000076ab00000,0x000000076bda48f8,0x000000076c980000)
  from space 512K, 31% used [0x000000076ca80000,0x000000076caa8000,0x000000076cb00000)
  to   space 512K, 0% used [0x000000076ca00000,0x000000076ca00000,0x000000076ca80000)
 ParOldGen       total 175104K, used 82213K [0x00000006c0000000, 0x00000006cab00000, 0x000000076ab00000)
  object space 175104K, 46% used [0x00000006c0000000,0x00000006c50496b8,0x00000006cab00000)
 Metaspace       used 18643K, capacity 19282K, committed 19584K, reserved 1067008K
  class space    used 2211K, capacity 2348K, committed 2432K, reserved 1048576K

Card table byte_map: [0x0000000104edc000,0x00000001056dd000] byte_map_base: 0x00000001018dc000

Marking Bits: (ParMarkBitMap*) 0x000000010449d390
 Begin Bits: [0x0000000117062000, 0x000000011b062000)
 End Bits:   [0x000000011b062000, 0x000000011f062000)

Polling page: 0x0000000102ab3000

CodeCache: size=245760Kb used=10661Kb max_used=11900Kb free=235098Kb
 bounds [0x0000000108062000, 0x0000000108c42000, 0x0000000117062000]
 total_blobs=3905 nmethods=3126 adapters=693
 compilation: enabled

Compilation events (10 events):
Event: 289.192 Thread 0x00007f8aa0013800 4056       4       javafx.beans.property.BooleanPropertyBase::get (29 bytes)
Event: 289.193 Thread 0x00007f8aa0013800 nmethod 4056 0x00000001082fddd0 code [0x00000001082fdf20, 0x00000001082fdfb8]
Event: 289.216 Thread 0x00007f8aa1801000 4057       4       java.lang.Long::valueOf (36 bytes)
Event: 289.217 Thread 0x00007f8aa1801000 nmethod 4057 0x00000001081cbf50 code [0x00000001081cc0a0, 0x00000001081cc1c8]
Event: 289.256 Thread 0x00007f8aa100b000 4058       4       java.lang.Long::hashCode (8 bytes)
Event: 289.256 Thread 0x00007f8aa100b000 nmethod 4058 0x00000001081cbd10 code [0x00000001081cbe60, 0x00000001081cbed8]
Event: 289.628 Thread 0x00007f8a9e800800 4059       3       javafx.scene.Node$LazyBoundsProperty::invalidate (20 bytes)
Event: 289.628 Thread 0x00007f8a9e800800 nmethod 4059 0x00000001081bda50 code [0x00000001081bdbc0, 0x00000001081bdea8]
Event: 289.628 Thread 0x00007f8aa0013800 4060       4       javafx.scene.Node::impl_isDirty (21 bytes)
Event: 289.629 Thread 0x00007f8aa0013800 nmethod 4060 0x000000010839ec50 code [0x000000010839eda0, 0x000000010839ee38]

GC Heap History (10 events):
Event: 277.747 GC heap before
{Heap before GC invocations=102 (full 0):
 PSYoungGen      total 31744K, used 31488K [0x000000076ab00000, 0x000000076cb00000, 0x00000007c0000000)
  eden space 31232K, 100% used [0x000000076ab00000,0x000000076c980000,0x000000076c980000)
  from space 512K, 50% used [0x000000076ca00000,0x000000076ca40000,0x000000076ca80000)
  to   space 512K, 0% used [0x000000076ca80000,0x000000076ca80000,0x000000076cb00000)
 ParOldGen       total 175104K, used 82101K [0x00000006c0000000, 0x00000006cab00000, 0x000000076ab00000)
  object space 175104K, 46% used [0x00000006c0000000,0x00000006c502d6b8,0x00000006cab00000)
 Metaspace       used 18640K, capacity 19276K, committed 19584K, reserved 1067008K
  class space    used 2211K, capacity 2347K, committed 2432K, reserved 1048576K
Event: 277.747 GC heap after
Heap after GC invocations=102 (full 0):
 PSYoungGen      total 31744K, used 192K [0x000000076ab00000, 0x000000076cb00000, 0x00000007c0000000)
  eden space 31232K, 0% used [0x000000076ab00000,0x000000076ab00000,0x000000076c980000)
  from space 512K, 37% used [0x000000076ca80000,0x000000076cab0000,0x000000076cb00000)
  to   space 512K, 0% used [0x000000076ca00000,0x000000076ca00000,0x000000076ca80000)
 ParOldGen       total 175104K, used 82141K [0x00000006c0000000, 0x00000006cab00000, 0x000000076ab00000)
  object space 175104K, 46% used [0x00000006c0000000,0x00000006c50376b8,0x00000006cab00000)
 Metaspace       used 18640K, capacity 19276K, committed 19584K, reserved 1067008K
  class space    used 2211K, capacity 2347K, committed 2432K, reserved 1048576K
}
Event: 280.138 GC heap before
{Heap before GC invocations=103 (full 0):
 PSYoungGen      total 31744K, used 31424K [0x000000076ab00000, 0x000000076cb00000, 0x00000007c0000000)
  eden space 31232K, 100% used [0x000000076ab00000,0x000000076c980000,0x000000076c980000)
  from space 512K, 37% used [0x000000076ca80000,0x000000076cab0000,0x000000076cb00000)
  to   space 512K, 0% used [0x000000076ca00000,0x000000076ca00000,0x000000076ca80000)
 ParOldGen       total 175104K, used 82141K [0x00000006c0000000, 0x00000006cab00000, 0x000000076ab00000)
  object space 175104K, 46% used [0x00000006c0000000,0x00000006c50376b8,0x00000006cab00000)
 Metaspace       used 18640K, capacity 19276K, committed 19584K, reserved 1067008K
  class space    used 2211K, capacity 2347K, committed 2432K, reserved 1048576K
Event: 280.139 GC heap after
Heap after GC invocations=103 (full 0):
 PSYoungGen      total 31744K, used 160K [0x000000076ab00000, 0x000000076cb00000, 0x00000007c0000000)
  eden space 31232K, 0% used [0x000000076ab00000,0x000000076ab00000,0x000000076c980000)
  from space 512K, 31% used [0x000000076ca00000,0x000000076ca28000,0x000000076ca80000)
  to   space 512K, 0% used [0x000000076ca80000,0x000000076ca80000,0x000000076cb00000)
 ParOldGen       total 175104K, used 82181K [0x00000006c0000000, 0x00000006cab00000, 0x000000076ab00000)
  object space 175104K, 46% used [0x00000006c0000000,0x00000006c50416b8,0x00000006cab00000)
 Metaspace       used 18640K, capacity 19276K, committed 19584K, reserved 1067008K
  class space    used 2211K, capacity 2347K, committed 2432K, reserved 1048576K
}
Event: 282.771 GC heap before
{Heap before GC invocations=104 (full 0):
 PSYoungGen      total 31744K, used 31392K [0x000000076ab00000, 0x000000076cb00000, 0x00000007c0000000)
  eden space 31232K, 100% used [0x000000076ab00000,0x000000076c980000,0x000000076c980000)
  from space 512K, 31% used [0x000000076ca00000,0x000000076ca28000,0x000000076ca80000)
  to   space 512K, 0% used [0x000000076ca80000,0x000000076ca80000,0x000000076cb00000)
 ParOldGen       total 175104K, used 82181K [0x00000006c0000000, 0x00000006cab00000, 0x000000076ab00000)
  object space 175104K, 46% used [0x00000006c0000000,0x00000006c50416b8,0x00000006cab00000)
 Metaspace       used 18640K, capacity 19276K, committed 19584K, reserved 1067008K
  class space    used 2211K, capacity 2347K, committed 2432K, reserved 1048576K
Event: 282.772 GC heap after
Heap after GC invocations=104 (full 0):
 PSYoungGen      total 31744K, used 160K [0x000000076ab00000, 0x000000076cb00000, 0x00000007c0000000)
  eden space 31232K, 0% used [0x000000076ab00000,0x000000076ab00000,0x000000076c980000)
  from space 512K, 31% used [0x000000076ca80000,0x000000076caa8000,0x000000076cb00000)
  to   space 512K, 0% used [0x000000076ca00000,0x000000076ca00000,0x000000076ca80000)
 ParOldGen       total 175104K, used 82197K [0x00000006c0000000, 0x00000006cab00000, 0x000000076ab00000)
  object space 175104K, 46% used [0x00000006c0000000,0x00000006c50456b8,0x00000006cab00000)
 Metaspace       used 18640K, capacity 19276K, committed 19584K, reserved 1067008K
  class space    used 2211K, capacity 2347K, committed 2432K, reserved 1048576K
}
Event: 285.406 GC heap before
{Heap before GC invocations=105 (full 0):
 PSYoungGen      total 31744K, used 31392K [0x000000076ab00000, 0x000000076cb00000, 0x00000007c0000000)
  eden space 31232K, 100% used [0x000000076ab00000,0x000000076c980000,0x000000076c980000)
  from space 512K, 31% used [0x000000076ca80000,0x000000076caa8000,0x000000076cb00000)
  to   space 512K, 0% used [0x000000076ca00000,0x000000076ca00000,0x000000076ca80000)
 ParOldGen       total 175104K, used 82197K [0x00000006c0000000, 0x00000006cab00000, 0x000000076ab00000)
  object space 175104K, 46% used [0x00000006c0000000,0x00000006c50456b8,0x00000006cab00000)
 Metaspace       used 18640K, capacity 19276K, committed 19584K, reserved 1067008K
  class space    used 2211K, capacity 2347K, committed 2432K, reserved 1048576K
Event: 285.407 GC heap after
Heap after GC invocations=105 (full 0):
 PSYoungGen      total 31744K, used 192K [0x000000076ab00000, 0x000000076cb00000, 0x00000007c0000000)
  eden space 31232K, 0% used [0x000000076ab00000,0x000000076ab00000,0x000000076c980000)
  from space 512K, 37% used [0x000000076ca00000,0x000000076ca30000,0x000000076ca80000)
  to   space 512K, 0% used [0x000000076ca80000,0x000000076ca80000,0x000000076cb00000)
 ParOldGen       total 175104K, used 82213K [0x00000006c0000000, 0x00000006cab00000, 0x000000076ab00000)
  object space 175104K, 46% used [0x00000006c0000000,0x00000006c50496b8,0x00000006cab00000)
 Metaspace       used 18640K, capacity 19276K, committed 19584K, reserved 1067008K
  class space    used 2211K, capacity 2347K, committed 2432K, reserved 1048576K
}
Event: 288.049 GC heap before
{Heap before GC invocations=106 (full 0):
 PSYoungGen      total 31744K, used 31424K [0x000000076ab00000, 0x000000076cb00000, 0x00000007c0000000)
  eden space 31232K, 100% used [0x000000076ab00000,0x000000076c980000,0x000000076c980000)
  from space 512K, 37% used [0x000000076ca00000,0x000000076ca30000,0x000000076ca80000)
  to   space 512K, 0% used [0x000000076ca80000,0x000000076ca80000,0x000000076cb00000)
 ParOldGen       total 175104K, used 82213K [0x00000006c0000000, 0x00000006cab00000, 0x000000076ab00000)
  object space 175104K, 46% used [0x00000006c0000000,0x00000006c50496b8,0x00000006cab00000)
 Metaspace       used 18640K, capacity 19276K, committed 19584K, reserved 1067008K
  class space    used 2211K, capacity 2347K, committed 2432K, reserved 1048576K
Event: 288.050 GC heap after
Heap after GC invocations=106 (full 0):
 PSYoungGen      total 31744K, used 160K [0x000000076ab00000, 0x000000076cb00000, 0x00000007c0000000)
  eden space 31232K, 0% used [0x000000076ab00000,0x000000076ab00000,0x000000076c980000)
  from space 512K, 31% used [0x000000076ca80000,0x000000076caa8000,0x000000076cb00000)
  to   space 512K, 0% used [0x000000076ca00000,0x000000076ca00000,0x000000076ca80000)
 ParOldGen       total 175104K, used 82213K [0x00000006c0000000, 0x00000006cab00000, 0x000000076ab00000)
  object space 175104K, 46% used [0x00000006c0000000,0x00000006c50496b8,0x00000006cab00000)
 Metaspace       used 18640K, capacity 19276K, committed 19584K, reserved 1067008K
  class space    used 2211K, capacity 2347K, committed 2432K, reserved 1048576K
}

Deoptimization events (10 events):
Event: 289.628 Thread 0x00007f8aa0085000 Uncommon trap: reason=unreached action=reinterpret pc=0x00000001084c3c5c method=javafx.scene.Node.getParent()Ljavafx/scene/Parent; @ 4
Event: 289.628 Thread 0x00007f8aa0085000 Uncommon trap: reason=class_check action=maybe_recompile pc=0x00000001084c7564 method=javafx.scene.Node.impl_geomChanged()V @ 8
Event: 289.628 Thread 0x00007f8aa0085000 Uncommon trap: reason=class_check action=maybe_recompile pc=0x00000001085febc8 method=javafx.scene.Node$12.computeBounds()Ljavafx/geometry/Bounds; @ 4
Event: 289.628 Thread 0x00007f8aa0085000 Uncommon trap: reason=class_check action=maybe_recompile pc=0x000000010862dbc4 method=java.util.AbstractCollection.isEmpty()Z @ 1
Event: 289.628 Thread 0x00007f8aa0085000 Uncommon trap: reason=class_check action=maybe_recompile pc=0x000000010862dbc4 method=java.util.AbstractCollection.isEmpty()Z @ 1
Event: 289.628 Thread 0x00007f8aa0085000 Uncommon trap: reason=class_check action=maybe_recompile pc=0x0000000108aea210 method=com.sun.javafx.geom.transform.Identity.equals(Ljava/lang/Object;)Z @ 1
Event: 289.629 Thread 0x00007f8aa0085000 Uncommon trap: reason=speculate_class_check action=maybe_recompile pc=0x00000001085b9e7c method=javafx.scene.Node.impl_syncPeer()V @ 35
Event: 289.629 Thread 0x00007f8aa0085000 Uncommon trap: reason=unreached action=reinterpret pc=0x0000000108879508 method=java.util.concurrent.locks.ReentrantLock$Sync.isHeldExclusively()Z @ 7
Event: 289.629 Thread 0x00007f8a9f9d3000 Uncommon trap: reason=class_check action=maybe_recompile pc=0x00000001081af064 method=java.util.concurrent.ThreadPoolExecutor.getTask()Ljava/lang/Runnable; @ 154
Event: 289.639 Thread 0x00007f8a9f9d3000 Uncommon trap: reason=class_check action=maybe_recompile pc=0x000000010824c63c method=com.sun.javafx.tk.RenderJob.run()V @ 91

Internal exceptions (10 events):
Event: 24.559 Thread 0x00007f8aa0085000 Exception <a 'java/security/PrivilegedActionException'> (0x000000076dc0b7d8) thrown at [/HUDSON3/workspace/8-2-build-macosx-x86_64/jdk8u25/1514/hotspot/src/share/vm/prims/jvm.cpp, line 1312]
Event: 24.559 Thread 0x00007f8aa0085000 Exception <a 'java/security/PrivilegedActionException'> (0x000000076dc10078) thrown at [/HUDSON3/workspace/8-2-build-macosx-x86_64/jdk8u25/1514/hotspot/src/share/vm/prims/jvm.cpp, line 1312]
Event: 24.607 Thread 0x00007f8a9f9d3000 Implicit null exception at 0x0000000108aee17e to 0x0000000108aee835
Event: 46.788 Thread 0x00007f8aa0085000 Implicit null exception at 0x00000001084a6c83 to 0x00000001084a76c1
Event: 46.790 Thread 0x00007f8aa0085000 Exception <a 'java/io/FileNotFoundException'> (0x000000076bb89c18) thrown at [/HUDSON3/workspace/8-2-build-macosx-x86_64/jdk8u25/1514/hotspot/src/share/vm/prims/jni.cpp, line 716]
Event: 246.840 Thread 0x00007f8aa9e9f800 Implicit null exception at 0x0000000108be5c30 to 0x0000000108be74e9
Event: 246.857 Thread 0x00007f8a9f9d3000 Implicit null exception at 0x0000000108826d6a to 0x0000000108827b29
Event: 246.857 Thread 0x00007f8a9f9d3000 Implicit null exception at 0x00000001088294f1 to 0x000000010882a4e6
Event: 246.857 Thread 0x00007f8a9f9d3000 Implicit null exception at 0x00000001087a30d0 to 0x00000001087a3105
Event: 289.628 Thread 0x00007f8aa0085000 Implicit null exception at 0x00000001084c39bb to 0x00000001084c3c49

Events (10 events):
Event: 289.629 loading class com/sun/javafx/tk/RenderJob
Event: 289.629 loading class com/sun/javafx/tk/RenderJob done
Event: 289.629 loading class com/sun/javafx/tk/CompletionListener
Event: 289.629 loading class com/sun/javafx/tk/CompletionListener done
Event: 289.629 Thread 0x00007f8a9f9d3000 Uncommon trap: trap_request=0xffffffde fr.pc=0x00000001081af064
Event: 289.629 Thread 0x00007f8a9f9d3000 DEOPT PACKING pc=0x00000001081af064 sp=0x000070000baa0760
Event: 289.629 Thread 0x00007f8a9f9d3000 DEOPT UNPACKING pc=0x0000000108066f69 sp=0x000070000baa0718 mode 2
Event: 289.639 Thread 0x00007f8a9f9d3000 Uncommon trap: trap_request=0xffffffde fr.pc=0x000000010824c63c
Event: 289.639 Thread 0x00007f8a9f9d3000 DEOPT PACKING pc=0x000000010824c63c sp=0x000070000baa0760
Event: 289.639 Thread 0x00007f8a9f9d3000 DEOPT UNPACKING pc=0x0000000108066f69 sp=0x000070000baa0738 mode 2


Dynamic libraries:
0x000000005c9b7000 	/System/Library/Frameworks/Cocoa.framework/Versions/A/Cocoa
0x000000005c9b7000 	/System/Library/Frameworks/Security.framework/Versions/A/Security
0x000000005c9b7000 	/System/Library/Frameworks/ApplicationServices.framework/Versions/A/ApplicationServices
0x000000005c9b7000 	/usr/lib/libz.1.dylib
0x000000005c9b7000 	/usr/lib/libSystem.B.dylib
0x000000005c9b7000 	/usr/lib/libobjc.A.dylib
0x000000005c9b7000 	/System/Library/Frameworks/CoreFoundation.framework/Versions/A/CoreFoundation
0x000000005c9b7000 	/System/Library/Frameworks/Foundation.framework/Versions/C/Foundation
0x000000005c9b7000 	/System/Library/Frameworks/AppKit.framework/Versions/C/AppKit
0x000000005c9b7000 	/System/Library/Frameworks/CoreData.framework/Versions/A/CoreData
0x000000005c9b7000 	/System/Library/PrivateFrameworks/RemoteViewServices.framework/Versions/A/RemoteViewServices
0x000000005c9b7000 	/System/Library/PrivateFrameworks/UIFoundation.framework/Versions/A/UIFoundation
0x000000005c9b7000 	/System/Library/PrivateFrameworks/DFRFoundation.framework/Versions/A/DFRFoundation
0x000000005c9b7000 	/usr/lib/libenergytrace.dylib
0x000000005c9b7000 	/System/Library/PrivateFrameworks/SkyLight.framework/Versions/A/SkyLight
0x000000005c9b7000 	/System/Library/Frameworks/CoreGraphics.framework/Versions/A/CoreGraphics
0x000000005c9b7000 	/usr/lib/libScreenReader.dylib
0x000000005c9b7000 	/System/Library/Frameworks/Accelerate.framework/Versions/A/Accelerate
0x000000005c9b7000 	/System/Library/Frameworks/IOSurface.framework/Versions/A/IOSurface
0x000000005c9b7000 	/System/Library/Frameworks/AudioToolbox.framework/Versions/A/AudioToolbox
0x000000005c9b7000 	/System/Library/Frameworks/AudioUnit.framework/Versions/A/AudioUnit
0x000000005c9b7000 	/System/Library/PrivateFrameworks/DataDetectorsCore.framework/Versions/A/DataDetectorsCore
0x000000005c9b7000 	/System/Library/PrivateFrameworks/DesktopServicesPriv.framework/Versions/A/DesktopServicesPriv
0x000000005c9b7000 	/System/Library/Frameworks/Carbon.framework/Versions/A/Frameworks/HIToolbox.framework/Versions/A/HIToolbox
0x000000005c9b7000 	/usr/lib/libicucore.A.dylib
0x000000005c9b7000 	/System/Library/Frameworks/QuartzCore.framework/Versions/A/QuartzCore
0x000000005c9b7000 	/System/Library/Frameworks/Carbon.framework/Versions/A/Frameworks/SpeechRecognition.framework/Versions/A/SpeechRecognition
0x000000005c9b7000 	/usr/lib/libauto.dylib
0x000000005c9b7000 	/usr/lib/libxml2.2.dylib
0x000000005c9b7000 	/System/Library/PrivateFrameworks/CoreUI.framework/Versions/A/CoreUI
0x000000005c9b7000 	/System/Library/Frameworks/CoreAudio.framework/Versions/A/CoreAudio
0x000000005c9b7000 	/System/Library/Frameworks/DiskArbitration.framework/Versions/A/DiskArbitration
0x000000005c9b7000 	/usr/lib/liblangid.dylib
0x000000005c9b7000 	/System/Library/PrivateFrameworks/MultitouchSupport.framework/Versions/A/MultitouchSupport
0x000000005c9b7000 	/System/Library/Frameworks/IOKit.framework/Versions/A/IOKit
0x000000005c9b7000 	/usr/lib/libDiagnosticMessagesClient.dylib
0x000000005c9b7000 	/System/Library/Frameworks/CoreServices.framework/Versions/A/CoreServices
0x000000005c9b7000 	/System/Library/PrivateFrameworks/PerformanceAnalysis.framework/Versions/A/PerformanceAnalysis
0x000000005c9b7000 	/System/Library/PrivateFrameworks/GenerationalStorage.framework/Versions/A/GenerationalStorage
0x000000005c9b7000 	/System/Library/Frameworks/OpenGL.framework/Versions/A/OpenGL
0x000000005c9b7000 	/System/Library/Frameworks/CoreImage.framework/Versions/A/CoreImage
0x000000005c9b7000 	/System/Library/Frameworks/CoreText.framework/Versions/A/CoreText
0x000000005c9b7000 	/System/Library/Frameworks/ImageIO.framework/Versions/A/ImageIO
0x000000005c9b7000 	/System/Library/PrivateFrameworks/Backup.framework/Versions/A/Backup
0x000000005c9b7000 	/usr/lib/libarchive.2.dylib
0x000000005c9b7000 	/System/Library/Frameworks/CFNetwork.framework/Versions/A/CFNetwork
0x000000005c9b7000 	/System/Library/Frameworks/SystemConfiguration.framework/Versions/A/SystemConfiguration
0x000000005c9b7000 	/usr/lib/libCRFSuite.dylib
0x000000005c9b7000 	/usr/lib/libc++.1.dylib
0x000000005c9b7000 	/usr/lib/libc++abi.dylib
0x000000005c9b7000 	/usr/lib/system/libcache.dylib
0x000000005c9b7000 	/usr/lib/system/libcommonCrypto.dylib
0x000000005c9b7000 	/usr/lib/system/libcompiler_rt.dylib
0x000000005c9b7000 	/usr/lib/system/libcopyfile.dylib
0x000000005c9b7000 	/usr/lib/system/libcorecrypto.dylib
0x000000005c9b7000 	/usr/lib/system/libdispatch.dylib
0x000000005c9b7000 	/usr/lib/system/libdyld.dylib
0x000000005c9b7000 	/usr/lib/system/libkeymgr.dylib
0x000000005c9b7000 	/usr/lib/system/liblaunch.dylib
0x000000005c9b7000 	/usr/lib/system/libmacho.dylib
0x000000005c9b7000 	/usr/lib/system/libquarantine.dylib
0x000000005c9b7000 	/usr/lib/system/libremovefile.dylib
0x000000005c9b7000 	/usr/lib/system/libsystem_asl.dylib
0x000000005c9b7000 	/usr/lib/system/libsystem_blocks.dylib
0x000000005c9b7000 	/usr/lib/system/libsystem_c.dylib
0x000000005c9b7000 	/usr/lib/system/libsystem_configuration.dylib
0x000000005c9b7000 	/usr/lib/system/libsystem_coreservices.dylib
0x000000005c9b7000 	/usr/lib/system/libsystem_coretls.dylib
0x000000005c9b7000 	/usr/lib/system/libsystem_dnssd.dylib
0x000000005c9b7000 	/usr/lib/system/libsystem_info.dylib
0x000000005c9b7000 	/usr/lib/system/libsystem_kernel.dylib
0x000000005c9b7000 	/usr/lib/system/libsystem_m.dylib
0x000000005c9b7000 	/usr/lib/system/libsystem_malloc.dylib
0x000000005c9b7000 	/usr/lib/system/libsystem_network.dylib
0x000000005c9b7000 	/usr/lib/system/libsystem_networkextension.dylib
0x000000005c9b7000 	/usr/lib/system/libsystem_notify.dylib
0x000000005c9b7000 	/usr/lib/system/libsystem_platform.dylib
0x000000005c9b7000 	/usr/lib/system/libsystem_pthread.dylib
0x000000005c9b7000 	/usr/lib/system/libsystem_sandbox.dylib
0x000000005c9b7000 	/usr/lib/system/libsystem_secinit.dylib
0x000000005c9b7000 	/usr/lib/system/libsystem_symptoms.dylib
0x000000005c9b7000 	/usr/lib/system/libsystem_trace.dylib
0x000000005c9b7000 	/usr/lib/system/libunwind.dylib
0x000000005c9b7000 	/usr/lib/system/libxpc.dylib
0x000000005c9b7000 	/usr/lib/libbsm.0.dylib
0x000000005c9b7000 	/usr/lib/system/libkxld.dylib
0x000000005c9b7000 	/usr/lib/libcoretls.dylib
0x000000005c9b7000 	/usr/lib/libcoretls_cfhelpers.dylib
0x000000005c9b7000 	/usr/lib/libOpenScriptingUtil.dylib
0x000000005c9b7000 	/usr/lib/libpam.2.dylib
0x000000005c9b7000 	/usr/lib/libsqlite3.dylib
0x000000005c9b7000 	/usr/lib/libxar.1.dylib
0x000000005c9b7000 	/usr/lib/libbz2.1.0.dylib
0x000000005c9b7000 	/usr/lib/liblzma.5.dylib
0x000000005c9b7000 	/usr/lib/libnetwork.dylib
0x000000005c9b7000 	/usr/lib/libpcap.A.dylib
0x000000005c9b7000 	/System/Library/Frameworks/CoreServices.framework/Versions/A/Frameworks/FSEvents.framework/Versions/A/FSEvents
0x000000005c9b7000 	/System/Library/Frameworks/CoreServices.framework/Versions/A/Frameworks/CarbonCore.framework/Versions/A/CarbonCore
0x000000005c9b7000 	/System/Library/Frameworks/CoreServices.framework/Versions/A/Frameworks/Metadata.framework/Versions/A/Metadata
0x000000005c9b7000 	/System/Library/Frameworks/CoreServices.framework/Versions/A/Frameworks/OSServices.framework/Versions/A/OSServices
0x000000005c9b7000 	/System/Library/Frameworks/CoreServices.framework/Versions/A/Frameworks/SearchKit.framework/Versions/A/SearchKit
0x000000005c9b7000 	/System/Library/Frameworks/CoreServices.framework/Versions/A/Frameworks/AE.framework/Versions/A/AE
0x000000005c9b7000 	/System/Library/Frameworks/CoreServices.framework/Versions/A/Frameworks/LaunchServices.framework/Versions/A/LaunchServices
0x000000005c9b7000 	/System/Library/Frameworks/CoreServices.framework/Versions/A/Frameworks/DictionaryServices.framework/Versions/A/DictionaryServices
0x000000005c9b7000 	/System/Library/Frameworks/CoreServices.framework/Versions/A/Frameworks/SharedFileList.framework/Versions/A/SharedFileList
0x000000005c9b7000 	/System/Library/Frameworks/NetFS.framework/Versions/A/NetFS
0x000000005c9b7000 	/System/Library/PrivateFrameworks/NetAuth.framework/Versions/A/NetAuth
0x000000005c9b7000 	/System/Library/PrivateFrameworks/login.framework/Versions/A/Frameworks/loginsupport.framework/Versions/A/loginsupport
0x000000005c9b7000 	/System/Library/PrivateFrameworks/TCC.framework/Versions/A/TCC
0x000000005c9b7000 	/usr/lib/libmecabra.dylib
0x000000005c9b7000 	/System/Library/Frameworks/ApplicationServices.framework/Versions/A/Frameworks/ATS.framework/Versions/A/ATS
0x000000005c9b7000 	/System/Library/Frameworks/ApplicationServices.framework/Versions/A/Frameworks/ColorSync.framework/Versions/A/ColorSync
0x000000005c9b7000 	/System/Library/Frameworks/ApplicationServices.framework/Versions/A/Frameworks/HIServices.framework/Versions/A/HIServices
0x000000005c9b7000 	/System/Library/Frameworks/ApplicationServices.framework/Versions/A/Frameworks/LangAnalysis.framework/Versions/A/LangAnalysis
0x000000005c9b7000 	/System/Library/Frameworks/ApplicationServices.framework/Versions/A/Frameworks/PrintCore.framework/Versions/A/PrintCore
0x000000005c9b7000 	/System/Library/Frameworks/ApplicationServices.framework/Versions/A/Frameworks/QD.framework/Versions/A/QD
0x000000005c9b7000 	/System/Library/Frameworks/ApplicationServices.framework/Versions/A/Frameworks/SpeechSynthesis.framework/Versions/A/SpeechSynthesis
0x000000005c9b7000 	/System/Library/Frameworks/Accelerate.framework/Versions/A/Frameworks/vImage.framework/Versions/A/vImage
0x000000005c9b7000 	/System/Library/Frameworks/Accelerate.framework/Versions/A/Frameworks/vecLib.framework/Versions/A/vecLib
0x000000005c9b7000 	/System/Library/Frameworks/Accelerate.framework/Versions/A/Frameworks/vecLib.framework/Versions/A/libvDSP.dylib
0x000000005c9b7000 	/System/Library/Frameworks/Accelerate.framework/Versions/A/Frameworks/vecLib.framework/Versions/A/libBNNS.dylib
0x000000005c9b7000 	/System/Library/Frameworks/Accelerate.framework/Versions/A/Frameworks/vecLib.framework/Versions/A/libQuadrature.dylib
0x000000005c9b7000 	/System/Library/Frameworks/Accelerate.framework/Versions/A/Frameworks/vecLib.framework/Versions/A/libvMisc.dylib
0x000000005c9b7000 	/System/Library/Frameworks/Accelerate.framework/Versions/A/Frameworks/vecLib.framework/Versions/A/libLAPACK.dylib
0x000000005c9b7000 	/System/Library/Frameworks/Accelerate.framework/Versions/A/Frameworks/vecLib.framework/Versions/A/libBLAS.dylib
0x000000005c9b7000 	/System/Library/Frameworks/Accelerate.framework/Versions/A/Frameworks/vecLib.framework/Versions/A/libLinearAlgebra.dylib
0x000000005c9b7000 	/System/Library/Frameworks/Accelerate.framework/Versions/A/Frameworks/vecLib.framework/Versions/A/libSparseBLAS.dylib
0x000000005c9b7000 	/System/Library/Frameworks/ApplicationServices.framework/Versions/A/Frameworks/ATS.framework/Versions/A/Resources/libFontParser.dylib
0x000000005c9b7000 	/System/Library/Frameworks/ApplicationServices.framework/Versions/A/Frameworks/ATS.framework/Versions/A/Resources/libFontRegistry.dylib
0x000000005c9b7000 	/System/Library/Frameworks/ImageIO.framework/Versions/A/Resources/libJPEG.dylib
0x000000005c9b7000 	/System/Library/Frameworks/ImageIO.framework/Versions/A/Resources/libTIFF.dylib
0x000000005c9b7000 	/System/Library/Frameworks/ImageIO.framework/Versions/A/Resources/libPng.dylib
0x000000005c9b7000 	/System/Library/Frameworks/ImageIO.framework/Versions/A/Resources/libGIF.dylib
0x000000005c9b7000 	/System/Library/Frameworks/ImageIO.framework/Versions/A/Resources/libJP2.dylib
0x000000005c9b7000 	/System/Library/Frameworks/ImageIO.framework/Versions/A/Resources/libRadiance.dylib
0x000000005c9b7000 	/usr/lib/libcompression.dylib
0x000000005c9b7000 	/System/Library/PrivateFrameworks/AppleJPEG.framework/Versions/A/AppleJPEG
0x000000005c9b7000 	/usr/lib/libcups.2.dylib
0x000000005c9b7000 	/System/Library/Frameworks/Kerberos.framework/Versions/A/Kerberos
0x000000005c9b7000 	/System/Library/Frameworks/GSS.framework/Versions/A/GSS
0x000000005c9b7000 	/usr/lib/libresolv.9.dylib
0x000000005c9b7000 	/usr/lib/libiconv.2.dylib
0x000000005c9b7000 	/System/Library/PrivateFrameworks/Heimdal.framework/Versions/A/Heimdal
0x000000005c9b7000 	/usr/lib/libheimdal-asn1.dylib
0x000000005c9b7000 	/System/Library/Frameworks/OpenDirectory.framework/Versions/A/OpenDirectory
0x000000005c9b7000 	/System/Library/PrivateFrameworks/CommonAuth.framework/Versions/A/CommonAuth
0x000000005c9b7000 	/System/Library/Frameworks/OpenDirectory.framework/Versions/A/Frameworks/CFOpenDirectory.framework/Versions/A/CFOpenDirectory
0x000000005c9b7000 	/System/Library/Frameworks/SecurityFoundation.framework/Versions/A/SecurityFoundation
0x000000005c9b7000 	/System/Library/PrivateFrameworks/LanguageModeling.framework/Versions/A/LanguageModeling
0x000000005c9b7000 	/usr/lib/libmarisa.dylib
0x000000005c9b7000 	/usr/lib/libChineseTokenizer.dylib
0x000000005c9b7000 	/usr/lib/libcmph.dylib
0x000000005c9b7000 	/System/Library/PrivateFrameworks/CoreEmoji.framework/Versions/A/CoreEmoji
0x000000005c9b7000 	/System/Library/Frameworks/ServiceManagement.framework/Versions/A/ServiceManagement
0x000000005c9b7000 	/usr/lib/libxslt.1.dylib
0x000000005c9b7000 	/System/Library/Frameworks/Carbon.framework/Versions/A/Frameworks/Ink.framework/Versions/A/Ink
0x000000005c9b7000 	/System/Library/PrivateFrameworks/TextureIO.framework/Versions/A/TextureIO
0x000000005c9b7000 	/System/Library/Frameworks/Metal.framework/Versions/A/Metal
0x000000005c9b7000 	/usr/lib/libate.dylib
0x000000005c9b7000 	/System/Library/PrivateFrameworks/GPUCompiler.framework/libmetal_timestamp.dylib
0x000000005c9b7000 	/System/Library/Frameworks/OpenGL.framework/Versions/A/Libraries/libCoreFSCache.dylib
0x000000005c9b7000 	/System/Library/PrivateFrameworks/IOAccelerator.framework/Versions/A/IOAccelerator
0x000000005c9b7000 	/System/Library/Frameworks/CoreVideo.framework/Versions/A/CoreVideo
0x000000005c9b7000 	/usr/lib/libFosl_dynamic.dylib
0x000000005c9b7000 	/System/Library/PrivateFrameworks/MetalPerformanceShaders.framework/Versions/A/MetalPerformanceShaders
0x000000005c9b7000 	/System/Library/PrivateFrameworks/FaceCore.framework/Versions/A/FaceCore
0x000000005c9b7000 	/System/Library/Frameworks/OpenCL.framework/Versions/A/OpenCL
0x000000005c9b7000 	/System/Library/Frameworks/OpenGL.framework/Versions/A/Libraries/libGLU.dylib
0x000000005c9b7000 	/System/Library/Frameworks/OpenGL.framework/Versions/A/Libraries/libGFXShared.dylib
0x000000005c9b7000 	/System/Library/Frameworks/OpenGL.framework/Versions/A/Libraries/libGL.dylib
0x000000005c9b7000 	/System/Library/Frameworks/OpenGL.framework/Versions/A/Libraries/libGLImage.dylib
0x000000005c9b7000 	/System/Library/Frameworks/OpenGL.framework/Versions/A/Libraries/libCVMSPluginSupport.dylib
0x000000005c9b7000 	/System/Library/Frameworks/OpenGL.framework/Versions/A/Libraries/libCoreVMClient.dylib
0x000000005c9b7000 	/System/Library/PrivateFrameworks/CrashReporterSupport.framework/Versions/A/CrashReporterSupport
0x000000005c9b7000 	/System/Library/PrivateFrameworks/Sharing.framework/Versions/A/Sharing
0x000000005c9b7000 	/System/Library/PrivateFrameworks/IconServices.framework/Versions/A/IconServices
0x000000005c9b7000 	/System/Library/PrivateFrameworks/ProtocolBuffer.framework/Versions/A/ProtocolBuffer
0x000000005c9b7000 	/System/Library/PrivateFrameworks/Apple80211.framework/Versions/A/Apple80211
0x000000005c9b7000 	/System/Library/Frameworks/CoreWLAN.framework/Versions/A/CoreWLAN
0x000000005c9b7000 	/System/Library/PrivateFrameworks/CoreUtils.framework/Versions/A/CoreUtils
0x000000005c9b7000 	/System/Library/Frameworks/IOBluetooth.framework/Versions/A/IOBluetooth
0x000000005c9b7000 	/System/Library/PrivateFrameworks/CoreWiFi.framework/Versions/A/CoreWiFi
0x000000005c9b7000 	/System/Library/Frameworks/CoreBluetooth.framework/Versions/A/CoreBluetooth
0x000000005c9b7000 	/System/Library/Frameworks/CoreDisplay.framework/Versions/A/CoreDisplay
0x000000005c9b7000 	/System/Library/PrivateFrameworks/IOPresentment.framework/Versions/A/IOPresentment
0x000000005c9b7000 	/System/Library/PrivateFrameworks/DSExternalDisplay.framework/Versions/A/DSExternalDisplay
0x000000005c9b7000 	/System/Library/PrivateFrameworks/DebugSymbols.framework/Versions/A/DebugSymbols
0x000000005c9b7000 	/System/Library/PrivateFrameworks/CoreSymbolication.framework/Versions/A/CoreSymbolication
0x000000005c9b7000 	/System/Library/PrivateFrameworks/Symbolication.framework/Versions/A/Symbolication
0x000000005c9b7000 	/System/Library/PrivateFrameworks/AppleFSCompression.framework/Versions/A/AppleFSCompression
0x000000005c9b7000 	/System/Library/PrivateFrameworks/SpeechRecognitionCore.framework/Versions/A/SpeechRecognitionCore
0x000000005c9b7000 	/System/Library/PrivateFrameworks/ChunkingLibrary.framework/Versions/A/ChunkingLibrary
0x0000000103c00000 	/Library/Java/JavaVirtualMachines/jdk1.8.0_25.jdk/Contents/Home/jre/lib/server/libjvm.dylib
0x000000005c9b7000 	/usr/lib/libstdc++.6.dylib
0x0000000102a71000 	/Library/Java/JavaVirtualMachines/jdk1.8.0_25.jdk/Contents/Home/jre/lib/libverify.dylib
0x0000000102a7f000 	/Library/Java/JavaVirtualMachines/jdk1.8.0_25.jdk/Contents/Home/jre/lib/libjava.dylib
0x0000000102abd000 	/Library/Java/JavaVirtualMachines/jdk1.8.0_25.jdk/Contents/Home/jre/lib/libzip.dylib
0x0000000107faa000 	/System/Library/Frameworks/JavaVM.framework/Frameworks/JavaRuntimeSupport.framework/JavaRuntimeSupport
0x0000000102beb000 	/System/Library/Frameworks/JavaVM.framework/Versions/A/Frameworks/JavaNativeFoundation.framework/Versions/A/JavaNativeFoundation
0x0000000107fc4000 	/System/Library/Frameworks/JavaVM.framework/Versions/A/JavaVM
0x000000005c9b7000 	/System/Library/Frameworks/Carbon.framework/Versions/A/Carbon
0x000000011fb62000 	/System/Library/PrivateFrameworks/JavaLaunching.framework/Versions/A/JavaLaunching
0x000000005c9b7000 	/System/Library/Frameworks/Carbon.framework/Versions/A/Frameworks/CommonPanels.framework/Versions/A/CommonPanels
0x000000005c9b7000 	/System/Library/Frameworks/Carbon.framework/Versions/A/Frameworks/Help.framework/Versions/A/Help
0x000000005c9b7000 	/System/Library/Frameworks/Carbon.framework/Versions/A/Frameworks/ImageCapture.framework/Versions/A/ImageCapture
0x000000005c9b7000 	/System/Library/Frameworks/Carbon.framework/Versions/A/Frameworks/OpenScripting.framework/Versions/A/OpenScripting
0x000000005c9b7000 	/System/Library/Frameworks/Carbon.framework/Versions/A/Frameworks/Print.framework/Versions/A/Print
0x000000005c9b7000 	/System/Library/Frameworks/Carbon.framework/Versions/A/Frameworks/SecurityHI.framework/Versions/A/SecurityHI
0x000000012166b000 	/Applications/IntelliJ IDEA.app/Contents/bin/libbreakgen64.jnilib
0x000000012166e000 	/Library/Java/JavaVirtualMachines/jdk1.8.0_25.jdk/Contents/Home/jre/lib/libnet.dylib
0x00000001216f1000 	/Library/Java/JavaVirtualMachines/jdk1.8.0_25.jdk/Contents/Home/jre/lib/libawt.dylib
0x00000001217a0000 	/Library/Java/JavaVirtualMachines/jdk1.8.0_25.jdk/Contents/Home/jre/lib/./libmlib_image.dylib
0x000000012186c000 	/Library/Java/JavaVirtualMachines/jdk1.8.0_25.jdk/Contents/Home/jre/lib/libawt_lwawt.dylib
0x000000012191f000 	/Library/Java/JavaVirtualMachines/jdk1.8.0_25.jdk/Contents/Home/jre/lib/./libosxapp.dylib
0x000000005c9b7000 	/System/Library/Frameworks/ExceptionHandling.framework/Versions/A/ExceptionHandling
0x000000005c9b7000 	/System/Library/PrivateFrameworks/CoreServicesInternal.framework/Versions/A/CoreServicesInternal
0x000000005c9b7000 	/System/Library/CoreServices/RawCamera.bundle/Contents/MacOS/RawCamera
0x000000005c9b7000 	/System/Library/Frameworks/Accelerate.framework/Versions/A/Frameworks/vImage.framework/Versions/A/Libraries/libCGInterfaces.dylib
0x000000005c9b7000 	/System/Library/Frameworks/ApplicationServices.framework/Versions/A/Frameworks/ATS.framework/Versions/A/Resources/libTrueTypeScaler.dylib
0x00000001239d3000 	/System/Library/Frameworks/OpenGL.framework/Resources/GLEngine.bundle/GLEngine
0x000000005c9b7000 	/System/Library/Frameworks/OpenGL.framework/Versions/A/Libraries/libGLProgrammability.dylib
0x0000000123bb8000 	/System/Library/Extensions/AppleIntelHD5000GraphicsGLDriver.bundle/Contents/MacOS/AppleIntelHD5000GraphicsGLDriver
0x000000005c9b7000 	/System/Library/PrivateFrameworks/GPUSupport.framework/Versions/A/Libraries/libGPUSupportMercury.dylib
0x000000005c9b7000 	/System/Library/Extensions/GeForceGLDriver.bundle/Contents/MacOS/GeForceGLDriver
0x000000005c9b7000 	/System/Library/Extensions/GeForceGLDriver.bundle/Contents/MacOS/libclh.dylib
0x0000000124326000 	/System/Library/Frameworks/OpenGL.framework/Resources//GLRendererFloat.bundle/GLRendererFloat
0x000000005c9b7000 	/System/Library/Frameworks/OpenCL.framework/Versions/A/Libraries/libcldcpuengine.dylib
0x000000005c9b7000 	/usr/lib/libcrypto.0.9.8.dylib
0x000000005c9b7000 	/System/Library/PrivateFrameworks/TrustEvaluationAgent.framework/Versions/A/TrustEvaluationAgent
0x000000005c9b7000 	/System/Library/Extensions/GeForceMTLDriver.bundle/Contents/MacOS/GeForceMTLDriver
0x000000012436e000 	/System/Library/Extensions/AppleIntelHD5000GraphicsMTLDriver.bundle/Contents/MacOS/AppleIntelHD5000GraphicsMTLDriver
0x000000005c9b7000 	/System/Library/PrivateFrameworks/FamilyControls.framework/Versions/A/FamilyControls
0x000000005c9b7000 	/System/Library/PrivateFrameworks/CommerceKit.framework/Versions/A/Frameworks/CommerceCore.framework/Versions/A/CommerceCore
0x000000005c9b7000 	/System/Library/PrivateFrameworks/SystemAdministration.framework/Versions/A/SystemAdministration
0x000000005c9b7000 	/System/Library/PrivateFrameworks/AppContainer.framework/Versions/A/AppContainer
0x000000005c9b7000 	/System/Library/PrivateFrameworks/SecCodeWrapper.framework/Versions/A/SecCodeWrapper
0x000000005c9b7000 	/System/Library/Frameworks/DirectoryService.framework/Versions/A/DirectoryService
0x000000005c9b7000 	/System/Library/PrivateFrameworks/DiskImages.framework/Versions/A/DiskImages
0x000000005c9b7000 	/System/Library/PrivateFrameworks/LoginUIKit.framework/Versions/A/Frameworks/LoginUICore.framework/Versions/A/LoginUICore
0x000000005c9b7000 	/usr/lib/libCoreStorage.dylib
0x000000005c9b7000 	/usr/lib/libcsfde.dylib
0x000000005c9b7000 	/usr/lib/libodfde.dylib
0x000000005c9b7000 	/System/Library/Frameworks/DiscRecording.framework/Versions/A/DiscRecording
0x000000005c9b7000 	/usr/lib/libcurl.4.dylib
0x000000005c9b7000 	/System/Library/PrivateFrameworks/MediaKit.framework/Versions/A/MediaKit
0x000000005c9b7000 	/System/Library/PrivateFrameworks/ProtectedCloudStorage.framework/Versions/A/ProtectedCloudStorage
0x000000005c9b7000 	/System/Library/PrivateFrameworks/EFILogin.framework/Versions/A/EFILogin
0x000000005c9b7000 	/usr/lib/libutil.dylib
0x000000005c9b7000 	/System/Library/Frameworks/LDAP.framework/Versions/A/LDAP
0x000000005c9b7000 	/usr/lib/libsasl2.2.dylib
0x000000005c9b7000 	/System/Library/PrivateFrameworks/CoreDaemon.framework/Versions/B/CoreDaemon
0x000000005c9b7000 	/System/Library/PrivateFrameworks/AppleSRP.framework/Versions/A/AppleSRP
0x000000005c9b7000 	/System/Library/PrivateFrameworks/APFS.framework/Versions/A/APFS
0x000000012579d000 	/Library/Java/JavaVirtualMachines/jdk1.8.0_25.jdk/Contents/Home/jre/lib/libfontmanager.dylib
0x00000001260b2000 	/Library/Java/JavaVirtualMachines/jdk1.8.0_25.jdk/Contents/Home/jre/lib/libprism_es2.dylib
0x000000005c9b7000 	/System/Library/PrivateFrameworks/ViewBridge.framework/Versions/A/ViewBridge
0x000000005c9b7000 	/System/Library/PrivateFrameworks/XPCService.framework/Versions/A/XPCService
0x000000005c9b7000 	/System/Library/PrivateFrameworks/AppSandbox.framework/Versions/A/AppSandbox
0x000000005c9b7000 	/usr/lib/libsandbox.1.dylib
0x000000005c9b7000 	/usr/lib/libMatch.1.dylib
0x0000000126508000 	/Library/Java/JavaVirtualMachines/jdk1.8.0_25.jdk/Contents/Home/jre/lib/libglass.dylib
0x0000000127af7000 	/Library/Java/JavaVirtualMachines/jdk1.8.0_25.jdk/Contents/Home/jre/lib/libjavafx_font.dylib
0x000000012a168000 	/Library/Java/JavaVirtualMachines/jdk1.8.0_25.jdk/Contents/Home/jre/lib/libnio.dylib
0x000000012a481000 	/Library/Java/JavaVirtualMachines/jdk1.8.0_25.jdk/Contents/Home/jre/lib/libdcpr.dylib
0x000000012a4af000 	/Library/Java/JavaVirtualMachines/jdk1.8.0_25.jdk/Contents/Home/jre/lib/libt2k.dylib
0x0000000127ea6000 	/Library/Java/JavaVirtualMachines/jdk1.8.0_25.jdk/Contents/Home/jre/lib/libAppleScriptEngine.dylib
0x00000001239c8000 	/System/Library/Components/AppleScript.component/Contents/MacOS/AppleScript
0x000000012aa3f000 	/System/Library/PrivateFrameworks/AppleScript.framework/Versions/A/AppleScript
0x000000005c9b7000 	/System/Library/Frameworks/AppleScriptObjC.framework/Versions/A/AppleScriptObjC
0x000000005c9b7000 	/usr/lib/libffi.dylib
0x00000001237e5000 	/Library/Java/JavaVirtualMachines/jdk1.8.0_25.jdk/Contents/Home/jre/lib/libprism_common.dylib

VM Arguments:
jvm_args: -Didea.launcher.port=7545 -Didea.launcher.bin.path=/Applications/IntelliJ IDEA.app/Contents/bin -Dfile.encoding=UTF-8 
java_command: com.intellij.rt.execution.application.AppMain JGrapher
java_class_path (initial): /Library/Java/JavaVirtualMachines/jdk1.8.0_25.jdk/Contents/Home/jre/lib/charsets.jar:/Library/Java/JavaVirtualMachines/jdk1.8.0_25.jdk/Contents/Home/jre/lib/deploy.jar:/Library/Java/JavaVirtualMachines/jdk1.8.0_25.jdk/Contents/Home/jre/lib/ext/cldrdata.jar:/Library/Java/JavaVirtualMachines/jdk1.8.0_25.jdk/Contents/Home/jre/lib/ext/dnsns.jar:/Library/Java/JavaVirtualMachines/jdk1.8.0_25.jdk/Contents/Home/jre/lib/ext/jfxrt.jar:/Library/Java/JavaVirtualMachines/jdk1.8.0_25.jdk/Contents/Home/jre/lib/ext/localedata.jar:/Library/Java/JavaVirtualMachines/jdk1.8.0_25.jdk/Contents/Home/jre/lib/ext/nashorn.jar:/Library/Java/JavaVirtualMachines/jdk1.8.0_25.jdk/Contents/Home/jre/lib/ext/sunec.jar:/Library/Java/JavaVirtualMachines/jdk1.8.0_25.jdk/Contents/Home/jre/lib/ext/sunjce_provider.jar:/Library/Java/JavaVirtualMachines/jdk1.8.0_25.jdk/Contents/Home/jre/lib/ext/sunpkcs11.jar:/Library/Java/JavaVirtualMachines/jdk1.8.0_25.jdk/Contents/Home/jre/lib/ext/zipfs.jar:/Library/Java/JavaVirtualMachines/jdk1.8.0_25.jdk/Contents/Home/jre/lib/javaws.jar:/Library/Java/JavaVirtualMachines/jdk1.8.0_25.jdk/Contents/Home/jre/lib/jce.jar:/Library/Java/JavaVirtualMachines/jdk1.8.0_25.jdk/Contents/Home/jre/lib/jfr.jar:/Library/Java/JavaVirtualMachines/jdk1.8.0_25.jdk/Contents/Home/jre/lib/jfxswt.jar:/Library/Java/JavaVirtualMachines/jdk1.8.0_25.jdk/Contents/Home/jre/lib/jsse.jar:/Library/Java/JavaVirtualMachines/jdk1.8.0_25.jdk/Contents/Home/jre/lib/management-agent.jar:/Library/Java/JavaVirtualMachines/jdk1.8.0_25.jdk/Contents/Home/jre/lib/plugin.jar:/Library/Java/JavaVirtualMachines/jdk1.8.0_25.jdk/Contents/Home/jre/lib/resources.jar:/Library/Java/JavaVirtualMachines/jdk1.8.0_25.jdk/Contents/Home/jre/lib/rt.jar:/Library/Java/JavaVirtualMachines/jdk1.8.0_25.jdk/Contents/Home/lib/ant-javafx.jar:/Library/Java/JavaVirtualMachines/jdk1.8.0_25.jdk/Contents/Home/lib/dt.jar:/Library/Java/JavaVirtualMachines/jdk1.8.0_25.jdk/Contents/Home/lib/javafx-mx.jar:/Library/Java/Jav
Launcher Type: SUN_STANDARD

Environment Variables:
PATH=/usr/local/bin:/usr/bin:/bin:/usr/sbin:/sbin:/opt/X11/bin
SHELL=/bin/bash

Signal Handlers:
SIGSEGV: [libjvm.dylib+0x579dc7], sa_mask[0]=11111111011111110111111111111111, sa_flags=SA_ONSTACK|SA_RESTART|SA_SIGINFO
SIGBUS: [libjvm.dylib+0x579dc7], sa_mask[0]=11111111011111110111111111111111, sa_flags=SA_RESTART|SA_SIGINFO
SIGFPE: [libjvm.dylib+0x45b030], sa_mask[0]=11111111011111110111111111111111, sa_flags=SA_RESTART|SA_SIGINFO
SIGPIPE: [libjvm.dylib+0x45b030], sa_mask[0]=11111111011111110111111111111111, sa_flags=SA_RESTART|SA_SIGINFO
SIGXFSZ: [libjvm.dylib+0x45b030], sa_mask[0]=11111111011111110111111111111111, sa_flags=SA_RESTART|SA_SIGINFO
SIGILL: [libjvm.dylib+0x45b030], sa_mask[0]=11111111011111110111111111111111, sa_flags=SA_RESTART|SA_SIGINFO
SIGUSR1: SIG_DFL, sa_mask[0]=00000000000000000000000000000000, sa_flags=none
SIGUSR2: [libjvm.dylib+0x45ab4e], sa_mask[0]=00100000000000000000000000000000, sa_flags=SA_RESTART|SA_SIGINFO
SIGHUP: [libjvm.dylib+0x459121], sa_mask[0]=11111111011111110111111111111111, sa_flags=SA_RESTART|SA_SIGINFO
SIGINT: [libjvm.dylib+0x459121], sa_mask[0]=11111111011111110111111111111111, sa_flags=SA_RESTART|SA_SIGINFO
SIGTERM: [libjvm.dylib+0x459121], sa_mask[0]=11111111011111110111111111111111, sa_flags=SA_RESTART|SA_SIGINFO
SIGQUIT: [libjvm.dylib+0x459121], sa_mask[0]=11111111011111110111111111111111, sa_flags=SA_RESTART|SA_SIGINFO


---------------  S Y S T E M  ---------------

OS:Bsduname:Darwin 16.5.0 Darwin Kernel Version 16.5.0: Fri Mar  3 16:52:33 PST 2017; root:xnu-3789.51.2~3/RELEASE_X86_64 x86_64
rlimit: STACK 8192k, CORE 0k, NPROC 709, NOFILE 10240, AS infinity
load average:1.42 1.64 1.65

CPU:total 8 (4 cores per cpu, 2 threads per core) family 6 model 70 stepping 1, cmov, cx8, fxsr, mmx, sse, sse2, sse3, ssse3, sse4.1, sse4.2, popcnt, avx, avx2, aes, clmul, erms, rtm, lzcnt, ht, tsc, tscinvbit, bmi1, bmi2

Memory: 4k page, physical 16777216k(785296k free)

/proc/meminfo:


vm_info: Java HotSpot(TM) 64-Bit Server VM (25.25-b02) for bsd-amd64 JRE (1.8.0_25-b17), built on Sep 17 2014 16:56:50 by "java_re" with gcc 4.2.1 (Based on Apple Inc. build 5658) (LLVM build 2336.11.00)

time: Mon May 22 12:45:43 2017
elapsed time: 289 seconds (0d 0h 4m 49s)

