#
# A fatal error has been detected by the Java Runtime Environment:
#
#  SIGBUS (0xa) at pc=0x00007fffd33b11bf, pid=33948, tid=775
#
# JRE version: Java(TM) SE Runtime Environment (8.0_25-b17) (build 1.8.0_25-b17)
# Java VM: Java HotSpot(TM) 64-Bit Server VM (25.25-b02 mixed mode bsd-amd64 compressed oops)
# Problematic frame:
# C  [CoreGraphics+0x371bf]  decode_swap+0x9b
#
# Failed to write core dump. Core dumps have been disabled. To enable core dumping, try "ulimit -c unlimited" before starting Java again
#
# If you would like to submit a bug report, please visit:
#   http://bugreport.sun.com/bugreport/crash.jsp
# The crash happened outside the Java Virtual Machine in native code.
# See problematic frame for where to report the bug.
#

---------------  T H R E A D  ---------------

Current thread (0x00007fe99c96c800):  JavaThread "JavaFX Application Thread" daemon [_thread_in_native, id=775, stack(0x00007fff558dc000,0x00007fff560dc000)]

siginfo: si_signo: 10 (SIGBUS), si_code: 2 (BUS_ADRERR), si_addr: 0x000000076cd78dc8

Registers:
RAX=0x00007fe9a0b2f540, RBX=0x00007fe9a0b10d40, RCX=0x0000000000000200, RDX=0x000000076cd78dc8
RSP=0x00007fff560d2128, RBP=0x00007fff560d2140, RSI=0x00007fe9a0b2f540, RDI=0x00007fe9a0b2f740
R8 =0x00000000000001f0, R9 =0x00000000000001f0, R10=0x000000076cd78fc8, R11=0x0000000000000004
R12=0x000000076cd78dc8, R13=0x000000076cd78dc8, R14=0x00007fe9a3359960, R15=0x000000076cd78dc8
RIP=0x00007fffd33b11bf, EFLAGS=0x0000000000010206, ERR=0x0000000000000004
  TRAPNO=0x000000000000000e

Top of Stack: (sp=0x00007fff560d2128)
0x00007fff560d2128:   00007fe9a0b10d40 00007fe9a3359960
0x00007fff560d2138:   000000076cd78dc8 00007fff560d22c0
0x00007fff560d2148:   00007fffd33ad297 00007fe9a333d200
0x00007fff560d2158:   0000000000000020 0000000000000080
0x00007fff560d2168:   00007fe9a333d280 00007fff560d2610
0x00007fff560d2178:   00007fffd3484731 00007fff560d21e0
0x00007fff560d2188:   00007fffe7dd818b 0000000000000600
0x00007fff560d2198:   000000005f4ef1c0 0000000000000020
0x00007fff560d21a8:   3fcf3e7cf9f3e7d0 00000014560d2208
0x00007fff560d21b8:   0000000000000080 0000000000000000
0x00007fff560d21c8:   00007fff560d21e0 3fcf3e7cf9f3e7d0
0x00007fff560d21d8:   0000000000000000 bf43179600000000
0x00007fff560d21e8:   bf98e4d500000001 bfb1ea3600000000
0x00007fff560d21f8:   bfb4eb3d00000200 3f90209c00000001
0x00007fff560d2208:   3fd074b400000004 0000000000000004
0x00007fff560d2218:   0000000000000080 00007fe9a0b10d40
0x00007fff560d2228:   0000000000000001 3fe2ddb700000003
0x00007fff560d2238:   0000000000000005 00007fe9a3359180
0x00007fff560d2248:   0000000000000008 0000000000000080
0x00007fff560d2258:   0000000000000180 0000000000000200
0x00007fff560d2268:   00007fe9a0b2f540 00007fff00000200
0x00007fff560d2278:   00007fff00000003 0000002000000008
0x00007fff560d2288:   0000000000000020 00007fff00000000
0x00007fff560d2298:   0000000000000005 0000000000000000
0x00007fff560d22a8:   0000000000000000 00007fff560d2900
0x00007fff560d22b8:   070a79246fb20059 00007fff560d23b0
0x00007fff560d22c8:   00007fffd3554970 00007fe900000180
0x00007fff560d22d8:   00007fe9a3359960 00007fff00000080
0x00007fff560d22e8:   00007fffd35548da 0000000109b42a00
0x00007fff560d22f8:   0000000109b46600 00007fff560d23e0
0x00007fff560d2308:   00007fffe884c472 070a79246fb20059
0x00007fff560d2318:   0000000000000003 0000000000000005 

Instructions: (pc=0x00007fffd33b11bf)
0x00007fffd33b119f:   c1 eb 5f 83 f9 10 7c 7c 44 8d 41 f0 45 89 c1 41
0x00007fffd33b11af:   83 e1 f0 4a 8d 7c 0e 10 4e 8d 54 0a 10 48 89 f0
0x00007fffd33b11bf:   8b 1a 44 8b 5a 04 44 8b 72 08 44 8b 7a 0c 0f 38
0x00007fffd33b11cf:   f1 18 44 0f 38 f1 58 04 44 0f 38 f1 70 08 44 0f 

Register to memory mapping:

RAX=0x00007fe9a0b2f540 is an unknown value
RBX=0x00007fe9a0b10d40 is an unknown value
RCX=0x0000000000000200 is an unknown value
RDX=0x000000076cd78dc8 is an unallocated location in the heap
RSP=0x00007fff560d2128 is pointing into the stack for thread: 0x00007fe99c96c800
RBP=0x00007fff560d2140 is pointing into the stack for thread: 0x00007fe99c96c800
RSI=0x00007fe9a0b2f540 is an unknown value
RDI=0x00007fe9a0b2f740 is an unknown value
R8 =0x00000000000001f0 is an unknown value
R9 =0x00000000000001f0 is an unknown value
R10=0x000000076cd78fc8 is an unallocated location in the heap
R11=0x0000000000000004 is an unknown value
R12=0x000000076cd78dc8 is an unallocated location in the heap
R13=0x000000076cd78dc8 is an unallocated location in the heap
R14=0x00007fe9a3359960 is an unknown value
R15=0x000000076cd78dc8 is an unallocated location in the heap


Stack: [0x00007fff558dc000,0x00007fff560dc000],  sp=0x00007fff560d2128,  free space=8152k
Native frames: (J=compiled Java code, j=interpreted, Vv=VM code, C=native code)
C  [CoreGraphics+0x371bf]  decode_swap+0x9b
C  [CoreGraphics+0x33297]  decode_data+0x9d9
C  [CoreGraphics+0x1da970]  img_decode_read+0x135
C  [CoreGraphics+0x1df03d]  img_interpolate_read+0x18e
C  [CoreGraphics+0x1df67d]  img_colormatch_read+0x16d
C  [CoreGraphics+0x1dfb32]  img_alphamerge_read+0x20e
C  [CoreGraphics+0x1e4495]  img_data_lock+0x29d3
C  [CoreGraphics+0x1e1a84]  CGSImageDataLock+0xf7
C  [CoreGraphics+0x749fe]  ripc_AcquireImage+0x3df
C  [CoreGraphics+0x830d2]  ripc_DrawImage+0x363
C  [CoreGraphics+0xfb34a]  CGContextDelegateDrawImage+0x30
C  [CoreGraphics+0x1ea767]  CGContextDrawImageWithOptions+0x21b
C  [CoreGraphics+0x1eaa18]  CGContextDrawImage+0x33
C  [AppKit+0x1ab721]  __74-[NSImageRep drawInRect:fromRect:operation:fraction:respectFlipped:hints:]_block_invoke+0x2e6
C  [AppKit+0x1ab245]  -[NSImageRep drawInRect:fromRect:operation:fraction:respectFlipped:hints:]+0x432
C  [AppKit+0x63231b]  __71-[NSImage drawInRect:fromRect:operation:fraction:respectFlipped:hints:]_block_invoke.1352+0x464
C  [AppKit+0x175913]  -[NSImage _usingBestRepresentationForRect:context:hints:body:]+0xa4
C  [AppKit+0x1b2bb8]  -[NSImage drawInRect:fromRect:operation:fraction:respectFlipped:hints:]+0x7ec
C  [AppKit+0x1a9850]  -[NSImage _drawMappingAlignmentRectToRect:withState:backgroundStyle:operation:fraction:flip:hints:]+0x626
C  [AppKit+0x27f909]  -[NSThemeDocumentButtonCell drawWithFrame:inView:]+0x25d
C  [AppKit+0x1a74a1]  -[NSControl drawRect:]+0x15c
C  [AppKit+0x1a58e3]  -[NSView(NSInternal) _recursive:displayRectIgnoringOpacity:inGraphicsContext:CGContext:topView:shouldChangeFontReferenceColor:]+0x526
C  [AppKit+0x1a5289]  __46-[NSView(NSLayerKitGlue) drawLayer:inContext:]_block_invoke+0x10b
C  [AppKit+0x1a4db1]  -[NSView(NSLayerKitGlue) _drawViewBackingLayer:inContext:drawingHandler:]+0x635
C  [AppKit+0x1a4776]  -[NSView(NSLayerKitGlue) drawLayer:inContext:]+0x50
C  [QuartzCore+0x13665]  CABackingStoreUpdate_+0xebb
C  [QuartzCore+0x132598]  invocation function for block in CA::Layer::display_()+0x4b
C  [QuartzCore+0x1320b0]  CA::Layer::display_()+0x5b4
C  [AppKit+0x1a360e]  _NSBackingLayerDisplay+0x241
C  [AppKit+0x196876]  -[_NSViewBackingLayer display]+0x375
C  [QuartzCore+0x126092]  CA::Layer::display_if_needed(CA::Transaction*)+0x23c
C  [QuartzCore+0x1261bd]  CA::Layer::layout_and_display_if_needed(CA::Transaction*)+0x23
C  [QuartzCore+0x11b968]  CA::Context::commit_transaction(CA::Transaction*)+0x118
C  [QuartzCore+0x108a1]  CA::Transaction::commit()+0x1db
C  [AppKit+0xa8b194]  -[_NSFullScreenTransition enterFullScreenTransitionWithPresentationOptions:options:]+0x540
C  [AppKit+0xa8e326]  -[_NSWindowFullScreenTransition enterFullScreenTransitionForWindow:options:]+0x1e1
C  [AppKit+0x8e659a]  -[NSWindow _enterFullScreenMode:options:]+0x154
C  [AppKit+0x8e6437]  -[NSWindow _enterFullScreenMode:options:implicitlyTile:]+0x96
C  [AppKit+0x3461f2]  -[NSWindow enterFullScreenMode:]+0x7b
C  [libsystem_trace.dylib+0x33a7]  _os_activity_initiate_impl+0x35
C  [AppKit+0x7c4791]  -[NSApplication(NSResponder) sendAction:to:from:]+0x1c8
C  [AppKit+0x2a9000]  -[NSControl sendAction:to:]+0x56
C  [AppKit+0x2a8f28]  __26-[NSCell _sendActionFrom:]_block_invoke+0x88
C  [libsystem_trace.dylib+0x33a7]  _os_activity_initiate_impl+0x35
C  [AppKit+0x2a8e80]  -[NSCell _sendActionFrom:]+0x80
C  [AppKit+0x2eb875]  -[NSButtonCell _sendActionFrom:]+0x62
C  [AppKit+0x872473]  -[_NSThemeZoomWidgetCell _sendActionFrom:]+0x45
C  [libsystem_trace.dylib+0x33a7]  _os_activity_initiate_impl+0x35
C  [AppKit+0x2a7762]  -[NSCell trackMouse:inRect:ofView:untilMouseUp:]+0x9b1
C  [AppKit+0x2eb5ae]  -[NSButtonCell trackMouse:inRect:ofView:untilMouseUp:]+0x31e
C  [AppKit+0x87213c]  -[_NSThemeZoomWidgetCell trackMouse:inRect:ofView:untilMouseUp:]+0x125
C  [AppKit+0x2a6117]  -[NSControl mouseDown:]+0x340
C  [AppKit+0x346012]  -[_NSThemeWidget mouseDown:]+0x57
C  [AppKit+0x8724a6]  -[_NSThemeZoomWidget mouseDown:]+0x27
C  [AppKit+0x9402bf]  -[NSWindow(NSEventRouting) _handleMouseDownEvent:isDelayedEvent:]+0x18c5
C  [AppKit+0x93cadc]  -[NSWindow(NSEventRouting) _reallySendEvent:isDelayedEvent:]+0x796
C  [AppKit+0x93bf7a]  -[NSWindow(NSEventRouting) sendEvent:]+0x21d
C  [libglass.dylib+0x241e5]  -[GlassWindow_Normal sendEvent:]+0x75
C  [AppKit+0x7c06f1]  -[NSApplication(NSEvent) sendEvent:]+0x479
C  [libosxapp.dylib+0x23ac]  -[NSApplicationAWT sendEvent:]+0x109
C  [AppKit+0x3b7f7]  -[NSApplication run]+0x3ea
C  [libosxapp.dylib+0x223e]  +[NSApplicationAWT runAWTLoopWithApp:]+0x9c
C  [libawt_lwawt.dylib+0x4494f]  -[AWTStarter starter:]+0x389
C  [Foundation+0x7184a]  __NSThreadPerformPerform+0x146
C  [CoreFoundation+0xa73c1]  __CFRUNLOOP_IS_CALLING_OUT_TO_A_SOURCE0_PERFORM_FUNCTION__+0x11
C  [CoreFoundation+0x882cd]  __CFRunLoopDoSources0+0x22d
C  [CoreFoundation+0x877c6]  __CFRunLoopRun+0x3a6
C  [CoreFoundation+0x871c4]  CFRunLoopRunSpecific+0x1a4
C  [java+0x56cc]  CreateExecutionEnvironment+0x367
C  [java+0x165c]  JLI_Launch+0x7a0
C  [java+0x768a]  main+0x65
C  [java+0xeb4]  start+0x34
C  0x0000000000000008


---------------  P R O C E S S  ---------------

Java Threads: ( => current thread )
  0x00007fe99aa00000 JavaThread "Prism Font Disposer" daemon [_thread_blocked, id=62443, stack(0x000070000e97d000,0x000070000ea7d000)]
  0x00007fe99c987000 JavaThread "Processing-FX-ExceptionHandler" daemon [_thread_blocked, id=73487, stack(0x000070000e87a000,0x000070000e97a000)]
  0x00007fe99c159000 JavaThread "Thread-5" daemon [_thread_in_native, id=72963, stack(0x000070000e7f7000,0x000070000e877000)]
  0x00007fe998970800 JavaThread "Thread-4" daemon [_thread_blocked, id=69635, stack(0x000070000e671000,0x000070000e771000)]
  0x00007fe99a8db000 JavaThread "JavaFX-Launcher" [_thread_blocked, id=69123, stack(0x000070000e56e000,0x000070000e66e000)]
  0x00007fe99c99a800 JavaThread "Thread-2" [_thread_blocked, id=68611, stack(0x000070000e46b000,0x000070000e56b000)]
  0x00007fe99a8d1000 JavaThread "QuantumRenderer-0" daemon [_thread_blocked, id=67599, stack(0x000070000e368000,0x000070000e468000)]
  0x00007fe998902000 JavaThread "Java2D Disposer" daemon [_thread_blocked, id=66831, stack(0x000070000e265000,0x000070000e365000)]
  0x00007fe99b9c7800 JavaThread "Java2D Queue Flusher" daemon [_thread_blocked, id=59911, stack(0x000070000e0df000,0x000070000e1df000)]
  0x00007fe99888a800 JavaThread "AWT-Shutdown" [_thread_blocked, id=33311, stack(0x000070000de53000,0x000070000df53000)]
=>0x00007fe99c96c800 JavaThread "JavaFX Application Thread" daemon [_thread_in_native, id=775, stack(0x00007fff558dc000,0x00007fff560dc000)]
  0x00007fe99c042800 JavaThread "DestroyJavaVM" [_thread_blocked, id=7171, stack(0x000070000c891000,0x000070000c991000)]
  0x00007fe99a085000 JavaThread "Monitor Ctrl-Break" daemon [_thread_in_native, id=22275, stack(0x000070000dbca000,0x000070000dcca000)]
  0x00007fe99b818000 JavaThread "Service Thread" daemon [_thread_blocked, id=21251, stack(0x000070000d9c4000,0x000070000dac4000)]
  0x00007fe99a82b000 JavaThread "C1 CompilerThread3" daemon [_thread_blocked, id=20739, stack(0x000070000d8c1000,0x000070000d9c1000)]
  0x00007fe99b001800 JavaThread "C2 CompilerThread2" daemon [_thread_blocked, id=20227, stack(0x000070000d7be000,0x000070000d8be000)]
  0x00007fe99c801000 JavaThread "C2 CompilerThread1" daemon [_thread_blocked, id=19715, stack(0x000070000d6bb000,0x000070000d7bb000)]
  0x00007fe99b000800 JavaThread "C2 CompilerThread0" daemon [_thread_blocked, id=19203, stack(0x000070000d5b8000,0x000070000d6b8000)]
  0x00007fe99b00c800 JavaThread "Signal Dispatcher" daemon [_thread_blocked, id=18691, stack(0x000070000d4b5000,0x000070000d5b5000)]
  0x00007fe99a852800 JavaThread "Finalizer" daemon [_thread_blocked, id=14595, stack(0x000070000d3b2000,0x000070000d4b2000)]
  0x00007fe99880d800 JavaThread "Reference Handler" daemon [_thread_blocked, id=14083, stack(0x000070000d2af000,0x000070000d3af000)]

Other Threads:
  0x00007fe99a852000 VMThread [stack: 0x000070000d1ac000,0x000070000d2ac000] [id=13571]
  0x00007fe99b810800 WatcherThread [stack: 0x000070000dac7000,0x000070000dbc7000] [id=21763]

VM state:not at safepoint (normal execution)

VM Mutex/Monitor currently owned by a thread: None

Heap:
 PSYoungGen      total 31232K, used 11034K [0x000000076ab00000, 0x000000076ca80000, 0x00000007c0000000)
  eden space 30720K, 34% used [0x000000076ab00000,0x000000076b56e930,0x000000076c900000)
  from space 512K, 68% used [0x000000076ca00000,0x000000076ca58000,0x000000076ca80000)
  to   space 512K, 0% used [0x000000076c980000,0x000000076c980000,0x000000076ca00000)
 ParOldGen       total 175104K, used 101836K [0x00000006c0000000, 0x00000006cab00000, 0x000000076ab00000)
  object space 175104K, 58% used [0x00000006c0000000,0x00000006c6373018,0x00000006cab00000)
 Metaspace       used 18912K, capacity 19568K, committed 19712K, reserved 1067008K
  class space    used 2273K, capacity 2439K, committed 2560K, reserved 1048576K

Card table byte_map: [0x000000010bedc000,0x000000010c6dd000] byte_map_base: 0x00000001088dc000

Marking Bits: (ParMarkBitMap*) 0x000000010b49d390
 Begin Bits: [0x000000010cc33000, 0x0000000110c33000)
 End Bits:   [0x0000000110c33000, 0x0000000114c33000)

Polling page: 0x0000000109be2000

CodeCache: size=245760Kb used=9262Kb max_used=11526Kb free=236497Kb
 bounds [0x00000001176f3000, 0x0000000118243000, 0x00000001266f3000]
 total_blobs=3788 nmethods=3001 adapters=701
 compilation: enabled

Compilation events (10 events):
Event: 783.399 Thread 0x00007fe99a82b000 nmethod 4107 0x00000001179fa610 code [0x00000001179fa7a0, 0x00000001179fab28]
Event: 783.399 Thread 0x00007fe99a82b000 4108       3       com.sun.javafx.font.coretext.CTGlyph::getHeight (16 bytes)
Event: 783.399 Thread 0x00007fe99a82b000 nmethod 4108 0x0000000117c50110 code [0x0000000117c50280, 0x0000000117c50468]
Event: 783.400 Thread 0x00007fe99a82b000 4109       3       com.sun.javafx.font.coretext.CTFontStrike::createGlyph (14 bytes)
Event: 783.400 Thread 0x00007fe99a82b000 nmethod 4109 0x0000000117c4fc10 code [0x0000000117c4fd80, 0x0000000117c50010]
Event: 783.400 Thread 0x00007fe99a82b000 4110       3       com.sun.javafx.font.coretext.CTGlyph::<init> (20 bytes)
Event: 783.401 Thread 0x00007fe99a82b000 nmethod 4110 0x00000001181fdc10 code [0x00000001181fdd80, 0x00000001181fdf50]
Event: 783.401 Thread 0x00007fe99a82b000 4113       3       com.sun.javafx.font.coretext.CTGlyph::getCachedContext (26 bytes)
Event: 783.401 Thread 0x00007fe99a82b000 nmethod 4113 0x000000011820c910 code [0x000000011820ca80, 0x000000011820cc88]
Event: 783.408 Thread 0x00007fe99b001800 nmethod 4102 0x00000001179e3bd0 code [0x00000001179e3e40, 0x00000001179e58a8]

GC Heap History (10 events):
Event: 776.924 GC heap before
{Heap before GC invocations=406 (full 0):
 PSYoungGen      total 31232K, used 30848K [0x000000076ab00000, 0x000000076ca80000, 0x00000007c0000000)
  eden space 30720K, 100% used [0x000000076ab00000,0x000000076c900000,0x000000076c900000)
  from space 512K, 25% used [0x000000076c980000,0x000000076c9a0000,0x000000076ca00000)
  to   space 512K, 0% used [0x000000076ca00000,0x000000076ca00000,0x000000076ca80000)
 ParOldGen       total 175104K, used 101812K [0x00000006c0000000, 0x00000006cab00000, 0x000000076ab00000)
  object space 175104K, 58% used [0x00000006c0000000,0x00000006c636d018,0x00000006cab00000)
 Metaspace       used 18902K, capacity 19556K, committed 19712K, reserved 1067008K
  class space    used 2272K, capacity 2437K, committed 2560K, reserved 1048576K
Event: 776.925 GC heap after
Heap after GC invocations=406 (full 0):
 PSYoungGen      total 31232K, used 128K [0x000000076ab00000, 0x000000076ca80000, 0x00000007c0000000)
  eden space 30720K, 0% used [0x000000076ab00000,0x000000076ab00000,0x000000076c900000)
  from space 512K, 25% used [0x000000076ca00000,0x000000076ca20000,0x000000076ca80000)
  to   space 512K, 0% used [0x000000076c980000,0x000000076c980000,0x000000076ca00000)
 ParOldGen       total 175104K, used 101828K [0x00000006c0000000, 0x00000006cab00000, 0x000000076ab00000)
  object space 175104K, 58% used [0x00000006c0000000,0x00000006c6371018,0x00000006cab00000)
 Metaspace       used 18902K, capacity 19556K, committed 19712K, reserved 1067008K
  class space    used 2272K, capacity 2437K, committed 2560K, reserved 1048576K
}
Event: 778.561 GC heap before
{Heap before GC invocations=407 (full 0):
 PSYoungGen      total 31232K, used 30848K [0x000000076ab00000, 0x000000076ca80000, 0x00000007c0000000)
  eden space 30720K, 100% used [0x000000076ab00000,0x000000076c900000,0x000000076c900000)
  from space 512K, 25% used [0x000000076ca00000,0x000000076ca20000,0x000000076ca80000)
  to   space 512K, 0% used [0x000000076c980000,0x000000076c980000,0x000000076ca00000)
 ParOldGen       total 175104K, used 101828K [0x00000006c0000000, 0x00000006cab00000, 0x000000076ab00000)
  object space 175104K, 58% used [0x00000006c0000000,0x00000006c6371018,0x00000006cab00000)
 Metaspace       used 18902K, capacity 19556K, committed 19712K, reserved 1067008K
  class space    used 2272K, capacity 2437K, committed 2560K, reserved 1048576K
Event: 778.562 GC heap after
Heap after GC invocations=407 (full 0):
 PSYoungGen      total 31232K, used 96K [0x000000076ab00000, 0x000000076ca80000, 0x00000007c0000000)
  eden space 30720K, 0% used [0x000000076ab00000,0x000000076ab00000,0x000000076c900000)
  from space 512K, 18% used [0x000000076c980000,0x000000076c998000,0x000000076ca00000)
  to   space 512K, 0% used [0x000000076ca00000,0x000000076ca00000,0x000000076ca80000)
 ParOldGen       total 175104K, used 101828K [0x00000006c0000000, 0x00000006cab00000, 0x000000076ab00000)
  object space 175104K, 58% used [0x00000006c0000000,0x00000006c6371018,0x00000006cab00000)
 Metaspace       used 18902K, capacity 19556K, committed 19712K, reserved 1067008K
  class space    used 2272K, capacity 2437K, committed 2560K, reserved 1048576K
}
Event: 780.206 GC heap before
{Heap before GC invocations=408 (full 0):
 PSYoungGen      total 31232K, used 30816K [0x000000076ab00000, 0x000000076ca80000, 0x00000007c0000000)
  eden space 30720K, 100% used [0x000000076ab00000,0x000000076c900000,0x000000076c900000)
  from space 512K, 18% used [0x000000076c980000,0x000000076c998000,0x000000076ca00000)
  to   space 512K, 0% used [0x000000076ca00000,0x000000076ca00000,0x000000076ca80000)
 ParOldGen       total 175104K, used 101828K [0x00000006c0000000, 0x00000006cab00000, 0x000000076ab00000)
  object space 175104K, 58% used [0x00000006c0000000,0x00000006c6371018,0x00000006cab00000)
 Metaspace       used 18902K, capacity 19556K, committed 19712K, reserved 1067008K
  class space    used 2272K, capacity 2437K, committed 2560K, reserved 1048576K
Event: 780.208 GC heap after
Heap after GC invocations=408 (full 0):
 PSYoungGen      total 31232K, used 96K [0x000000076ab00000, 0x000000076ca80000, 0x00000007c0000000)
  eden space 30720K, 0% used [0x000000076ab00000,0x000000076ab00000,0x000000076c900000)
  from space 512K, 18% used [0x000000076ca00000,0x000000076ca18000,0x000000076ca80000)
  to   space 512K, 0% used [0x000000076c980000,0x000000076c980000,0x000000076ca00000)
 ParOldGen       total 175104K, used 101828K [0x00000006c0000000, 0x00000006cab00000, 0x000000076ab00000)
  object space 175104K, 58% used [0x00000006c0000000,0x00000006c6371018,0x00000006cab00000)
 Metaspace       used 18902K, capacity 19556K, committed 19712K, reserved 1067008K
  class space    used 2272K, capacity 2437K, committed 2560K, reserved 1048576K
}
Event: 781.833 GC heap before
{Heap before GC invocations=409 (full 0):
 PSYoungGen      total 31232K, used 30816K [0x000000076ab00000, 0x000000076ca80000, 0x00000007c0000000)
  eden space 30720K, 100% used [0x000000076ab00000,0x000000076c900000,0x000000076c900000)
  from space 512K, 18% used [0x000000076ca00000,0x000000076ca18000,0x000000076ca80000)
  to   space 512K, 0% used [0x000000076c980000,0x000000076c980000,0x000000076ca00000)
 ParOldGen       total 175104K, used 101828K [0x00000006c0000000, 0x00000006cab00000, 0x000000076ab00000)
  object space 175104K, 58% used [0x00000006c0000000,0x00000006c6371018,0x00000006cab00000)
 Metaspace       used 18902K, capacity 19556K, committed 19712K, reserved 1067008K
  class space    used 2272K, capacity 2437K, committed 2560K, reserved 1048576K
Event: 781.834 GC heap after
Heap after GC invocations=409 (full 0):
 PSYoungGen      total 31232K, used 64K [0x000000076ab00000, 0x000000076ca80000, 0x00000007c0000000)
  eden space 30720K, 0% used [0x000000076ab00000,0x000000076ab00000,0x000000076c900000)
  from space 512K, 12% used [0x000000076c980000,0x000000076c990000,0x000000076ca00000)
  to   space 512K, 0% used [0x000000076ca00000,0x000000076ca00000,0x000000076ca80000)
 ParOldGen       total 175104K, used 101828K [0x00000006c0000000, 0x00000006cab00000, 0x000000076ab00000)
  object space 175104K, 58% used [0x00000006c0000000,0x00000006c6371018,0x00000006cab00000)
 Metaspace       used 18902K, capacity 19556K, committed 19712K, reserved 1067008K
  class space    used 2272K, capacity 2437K, committed 2560K, reserved 1048576K
}
Event: 783.365 GC heap before
{Heap before GC invocations=410 (full 0):
 PSYoungGen      total 31232K, used 30511K [0x000000076ab00000, 0x000000076ca80000, 0x00000007c0000000)
  eden space 30720K, 99% used [0x000000076ab00000,0x000000076c8bbe30,0x000000076c900000)
  from space 512K, 12% used [0x000000076c980000,0x000000076c990000,0x000000076ca00000)
  to   space 512K, 0% used [0x000000076ca00000,0x000000076ca00000,0x000000076ca80000)
 ParOldGen       total 175104K, used 101828K [0x00000006c0000000, 0x00000006cab00000, 0x000000076ab00000)
  object space 175104K, 58% used [0x00000006c0000000,0x00000006c6371018,0x00000006cab00000)
 Metaspace       used 18907K, capacity 19562K, committed 19712K, reserved 1067008K
  class space    used 2272K, capacity 2438K, committed 2560K, reserved 1048576K
Event: 783.366 GC heap after
Heap after GC invocations=410 (full 0):
 PSYoungGen      total 31232K, used 352K [0x000000076ab00000, 0x000000076ca80000, 0x00000007c0000000)
  eden space 30720K, 0% used [0x000000076ab00000,0x000000076ab00000,0x000000076c900000)
  from space 512K, 68% used [0x000000076ca00000,0x000000076ca58000,0x000000076ca80000)
  to   space 512K, 0% used [0x000000076c980000,0x000000076c980000,0x000000076ca00000)
 ParOldGen       total 175104K, used 101836K [0x00000006c0000000, 0x00000006cab00000, 0x000000076ab00000)
  object space 175104K, 58% used [0x00000006c0000000,0x00000006c6373018,0x00000006cab00000)
 Metaspace       used 18907K, capacity 19562K, committed 19712K, reserved 1067008K
  class space    used 2272K, capacity 2438K, committed 2560K, reserved 1048576K
}

Deoptimization events (10 events):
Event: 783.374 Thread 0x00007fe99a8d1000 Uncommon trap: reason=class_check action=maybe_recompile pc=0x0000000117ca92fc method=com.sun.javafx.tk.RenderJob.run()V @ 91
Event: 783.378 Thread 0x00007fe99c96c800 Uncommon trap: reason=class_check action=maybe_recompile pc=0x0000000117d73004 method=javafx.scene.Node$12.computeBounds()Ljavafx/geometry/Bounds; @ 4
Event: 783.379 Thread 0x00007fe99c96c800 Uncommon trap: reason=class_check action=maybe_recompile pc=0x0000000117cbafb0 method=javafx.scene.Node.impl_geomChanged()V @ 8
Event: 783.379 Thread 0x00007fe99c96c800 Uncommon trap: reason=class_check action=maybe_recompile pc=0x0000000117d73004 method=javafx.scene.Node$12.computeBounds()Ljavafx/geometry/Bounds; @ 4
Event: 783.379 Thread 0x00007fe99c96c800 Uncommon trap: reason=class_check action=maybe_recompile pc=0x0000000117cbafb0 method=javafx.scene.Node.impl_geomChanged()V @ 8
Event: 783.379 Thread 0x00007fe99c96c800 Uncommon trap: reason=class_check action=maybe_recompile pc=0x0000000117cbafb0 method=javafx.scene.Node.impl_geomChanged()V @ 8
Event: 783.382 Thread 0x00007fe99c96c800 Uncommon trap: reason=class_check action=maybe_recompile pc=0x000000011821a710 method=com.sun.javafx.geom.transform.Identity.equals(Ljava/lang/Object;)Z @ 1
Event: 783.382 Thread 0x00007fe99c96c800 Uncommon trap: reason=speculate_class_check action=maybe_recompile pc=0x0000000117c1b6bc method=javafx.scene.Node.impl_syncPeer()V @ 35
Event: 783.382 Thread 0x00007fe99a8d1000 Uncommon trap: reason=class_check action=maybe_recompile pc=0x0000000117df755c method=java.util.concurrent.ThreadPoolExecutor.getTask()Ljava/lang/Runnable; @ 154
Event: 783.416 Thread 0x00007fe99a8d1000 Uncommon trap: reason=class_check action=maybe_recompile pc=0x0000000117ca92fc method=com.sun.javafx.tk.RenderJob.run()V @ 91

Internal exceptions (10 events):
Event: 357.541 Thread 0x00007fe99a8d1000 Implicit null exception at 0x00000001181294be to 0x0000000118129ba9
Event: 357.541 Thread 0x00007fe99a8d1000 Implicit null exception at 0x0000000117e89fd0 to 0x0000000117e8a005
Event: 357.542 Thread 0x00007fe99a8d1000 Implicit null exception at 0x0000000117edc237 to 0x0000000117edc50d
Event: 374.755 Thread 0x00007fe99c96c800 Exception <a 'java/security/PrivilegedActionException'> (0x000000076adb2bf8) thrown at [/HUDSON3/workspace/8-2-build-macosx-x86_64/jdk8u25/1514/hotspot/src/share/vm/prims/jvm.cpp, line 1312]
Event: 374.755 Thread 0x00007fe99c96c800 Exception <a 'java/security/PrivilegedActionException'> (0x000000076adb7d80) thrown at [/HUDSON3/workspace/8-2-build-macosx-x86_64/jdk8u25/1514/hotspot/src/share/vm/prims/jvm.cpp, line 1312]
Event: 374.757 Thread 0x00007fe99c96c800 Exception <a 'java/security/PrivilegedActionException'> (0x000000076adcfea0) thrown at [/HUDSON3/workspace/8-2-build-macosx-x86_64/jdk8u25/1514/hotspot/src/share/vm/prims/jvm.cpp, line 1312]
Event: 374.757 Thread 0x00007fe99c96c800 Exception <a 'java/security/PrivilegedActionException'> (0x000000076add44b0) thrown at [/HUDSON3/workspace/8-2-build-macosx-x86_64/jdk8u25/1514/hotspot/src/share/vm/prims/jvm.cpp, line 1312]
Event: 374.757 Thread 0x00007fe99c96c800 Exception <a 'java/security/PrivilegedActionException'> (0x000000076addc328) thrown at [/HUDSON3/workspace/8-2-build-macosx-x86_64/jdk8u25/1514/hotspot/src/share/vm/prims/jvm.cpp, line 1312]
Event: 374.757 Thread 0x00007fe99c96c800 Exception <a 'java/security/PrivilegedActionException'> (0x000000076ade0bc8) thrown at [/HUDSON3/workspace/8-2-build-macosx-x86_64/jdk8u25/1514/hotspot/src/share/vm/prims/jvm.cpp, line 1312]
Event: 783.358 Thread 0x00007fe99c96c800 Implicit null exception at 0x0000000117cda974 to 0x0000000117cdac25

Events (10 events):
Event: 783.400 Thread 0x00007fe99a82b000 flushing nmethod 0x0000000118209190
Event: 783.400 Thread 0x00007fe99a82b000 flushing nmethod 0x000000011820c690
Event: 783.400 Thread 0x00007fe99a82b000 flushing nmethod 0x000000011820dbd0
Event: 783.416 Thread 0x00007fe99a8d1000 Uncommon trap: trap_request=0xffffffde fr.pc=0x0000000117ca92fc
Event: 783.416 Thread 0x00007fe99a8d1000 DEOPT PACKING pc=0x0000000117ca92fc sp=0x000070000e467760
Event: 783.416 Thread 0x00007fe99a8d1000 DEOPT UNPACKING pc=0x00000001176f7f69 sp=0x000070000e467738 mode 2
Event: 783.417 loading class com/sun/glass/ui/Screen
Event: 783.417 loading class com/sun/glass/ui/Screen done
Event: 783.417 loading class com/sun/javafx/tk/quantum/GlassWindowEventHandler
Event: 783.417 loading class com/sun/javafx/tk/quantum/GlassWindowEventHandler done


Dynamic libraries:
0x000000005db6c000 	/System/Library/Frameworks/Cocoa.framework/Versions/A/Cocoa
0x000000005db6c000 	/System/Library/Frameworks/Security.framework/Versions/A/Security
0x000000005db6c000 	/System/Library/Frameworks/ApplicationServices.framework/Versions/A/ApplicationServices
0x000000005db6c000 	/usr/lib/libz.1.dylib
0x000000005db6c000 	/usr/lib/libSystem.B.dylib
0x000000005db6c000 	/usr/lib/libobjc.A.dylib
0x000000005db6c000 	/System/Library/Frameworks/CoreFoundation.framework/Versions/A/CoreFoundation
0x000000005db6c000 	/System/Library/Frameworks/Foundation.framework/Versions/C/Foundation
0x000000005db6c000 	/System/Library/Frameworks/AppKit.framework/Versions/C/AppKit
0x000000005db6c000 	/System/Library/Frameworks/CoreData.framework/Versions/A/CoreData
0x000000005db6c000 	/System/Library/PrivateFrameworks/RemoteViewServices.framework/Versions/A/RemoteViewServices
0x000000005db6c000 	/System/Library/PrivateFrameworks/UIFoundation.framework/Versions/A/UIFoundation
0x000000005db6c000 	/System/Library/PrivateFrameworks/DFRFoundation.framework/Versions/A/DFRFoundation
0x000000005db6c000 	/usr/lib/libenergytrace.dylib
0x000000005db6c000 	/System/Library/PrivateFrameworks/SkyLight.framework/Versions/A/SkyLight
0x000000005db6c000 	/System/Library/Frameworks/CoreGraphics.framework/Versions/A/CoreGraphics
0x000000005db6c000 	/usr/lib/libScreenReader.dylib
0x000000005db6c000 	/System/Library/Frameworks/Accelerate.framework/Versions/A/Accelerate
0x000000005db6c000 	/System/Library/Frameworks/IOSurface.framework/Versions/A/IOSurface
0x000000005db6c000 	/System/Library/Frameworks/AudioToolbox.framework/Versions/A/AudioToolbox
0x000000005db6c000 	/System/Library/Frameworks/AudioUnit.framework/Versions/A/AudioUnit
0x000000005db6c000 	/System/Library/PrivateFrameworks/DataDetectorsCore.framework/Versions/A/DataDetectorsCore
0x000000005db6c000 	/System/Library/PrivateFrameworks/DesktopServicesPriv.framework/Versions/A/DesktopServicesPriv
0x000000005db6c000 	/System/Library/Frameworks/Carbon.framework/Versions/A/Frameworks/HIToolbox.framework/Versions/A/HIToolbox
0x000000005db6c000 	/usr/lib/libicucore.A.dylib
0x000000005db6c000 	/System/Library/Frameworks/QuartzCore.framework/Versions/A/QuartzCore
0x000000005db6c000 	/System/Library/Frameworks/Carbon.framework/Versions/A/Frameworks/SpeechRecognition.framework/Versions/A/SpeechRecognition
0x000000005db6c000 	/usr/lib/libauto.dylib
0x000000005db6c000 	/usr/lib/libxml2.2.dylib
0x000000005db6c000 	/System/Library/PrivateFrameworks/CoreUI.framework/Versions/A/CoreUI
0x000000005db6c000 	/System/Library/Frameworks/CoreAudio.framework/Versions/A/CoreAudio
0x000000005db6c000 	/System/Library/Frameworks/DiskArbitration.framework/Versions/A/DiskArbitration
0x000000005db6c000 	/usr/lib/liblangid.dylib
0x000000005db6c000 	/System/Library/PrivateFrameworks/MultitouchSupport.framework/Versions/A/MultitouchSupport
0x000000005db6c000 	/System/Library/Frameworks/IOKit.framework/Versions/A/IOKit
0x000000005db6c000 	/usr/lib/libDiagnosticMessagesClient.dylib
0x000000005db6c000 	/System/Library/Frameworks/CoreServices.framework/Versions/A/CoreServices
0x000000005db6c000 	/System/Library/PrivateFrameworks/PerformanceAnalysis.framework/Versions/A/PerformanceAnalysis
0x000000005db6c000 	/System/Library/PrivateFrameworks/GenerationalStorage.framework/Versions/A/GenerationalStorage
0x000000005db6c000 	/System/Library/Frameworks/OpenGL.framework/Versions/A/OpenGL
0x000000005db6c000 	/System/Library/Frameworks/CoreImage.framework/Versions/A/CoreImage
0x000000005db6c000 	/System/Library/Frameworks/CoreText.framework/Versions/A/CoreText
0x000000005db6c000 	/System/Library/Frameworks/ImageIO.framework/Versions/A/ImageIO
0x000000005db6c000 	/System/Library/PrivateFrameworks/Backup.framework/Versions/A/Backup
0x000000005db6c000 	/usr/lib/libarchive.2.dylib
0x000000005db6c000 	/System/Library/Frameworks/CFNetwork.framework/Versions/A/CFNetwork
0x000000005db6c000 	/System/Library/Frameworks/SystemConfiguration.framework/Versions/A/SystemConfiguration
0x000000005db6c000 	/usr/lib/libCRFSuite.dylib
0x000000005db6c000 	/usr/lib/libc++.1.dylib
0x000000005db6c000 	/usr/lib/libc++abi.dylib
0x000000005db6c000 	/usr/lib/system/libcache.dylib
0x000000005db6c000 	/usr/lib/system/libcommonCrypto.dylib
0x000000005db6c000 	/usr/lib/system/libcompiler_rt.dylib
0x000000005db6c000 	/usr/lib/system/libcopyfile.dylib
0x000000005db6c000 	/usr/lib/system/libcorecrypto.dylib
0x000000005db6c000 	/usr/lib/system/libdispatch.dylib
0x000000005db6c000 	/usr/lib/system/libdyld.dylib
0x000000005db6c000 	/usr/lib/system/libkeymgr.dylib
0x000000005db6c000 	/usr/lib/system/liblaunch.dylib
0x000000005db6c000 	/usr/lib/system/libmacho.dylib
0x000000005db6c000 	/usr/lib/system/libquarantine.dylib
0x000000005db6c000 	/usr/lib/system/libremovefile.dylib
0x000000005db6c000 	/usr/lib/system/libsystem_asl.dylib
0x000000005db6c000 	/usr/lib/system/libsystem_blocks.dylib
0x000000005db6c000 	/usr/lib/system/libsystem_c.dylib
0x000000005db6c000 	/usr/lib/system/libsystem_configuration.dylib
0x000000005db6c000 	/usr/lib/system/libsystem_coreservices.dylib
0x000000005db6c000 	/usr/lib/system/libsystem_coretls.dylib
0x000000005db6c000 	/usr/lib/system/libsystem_dnssd.dylib
0x000000005db6c000 	/usr/lib/system/libsystem_info.dylib
0x000000005db6c000 	/usr/lib/system/libsystem_kernel.dylib
0x000000005db6c000 	/usr/lib/system/libsystem_m.dylib
0x000000005db6c000 	/usr/lib/system/libsystem_malloc.dylib
0x000000005db6c000 	/usr/lib/system/libsystem_network.dylib
0x000000005db6c000 	/usr/lib/system/libsystem_networkextension.dylib
0x000000005db6c000 	/usr/lib/system/libsystem_notify.dylib
0x000000005db6c000 	/usr/lib/system/libsystem_platform.dylib
0x000000005db6c000 	/usr/lib/system/libsystem_pthread.dylib
0x000000005db6c000 	/usr/lib/system/libsystem_sandbox.dylib
0x000000005db6c000 	/usr/lib/system/libsystem_secinit.dylib
0x000000005db6c000 	/usr/lib/system/libsystem_symptoms.dylib
0x000000005db6c000 	/usr/lib/system/libsystem_trace.dylib
0x000000005db6c000 	/usr/lib/system/libunwind.dylib
0x000000005db6c000 	/usr/lib/system/libxpc.dylib
0x000000005db6c000 	/usr/lib/libbsm.0.dylib
0x000000005db6c000 	/usr/lib/system/libkxld.dylib
0x000000005db6c000 	/usr/lib/libcoretls.dylib
0x000000005db6c000 	/usr/lib/libcoretls_cfhelpers.dylib
0x000000005db6c000 	/usr/lib/libOpenScriptingUtil.dylib
0x000000005db6c000 	/usr/lib/libpam.2.dylib
0x000000005db6c000 	/usr/lib/libsqlite3.dylib
0x000000005db6c000 	/usr/lib/libxar.1.dylib
0x000000005db6c000 	/usr/lib/libbz2.1.0.dylib
0x000000005db6c000 	/usr/lib/liblzma.5.dylib
0x000000005db6c000 	/usr/lib/libnetwork.dylib
0x000000005db6c000 	/usr/lib/libpcap.A.dylib
0x000000005db6c000 	/System/Library/Frameworks/CoreServices.framework/Versions/A/Frameworks/FSEvents.framework/Versions/A/FSEvents
0x000000005db6c000 	/System/Library/Frameworks/CoreServices.framework/Versions/A/Frameworks/CarbonCore.framework/Versions/A/CarbonCore
0x000000005db6c000 	/System/Library/Frameworks/CoreServices.framework/Versions/A/Frameworks/Metadata.framework/Versions/A/Metadata
0x000000005db6c000 	/System/Library/Frameworks/CoreServices.framework/Versions/A/Frameworks/OSServices.framework/Versions/A/OSServices
0x000000005db6c000 	/System/Library/Frameworks/CoreServices.framework/Versions/A/Frameworks/SearchKit.framework/Versions/A/SearchKit
0x000000005db6c000 	/System/Library/Frameworks/CoreServices.framework/Versions/A/Frameworks/AE.framework/Versions/A/AE
0x000000005db6c000 	/System/Library/Frameworks/CoreServices.framework/Versions/A/Frameworks/LaunchServices.framework/Versions/A/LaunchServices
0x000000005db6c000 	/System/Library/Frameworks/CoreServices.framework/Versions/A/Frameworks/DictionaryServices.framework/Versions/A/DictionaryServices
0x000000005db6c000 	/System/Library/Frameworks/CoreServices.framework/Versions/A/Frameworks/SharedFileList.framework/Versions/A/SharedFileList
0x000000005db6c000 	/System/Library/Frameworks/NetFS.framework/Versions/A/NetFS
0x000000005db6c000 	/System/Library/PrivateFrameworks/NetAuth.framework/Versions/A/NetAuth
0x000000005db6c000 	/System/Library/PrivateFrameworks/login.framework/Versions/A/Frameworks/loginsupport.framework/Versions/A/loginsupport
0x000000005db6c000 	/System/Library/PrivateFrameworks/TCC.framework/Versions/A/TCC
0x000000005db6c000 	/usr/lib/libmecabra.dylib
0x000000005db6c000 	/System/Library/Frameworks/ApplicationServices.framework/Versions/A/Frameworks/ATS.framework/Versions/A/ATS
0x000000005db6c000 	/System/Library/Frameworks/ApplicationServices.framework/Versions/A/Frameworks/ColorSync.framework/Versions/A/ColorSync
0x000000005db6c000 	/System/Library/Frameworks/ApplicationServices.framework/Versions/A/Frameworks/HIServices.framework/Versions/A/HIServices
0x000000005db6c000 	/System/Library/Frameworks/ApplicationServices.framework/Versions/A/Frameworks/LangAnalysis.framework/Versions/A/LangAnalysis
0x000000005db6c000 	/System/Library/Frameworks/ApplicationServices.framework/Versions/A/Frameworks/PrintCore.framework/Versions/A/PrintCore
0x000000005db6c000 	/System/Library/Frameworks/ApplicationServices.framework/Versions/A/Frameworks/QD.framework/Versions/A/QD
0x000000005db6c000 	/System/Library/Frameworks/ApplicationServices.framework/Versions/A/Frameworks/SpeechSynthesis.framework/Versions/A/SpeechSynthesis
0x000000005db6c000 	/System/Library/Frameworks/Accelerate.framework/Versions/A/Frameworks/vImage.framework/Versions/A/vImage
0x000000005db6c000 	/System/Library/Frameworks/Accelerate.framework/Versions/A/Frameworks/vecLib.framework/Versions/A/vecLib
0x000000005db6c000 	/System/Library/Frameworks/Accelerate.framework/Versions/A/Frameworks/vecLib.framework/Versions/A/libvDSP.dylib
0x000000005db6c000 	/System/Library/Frameworks/Accelerate.framework/Versions/A/Frameworks/vecLib.framework/Versions/A/libBNNS.dylib
0x000000005db6c000 	/System/Library/Frameworks/Accelerate.framework/Versions/A/Frameworks/vecLib.framework/Versions/A/libQuadrature.dylib
0x000000005db6c000 	/System/Library/Frameworks/Accelerate.framework/Versions/A/Frameworks/vecLib.framework/Versions/A/libvMisc.dylib
0x000000005db6c000 	/System/Library/Frameworks/Accelerate.framework/Versions/A/Frameworks/vecLib.framework/Versions/A/libLAPACK.dylib
0x000000005db6c000 	/System/Library/Frameworks/Accelerate.framework/Versions/A/Frameworks/vecLib.framework/Versions/A/libBLAS.dylib
0x000000005db6c000 	/System/Library/Frameworks/Accelerate.framework/Versions/A/Frameworks/vecLib.framework/Versions/A/libLinearAlgebra.dylib
0x000000005db6c000 	/System/Library/Frameworks/Accelerate.framework/Versions/A/Frameworks/vecLib.framework/Versions/A/libSparseBLAS.dylib
0x000000005db6c000 	/System/Library/Frameworks/ApplicationServices.framework/Versions/A/Frameworks/ATS.framework/Versions/A/Resources/libFontParser.dylib
0x000000005db6c000 	/System/Library/Frameworks/ApplicationServices.framework/Versions/A/Frameworks/ATS.framework/Versions/A/Resources/libFontRegistry.dylib
0x000000005db6c000 	/System/Library/Frameworks/ImageIO.framework/Versions/A/Resources/libJPEG.dylib
0x000000005db6c000 	/System/Library/Frameworks/ImageIO.framework/Versions/A/Resources/libTIFF.dylib
0x000000005db6c000 	/System/Library/Frameworks/ImageIO.framework/Versions/A/Resources/libPng.dylib
0x000000005db6c000 	/System/Library/Frameworks/ImageIO.framework/Versions/A/Resources/libGIF.dylib
0x000000005db6c000 	/System/Library/Frameworks/ImageIO.framework/Versions/A/Resources/libJP2.dylib
0x000000005db6c000 	/System/Library/Frameworks/ImageIO.framework/Versions/A/Resources/libRadiance.dylib
0x000000005db6c000 	/usr/lib/libcompression.dylib
0x000000005db6c000 	/System/Library/PrivateFrameworks/AppleJPEG.framework/Versions/A/AppleJPEG
0x000000005db6c000 	/usr/lib/libcups.2.dylib
0x000000005db6c000 	/System/Library/Frameworks/Kerberos.framework/Versions/A/Kerberos
0x000000005db6c000 	/System/Library/Frameworks/GSS.framework/Versions/A/GSS
0x000000005db6c000 	/usr/lib/libresolv.9.dylib
0x000000005db6c000 	/usr/lib/libiconv.2.dylib
0x000000005db6c000 	/System/Library/PrivateFrameworks/Heimdal.framework/Versions/A/Heimdal
0x000000005db6c000 	/usr/lib/libheimdal-asn1.dylib
0x000000005db6c000 	/System/Library/Frameworks/OpenDirectory.framework/Versions/A/OpenDirectory
0x000000005db6c000 	/System/Library/PrivateFrameworks/CommonAuth.framework/Versions/A/CommonAuth
0x000000005db6c000 	/System/Library/Frameworks/OpenDirectory.framework/Versions/A/Frameworks/CFOpenDirectory.framework/Versions/A/CFOpenDirectory
0x000000005db6c000 	/System/Library/Frameworks/SecurityFoundation.framework/Versions/A/SecurityFoundation
0x000000005db6c000 	/System/Library/PrivateFrameworks/LanguageModeling.framework/Versions/A/LanguageModeling
0x000000005db6c000 	/usr/lib/libmarisa.dylib
0x000000005db6c000 	/usr/lib/libChineseTokenizer.dylib
0x000000005db6c000 	/usr/lib/libcmph.dylib
0x000000005db6c000 	/System/Library/PrivateFrameworks/CoreEmoji.framework/Versions/A/CoreEmoji
0x000000005db6c000 	/System/Library/Frameworks/ServiceManagement.framework/Versions/A/ServiceManagement
0x000000005db6c000 	/usr/lib/libxslt.1.dylib
0x000000005db6c000 	/System/Library/Frameworks/Carbon.framework/Versions/A/Frameworks/Ink.framework/Versions/A/Ink
0x000000005db6c000 	/System/Library/PrivateFrameworks/TextureIO.framework/Versions/A/TextureIO
0x000000005db6c000 	/System/Library/Frameworks/Metal.framework/Versions/A/Metal
0x000000005db6c000 	/usr/lib/libate.dylib
0x000000005db6c000 	/System/Library/PrivateFrameworks/GPUCompiler.framework/libmetal_timestamp.dylib
0x000000005db6c000 	/System/Library/Frameworks/OpenGL.framework/Versions/A/Libraries/libCoreFSCache.dylib
0x000000005db6c000 	/System/Library/PrivateFrameworks/IOAccelerator.framework/Versions/A/IOAccelerator
0x000000005db6c000 	/System/Library/Frameworks/CoreVideo.framework/Versions/A/CoreVideo
0x000000005db6c000 	/usr/lib/libFosl_dynamic.dylib
0x000000005db6c000 	/System/Library/PrivateFrameworks/MetalPerformanceShaders.framework/Versions/A/MetalPerformanceShaders
0x000000005db6c000 	/System/Library/PrivateFrameworks/FaceCore.framework/Versions/A/FaceCore
0x000000005db6c000 	/System/Library/Frameworks/OpenCL.framework/Versions/A/OpenCL
0x000000005db6c000 	/System/Library/Frameworks/OpenGL.framework/Versions/A/Libraries/libGLU.dylib
0x000000005db6c000 	/System/Library/Frameworks/OpenGL.framework/Versions/A/Libraries/libGFXShared.dylib
0x000000005db6c000 	/System/Library/Frameworks/OpenGL.framework/Versions/A/Libraries/libGL.dylib
0x000000005db6c000 	/System/Library/Frameworks/OpenGL.framework/Versions/A/Libraries/libGLImage.dylib
0x000000005db6c000 	/System/Library/Frameworks/OpenGL.framework/Versions/A/Libraries/libCVMSPluginSupport.dylib
0x000000005db6c000 	/System/Library/Frameworks/OpenGL.framework/Versions/A/Libraries/libCoreVMClient.dylib
0x000000005db6c000 	/System/Library/PrivateFrameworks/CrashReporterSupport.framework/Versions/A/CrashReporterSupport
0x000000005db6c000 	/System/Library/PrivateFrameworks/Sharing.framework/Versions/A/Sharing
0x000000005db6c000 	/System/Library/PrivateFrameworks/IconServices.framework/Versions/A/IconServices
0x000000005db6c000 	/System/Library/PrivateFrameworks/ProtocolBuffer.framework/Versions/A/ProtocolBuffer
0x000000005db6c000 	/System/Library/PrivateFrameworks/Apple80211.framework/Versions/A/Apple80211
0x000000005db6c000 	/System/Library/Frameworks/CoreWLAN.framework/Versions/A/CoreWLAN
0x000000005db6c000 	/System/Library/PrivateFrameworks/CoreUtils.framework/Versions/A/CoreUtils
0x000000005db6c000 	/System/Library/Frameworks/IOBluetooth.framework/Versions/A/IOBluetooth
0x000000005db6c000 	/System/Library/PrivateFrameworks/CoreWiFi.framework/Versions/A/CoreWiFi
0x000000005db6c000 	/System/Library/Frameworks/CoreBluetooth.framework/Versions/A/CoreBluetooth
0x000000005db6c000 	/System/Library/Frameworks/CoreDisplay.framework/Versions/A/CoreDisplay
0x000000005db6c000 	/System/Library/PrivateFrameworks/IOPresentment.framework/Versions/A/IOPresentment
0x000000005db6c000 	/System/Library/PrivateFrameworks/DSExternalDisplay.framework/Versions/A/DSExternalDisplay
0x000000005db6c000 	/System/Library/PrivateFrameworks/DebugSymbols.framework/Versions/A/DebugSymbols
0x000000005db6c000 	/System/Library/PrivateFrameworks/CoreSymbolication.framework/Versions/A/CoreSymbolication
0x000000005db6c000 	/System/Library/PrivateFrameworks/Symbolication.framework/Versions/A/Symbolication
0x000000005db6c000 	/System/Library/PrivateFrameworks/AppleFSCompression.framework/Versions/A/AppleFSCompression
0x000000005db6c000 	/System/Library/PrivateFrameworks/SpeechRecognitionCore.framework/Versions/A/SpeechRecognitionCore
0x000000005db6c000 	/System/Library/PrivateFrameworks/ChunkingLibrary.framework/Versions/A/ChunkingLibrary
0x000000010ac00000 	/Library/Java/JavaVirtualMachines/jdk1.8.0_25.jdk/Contents/Home/jre/lib/server/libjvm.dylib
0x000000005db6c000 	/usr/lib/libstdc++.6.dylib
0x0000000109ba0000 	/Library/Java/JavaVirtualMachines/jdk1.8.0_25.jdk/Contents/Home/jre/lib/libverify.dylib
0x0000000109bae000 	/Library/Java/JavaVirtualMachines/jdk1.8.0_25.jdk/Contents/Home/jre/lib/libjava.dylib
0x0000000109bec000 	/Library/Java/JavaVirtualMachines/jdk1.8.0_25.jdk/Contents/Home/jre/lib/libzip.dylib
0x00000001175ce000 	/System/Library/Frameworks/JavaVM.framework/Frameworks/JavaRuntimeSupport.framework/JavaRuntimeSupport
0x00000001175e8000 	/System/Library/Frameworks/JavaVM.framework/Versions/A/Frameworks/JavaNativeFoundation.framework/Versions/A/JavaNativeFoundation
0x00000001175fd000 	/System/Library/Frameworks/JavaVM.framework/Versions/A/JavaVM
0x000000005db6c000 	/System/Library/Frameworks/Carbon.framework/Versions/A/Carbon
0x000000011760a000 	/System/Library/PrivateFrameworks/JavaLaunching.framework/Versions/A/JavaLaunching
0x000000005db6c000 	/System/Library/Frameworks/Carbon.framework/Versions/A/Frameworks/CommonPanels.framework/Versions/A/CommonPanels
0x000000005db6c000 	/System/Library/Frameworks/Carbon.framework/Versions/A/Frameworks/Help.framework/Versions/A/Help
0x000000005db6c000 	/System/Library/Frameworks/Carbon.framework/Versions/A/Frameworks/ImageCapture.framework/Versions/A/ImageCapture
0x000000005db6c000 	/System/Library/Frameworks/Carbon.framework/Versions/A/Frameworks/OpenScripting.framework/Versions/A/OpenScripting
0x000000005db6c000 	/System/Library/Frameworks/Carbon.framework/Versions/A/Frameworks/Print.framework/Versions/A/Print
0x000000005db6c000 	/System/Library/Frameworks/Carbon.framework/Versions/A/Frameworks/SecurityHI.framework/Versions/A/SecurityHI
0x000000012879a000 	/Applications/IntelliJ IDEA.app/Contents/bin/libbreakgen64.jnilib
0x000000012879d000 	/Library/Java/JavaVirtualMachines/jdk1.8.0_25.jdk/Contents/Home/jre/lib/libnet.dylib
0x0000000128821000 	/Library/Java/JavaVirtualMachines/jdk1.8.0_25.jdk/Contents/Home/jre/lib/libawt.dylib
0x00000001288d0000 	/Library/Java/JavaVirtualMachines/jdk1.8.0_25.jdk/Contents/Home/jre/lib/./libmlib_image.dylib
0x000000012899c000 	/Library/Java/JavaVirtualMachines/jdk1.8.0_25.jdk/Contents/Home/jre/lib/libawt_lwawt.dylib
0x0000000128a4f000 	/Library/Java/JavaVirtualMachines/jdk1.8.0_25.jdk/Contents/Home/jre/lib/./libosxapp.dylib
0x000000005db6c000 	/System/Library/Frameworks/ExceptionHandling.framework/Versions/A/ExceptionHandling
0x000000005db6c000 	/System/Library/PrivateFrameworks/CoreServicesInternal.framework/Versions/A/CoreServicesInternal
0x000000005db6c000 	/System/Library/CoreServices/RawCamera.bundle/Contents/MacOS/RawCamera
0x000000005db6c000 	/System/Library/Frameworks/Accelerate.framework/Versions/A/Frameworks/vImage.framework/Versions/A/Libraries/libCGInterfaces.dylib
0x000000005db6c000 	/System/Library/Frameworks/ApplicationServices.framework/Versions/A/Frameworks/ATS.framework/Versions/A/Resources/libTrueTypeScaler.dylib
0x000000012ab4a000 	/System/Library/Frameworks/OpenGL.framework/Resources/GLEngine.bundle/GLEngine
0x000000005db6c000 	/System/Library/Frameworks/OpenGL.framework/Versions/A/Libraries/libGLProgrammability.dylib
0x000000012ad2f000 	/System/Library/Extensions/AppleIntelHD5000GraphicsGLDriver.bundle/Contents/MacOS/AppleIntelHD5000GraphicsGLDriver
0x000000005db6c000 	/System/Library/PrivateFrameworks/GPUSupport.framework/Versions/A/Libraries/libGPUSupportMercury.dylib
0x000000005db6c000 	/System/Library/Extensions/GeForceGLDriver.bundle/Contents/MacOS/GeForceGLDriver
0x000000005db6c000 	/System/Library/Extensions/GeForceGLDriver.bundle/Contents/MacOS/libclh.dylib
0x0000000129dbb000 	/System/Library/Frameworks/OpenGL.framework/Resources//GLRendererFloat.bundle/GLRendererFloat
0x000000005db6c000 	/System/Library/Frameworks/OpenCL.framework/Versions/A/Libraries/libcldcpuengine.dylib
0x000000005db6c000 	/usr/lib/libcrypto.0.9.8.dylib
0x000000005db6c000 	/System/Library/PrivateFrameworks/TrustEvaluationAgent.framework/Versions/A/TrustEvaluationAgent
0x000000005db6c000 	/System/Library/Extensions/GeForceMTLDriver.bundle/Contents/MacOS/GeForceMTLDriver
0x000000012b4b1000 	/System/Library/Extensions/AppleIntelHD5000GraphicsMTLDriver.bundle/Contents/MacOS/AppleIntelHD5000GraphicsMTLDriver
0x000000005db6c000 	/System/Library/PrivateFrameworks/FamilyControls.framework/Versions/A/FamilyControls
0x000000005db6c000 	/System/Library/PrivateFrameworks/CommerceKit.framework/Versions/A/Frameworks/CommerceCore.framework/Versions/A/CommerceCore
0x000000005db6c000 	/System/Library/PrivateFrameworks/SystemAdministration.framework/Versions/A/SystemAdministration
0x000000005db6c000 	/System/Library/PrivateFrameworks/AppContainer.framework/Versions/A/AppContainer
0x000000005db6c000 	/System/Library/PrivateFrameworks/SecCodeWrapper.framework/Versions/A/SecCodeWrapper
0x000000005db6c000 	/System/Library/Frameworks/DirectoryService.framework/Versions/A/DirectoryService
0x000000005db6c000 	/System/Library/PrivateFrameworks/DiskImages.framework/Versions/A/DiskImages
0x000000005db6c000 	/System/Library/PrivateFrameworks/LoginUIKit.framework/Versions/A/Frameworks/LoginUICore.framework/Versions/A/LoginUICore
0x000000005db6c000 	/usr/lib/libCoreStorage.dylib
0x000000005db6c000 	/usr/lib/libcsfde.dylib
0x000000005db6c000 	/usr/lib/libodfde.dylib
0x000000005db6c000 	/System/Library/Frameworks/DiscRecording.framework/Versions/A/DiscRecording
0x000000005db6c000 	/usr/lib/libcurl.4.dylib
0x000000005db6c000 	/System/Library/PrivateFrameworks/MediaKit.framework/Versions/A/MediaKit
0x000000005db6c000 	/System/Library/PrivateFrameworks/ProtectedCloudStorage.framework/Versions/A/ProtectedCloudStorage
0x000000005db6c000 	/System/Library/PrivateFrameworks/EFILogin.framework/Versions/A/EFILogin
0x000000005db6c000 	/usr/lib/libutil.dylib
0x000000005db6c000 	/System/Library/Frameworks/LDAP.framework/Versions/A/LDAP
0x000000005db6c000 	/usr/lib/libsasl2.2.dylib
0x000000005db6c000 	/System/Library/PrivateFrameworks/CoreDaemon.framework/Versions/B/CoreDaemon
0x000000005db6c000 	/System/Library/PrivateFrameworks/AppleSRP.framework/Versions/A/AppleSRP
0x000000005db6c000 	/System/Library/PrivateFrameworks/APFS.framework/Versions/A/APFS
0x000000012c8da000 	/Library/Java/JavaVirtualMachines/jdk1.8.0_25.jdk/Contents/Home/jre/lib/libfontmanager.dylib
0x000000005db6c000 	/System/Library/PrivateFrameworks/ViewBridge.framework/Versions/A/ViewBridge
0x000000005db6c000 	/System/Library/PrivateFrameworks/XPCService.framework/Versions/A/XPCService
0x000000005db6c000 	/System/Library/PrivateFrameworks/AppSandbox.framework/Versions/A/AppSandbox
0x000000005db6c000 	/usr/lib/libsandbox.1.dylib
0x000000005db6c000 	/usr/lib/libMatch.1.dylib
0x000000012d795000 	/Library/Java/JavaVirtualMachines/jdk1.8.0_25.jdk/Contents/Home/jre/lib/libprism_es2.dylib
0x000000012dbeb000 	/Library/Java/JavaVirtualMachines/jdk1.8.0_25.jdk/Contents/Home/jre/lib/libglass.dylib
0x000000012f3da000 	/Library/Java/JavaVirtualMachines/jdk1.8.0_25.jdk/Contents/Home/jre/lib/libjavafx_font.dylib
0x0000000131759000 	/Library/Java/JavaVirtualMachines/jdk1.8.0_25.jdk/Contents/Home/jre/lib/libnio.dylib
0x0000000131ce0000 	/Library/Java/JavaVirtualMachines/jdk1.8.0_25.jdk/Contents/Home/jre/lib/libdcpr.dylib
0x0000000131d0e000 	/Library/Java/JavaVirtualMachines/jdk1.8.0_25.jdk/Contents/Home/jre/lib/libt2k.dylib
0x000000012a774000 	/Library/Java/JavaVirtualMachines/jdk1.8.0_25.jdk/Contents/Home/jre/lib/libAppleScriptEngine.dylib
0x000000012a780000 	/System/Library/Components/AppleScript.component/Contents/MacOS/AppleScript
0x000000012ffd7000 	/System/Library/PrivateFrameworks/AppleScript.framework/Versions/A/AppleScript
0x000000005db6c000 	/System/Library/Frameworks/AppleScriptObjC.framework/Versions/A/AppleScriptObjC
0x000000005db6c000 	/usr/lib/libffi.dylib
0x0000000128813000 	/Library/Java/JavaVirtualMachines/jdk1.8.0_25.jdk/Contents/Home/jre/lib/libprism_common.dylib

VM Arguments:
jvm_args: -Didea.launcher.port=7533 -Didea.launcher.bin.path=/Applications/IntelliJ IDEA.app/Contents/bin -Dfile.encoding=UTF-8 
java_command: com.intellij.rt.execution.application.AppMain JGrapher
java_class_path (initial): /Library/Java/JavaVirtualMachines/jdk1.8.0_25.jdk/Contents/Home/jre/lib/charsets.jar:/Library/Java/JavaVirtualMachines/jdk1.8.0_25.jdk/Contents/Home/jre/lib/deploy.jar:/Library/Java/JavaVirtualMachines/jdk1.8.0_25.jdk/Contents/Home/jre/lib/ext/cldrdata.jar:/Library/Java/JavaVirtualMachines/jdk1.8.0_25.jdk/Contents/Home/jre/lib/ext/dnsns.jar:/Library/Java/JavaVirtualMachines/jdk1.8.0_25.jdk/Contents/Home/jre/lib/ext/jfxrt.jar:/Library/Java/JavaVirtualMachines/jdk1.8.0_25.jdk/Contents/Home/jre/lib/ext/localedata.jar:/Library/Java/JavaVirtualMachines/jdk1.8.0_25.jdk/Contents/Home/jre/lib/ext/nashorn.jar:/Library/Java/JavaVirtualMachines/jdk1.8.0_25.jdk/Contents/Home/jre/lib/ext/sunec.jar:/Library/Java/JavaVirtualMachines/jdk1.8.0_25.jdk/Contents/Home/jre/lib/ext/sunjce_provider.jar:/Library/Java/JavaVirtualMachines/jdk1.8.0_25.jdk/Contents/Home/jre/lib/ext/sunpkcs11.jar:/Library/Java/JavaVirtualMachines/jdk1.8.0_25.jdk/Contents/Home/jre/lib/ext/zipfs.jar:/Library/Java/JavaVirtualMachines/jdk1.8.0_25.jdk/Contents/Home/jre/lib/javaws.jar:/Library/Java/JavaVirtualMachines/jdk1.8.0_25.jdk/Contents/Home/jre/lib/jce.jar:/Library/Java/JavaVirtualMachines/jdk1.8.0_25.jdk/Contents/Home/jre/lib/jfr.jar:/Library/Java/JavaVirtualMachines/jdk1.8.0_25.jdk/Contents/Home/jre/lib/jfxswt.jar:/Library/Java/JavaVirtualMachines/jdk1.8.0_25.jdk/Contents/Home/jre/lib/jsse.jar:/Library/Java/JavaVirtualMachines/jdk1.8.0_25.jdk/Contents/Home/jre/lib/management-agent.jar:/Library/Java/JavaVirtualMachines/jdk1.8.0_25.jdk/Contents/Home/jre/lib/plugin.jar:/Library/Java/JavaVirtualMachines/jdk1.8.0_25.jdk/Contents/Home/jre/lib/resources.jar:/Library/Java/JavaVirtualMachines/jdk1.8.0_25.jdk/Contents/Home/jre/lib/rt.jar:/Library/Java/JavaVirtualMachines/jdk1.8.0_25.jdk/Contents/Home/lib/ant-javafx.jar:/Library/Java/JavaVirtualMachines/jdk1.8.0_25.jdk/Contents/Home/lib/dt.jar:/Library/Java/JavaVirtualMachines/jdk1.8.0_25.jdk/Contents/Home/lib/javafx-mx.jar:/Library/Java/Jav
Launcher Type: SUN_STANDARD

Environment Variables:
PATH=/usr/local/bin:/usr/bin:/bin:/usr/sbin:/sbin:/opt/X11/bin
SHELL=/bin/bash

Signal Handlers:
SIGSEGV: [libjvm.dylib+0x579dc7], sa_mask[0]=11111111011111110111111111111111, sa_flags=SA_ONSTACK|SA_RESTART|SA_SIGINFO
SIGBUS: [libjvm.dylib+0x579dc7], sa_mask[0]=11111111011111110111111111111111, sa_flags=SA_RESTART|SA_SIGINFO
SIGFPE: [libjvm.dylib+0x45b030], sa_mask[0]=11111111011111110111111111111111, sa_flags=SA_RESTART|SA_SIGINFO
SIGPIPE: [libjvm.dylib+0x45b030], sa_mask[0]=11111111011111110111111111111111, sa_flags=SA_RESTART|SA_SIGINFO
SIGXFSZ: [libjvm.dylib+0x45b030], sa_mask[0]=11111111011111110111111111111111, sa_flags=SA_RESTART|SA_SIGINFO
SIGILL: [libjvm.dylib+0x45b030], sa_mask[0]=11111111011111110111111111111111, sa_flags=SA_RESTART|SA_SIGINFO
SIGUSR1: SIG_DFL, sa_mask[0]=00000000000000000000000000000000, sa_flags=none
SIGUSR2: [libjvm.dylib+0x45ab4e], sa_mask[0]=00100000000000000000000000000000, sa_flags=SA_RESTART|SA_SIGINFO
SIGHUP: [libjvm.dylib+0x459121], sa_mask[0]=11111111011111110111111111111111, sa_flags=SA_RESTART|SA_SIGINFO
SIGINT: [libjvm.dylib+0x459121], sa_mask[0]=11111111011111110111111111111111, sa_flags=SA_RESTART|SA_SIGINFO
SIGTERM: [libjvm.dylib+0x459121], sa_mask[0]=11111111011111110111111111111111, sa_flags=SA_RESTART|SA_SIGINFO
SIGQUIT: [libjvm.dylib+0x459121], sa_mask[0]=11111111011111110111111111111111, sa_flags=SA_RESTART|SA_SIGINFO


---------------  S Y S T E M  ---------------

OS:Bsduname:Darwin 16.5.0 Darwin Kernel Version 16.5.0: Fri Mar  3 16:52:33 PST 2017; root:xnu-3789.51.2~3/RELEASE_X86_64 x86_64
rlimit: STACK 8192k, CORE 0k, NPROC 709, NOFILE 10240, AS infinity
load average:1.37 1.50 1.41

CPU:total 8 (4 cores per cpu, 2 threads per core) family 6 model 70 stepping 1, cmov, cx8, fxsr, mmx, sse, sse2, sse3, ssse3, sse4.1, sse4.2, popcnt, avx, avx2, aes, clmul, erms, rtm, lzcnt, ht, tsc, tscinvbit, bmi1, bmi2

Memory: 4k page, physical 16777216k(2024484k free)

/proc/meminfo:


vm_info: Java HotSpot(TM) 64-Bit Server VM (25.25-b02) for bsd-amd64 JRE (1.8.0_25-b17), built on Sep 17 2014 16:56:50 by "java_re" with gcc 4.2.1 (Based on Apple Inc. build 5658) (LLVM build 2336.11.00)

time: Wed May 24 10:58:39 2017
elapsed time: 783 seconds (0d 0h 13m 3s)

