#
# A fatal error has been detected by the Java Runtime Environment:
#
#  SIGBUS (0xa) at pc=0x00007fffd33b11bf, pid=4172, tid=775
#
# JRE version: Java(TM) SE Runtime Environment (8.0_25-b17) (build 1.8.0_25-b17)
# Java VM: Java HotSpot(TM) 64-Bit Server VM (25.25-b02 mixed mode bsd-amd64 compressed oops)
# Problematic frame:
# C  [CoreGraphics+0x371bf]  decode_swap+0x9b
#
# Failed to write core dump. Core dumps have been disabled. To enable core dumping, try "ulimit -c unlimited" before starting Java again
#
# If you would like to submit a bug report, please visit:
#   http://bugreport.sun.com/bugreport/crash.jsp
# The crash happened outside the Java Virtual Machine in native code.
# See problematic frame for where to report the bug.
#

---------------  T H R E A D  ---------------

Current thread (0x00007fb45b804800):  JavaThread "JavaFX Application Thread" daemon [_thread_in_native, id=775, stack(0x00007fff4f69f000,0x00007fff4fe9f000)]

siginfo: si_signo: 10 (SIGBUS), si_code: 2 (BUS_ADRERR), si_addr: 0x000000076cd7f208

Registers:
RAX=0x00007fb457dba100, RBX=0x00007fb457db9fd0, RCX=0x0000000000000200, RDX=0x000000076cd7f208
RSP=0x00007fff4fe95128, RBP=0x00007fff4fe95140, RSI=0x00007fb457dba100, RDI=0x00007fb457dba300
R8 =0x00000000000001f0, R9 =0x00000000000001f0, R10=0x000000076cd7f408, R11=0x0000000000000004
R12=0x000000076cd7f208, R13=0x000000076cd7f208, R14=0x00007fb46300a160, R15=0x000000076cd7f208
RIP=0x00007fffd33b11bf, EFLAGS=0x0000000000010206, ERR=0x0000000000000004
  TRAPNO=0x000000000000000e

Top of Stack: (sp=0x00007fff4fe95128)
0x00007fff4fe95128:   00007fb457db9fd0 00007fb46300a160
0x00007fff4fe95138:   000000076cd7f208 00007fff4fe952c0
0x00007fff4fe95148:   00007fffd33ad297 00007fb4633c9200
0x00007fff4fe95158:   0000000000000020 0000000000000080
0x00007fff4fe95168:   00007fb4633c9280 00007fff4fe95610
0x00007fff4fe95178:   00007fffd3484731 00007fff4fe951e0
0x00007fff4fe95188:   00007fffe7dd818b 0000000000000600
0x00007fff4fe95198:   00000000a0b8f6b0 0000000000000020
0x00007fff4fe951a8:   3fcf3e7cf9f3e7d0 000000144fe95208
0x00007fff4fe951b8:   0000000000000080 0000000000000000
0x00007fff4fe951c8:   00007fff4fe951e0 3fcf3e7cf9f3e7d0
0x00007fff4fe951d8:   0000000000000000 bf43179600000000
0x00007fff4fe951e8:   bf98e4d500000001 bfb1ea3600000000
0x00007fff4fe951f8:   bfb4eb3d00000200 3f90209c00000001
0x00007fff4fe95208:   3fd074b400000004 0000000000000004
0x00007fff4fe95218:   0000000000000080 00007fb457db9fd0
0x00007fff4fe95228:   0000000000000001 3fe2ddb700000003
0x00007fff4fe95238:   0000000000000005 00007fb463009980
0x00007fff4fe95248:   0000000000000008 0000000000000080
0x00007fff4fe95258:   0000000000000180 0000000000000200
0x00007fff4fe95268:   00007fb457dba100 00007fff00000200
0x00007fff4fe95278:   00007fb400000003 0000002000000008
0x00007fff4fe95288:   0000000000000020 00007fff00000000
0x00007fff4fe95298:   0000000000000005 0000000000000000
0x00007fff4fe952a8:   0000000000000000 00007fff4fe95900
0x00007fff4fe952b8:   8d0ca621e09c0030 00007fff4fe953b0
0x00007fff4fe952c8:   00007fffd3554970 00007fb400000180
0x00007fff4fe952d8:   00007fb46300a160 00007fff00000080
0x00007fff4fe952e8:   00007fffd35548da 000000010fd7fa00
0x00007fff4fe952f8:   000000010fd80e00 00007fff4fe953e0
0x00007fff4fe95308:   00007fffe884c472 0000000000000000
0x00007fff4fe95318:   00007fff4fe98190 0000000000000005 

Instructions: (pc=0x00007fffd33b11bf)
0x00007fffd33b119f:   c1 eb 5f 83 f9 10 7c 7c 44 8d 41 f0 45 89 c1 41
0x00007fffd33b11af:   83 e1 f0 4a 8d 7c 0e 10 4e 8d 54 0a 10 48 89 f0
0x00007fffd33b11bf:   8b 1a 44 8b 5a 04 44 8b 72 08 44 8b 7a 0c 0f 38
0x00007fffd33b11cf:   f1 18 44 0f 38 f1 58 04 44 0f 38 f1 70 08 44 0f 

Register to memory mapping:

RAX=0x00007fb457dba100 is an unknown value
RBX=0x00007fb457db9fd0 is an unknown value
RCX=0x0000000000000200 is an unknown value
RDX=0x000000076cd7f208 is an unallocated location in the heap
RSP=0x00007fff4fe95128 is pointing into the stack for thread: 0x00007fb45b804800
RBP=0x00007fff4fe95140 is pointing into the stack for thread: 0x00007fb45b804800
RSI=0x00007fb457dba100 is an unknown value
RDI=0x00007fb457dba300 is an unknown value
R8 =0x00000000000001f0 is an unknown value
R9 =0x00000000000001f0 is an unknown value
R10=0x000000076cd7f408 is an unallocated location in the heap
R11=0x0000000000000004 is an unknown value
R12=0x000000076cd7f208 is an unallocated location in the heap
R13=0x000000076cd7f208 is an unallocated location in the heap
R14=0x00007fb46300a160 is an unknown value
R15=0x000000076cd7f208 is an unallocated location in the heap


Stack: [0x00007fff4f69f000,0x00007fff4fe9f000],  sp=0x00007fff4fe95128,  free space=8152k
Native frames: (J=compiled Java code, j=interpreted, Vv=VM code, C=native code)
C  [CoreGraphics+0x371bf]  decode_swap+0x9b
C  [CoreGraphics+0x33297]  decode_data+0x9d9
C  [CoreGraphics+0x1da970]  img_decode_read+0x135
C  [CoreGraphics+0x1df03d]  img_interpolate_read+0x18e
C  [CoreGraphics+0x1df67d]  img_colormatch_read+0x16d
C  [CoreGraphics+0x1dfb32]  img_alphamerge_read+0x20e
C  [CoreGraphics+0x1e4495]  img_data_lock+0x29d3
C  [CoreGraphics+0x1e1a84]  CGSImageDataLock+0xf7
C  [CoreGraphics+0x749fe]  ripc_AcquireImage+0x3df
C  [CoreGraphics+0x830d2]  ripc_DrawImage+0x363
C  [CoreGraphics+0xfb34a]  CGContextDelegateDrawImage+0x30
C  [CoreGraphics+0x1ea767]  CGContextDrawImageWithOptions+0x21b
C  [CoreGraphics+0x1eaa18]  CGContextDrawImage+0x33
C  [AppKit+0x1ab721]  __74-[NSImageRep drawInRect:fromRect:operation:fraction:respectFlipped:hints:]_block_invoke+0x2e6
C  [AppKit+0x1ab245]  -[NSImageRep drawInRect:fromRect:operation:fraction:respectFlipped:hints:]+0x432
C  [AppKit+0x63231b]  __71-[NSImage drawInRect:fromRect:operation:fraction:respectFlipped:hints:]_block_invoke.1352+0x464
C  [AppKit+0x175913]  -[NSImage _usingBestRepresentationForRect:context:hints:body:]+0xa4
C  [AppKit+0x1b2bb8]  -[NSImage drawInRect:fromRect:operation:fraction:respectFlipped:hints:]+0x7ec
C  [AppKit+0x1a9850]  -[NSImage _drawMappingAlignmentRectToRect:withState:backgroundStyle:operation:fraction:flip:hints:]+0x626
C  [AppKit+0x27f909]  -[NSThemeDocumentButtonCell drawWithFrame:inView:]+0x25d
C  [AppKit+0x1a74a1]  -[NSControl drawRect:]+0x15c
C  [AppKit+0x1a58e3]  -[NSView(NSInternal) _recursive:displayRectIgnoringOpacity:inGraphicsContext:CGContext:topView:shouldChangeFontReferenceColor:]+0x526
C  [AppKit+0x1a5289]  __46-[NSView(NSLayerKitGlue) drawLayer:inContext:]_block_invoke+0x10b
C  [AppKit+0x1a4db1]  -[NSView(NSLayerKitGlue) _drawViewBackingLayer:inContext:drawingHandler:]+0x635
C  [AppKit+0x1a4776]  -[NSView(NSLayerKitGlue) drawLayer:inContext:]+0x50
C  [QuartzCore+0x13665]  CABackingStoreUpdate_+0xebb
C  [QuartzCore+0x132598]  ___ZN2CA5Layer8display_Ev_block_invoke+0x4b
C  [QuartzCore+0x1320b0]  _ZN2CA5Layer8display_Ev+0x5b4
C  [AppKit+0x1a360e]  _NSBackingLayerDisplay+0x241
C  [AppKit+0x196876]  -[_NSViewBackingLayer display]+0x375
C  [QuartzCore+0x126092]  _ZN2CA5Layer17display_if_neededEPNS_11TransactionE+0x23c
C  [QuartzCore+0x1261bd]  _ZN2CA5Layer28layout_and_display_if_neededEPNS_11TransactionE+0x23
C  [QuartzCore+0x11b968]  _ZN2CA7Context18commit_transactionEPNS_11TransactionE+0x118
C  [QuartzCore+0x108a1]  _ZN2CA11Transaction6commitEv+0x1db
C  [AppKit+0xa8b194]  -[_NSFullScreenTransition enterFullScreenTransitionWithPresentationOptions:options:]+0x540
C  [AppKit+0xa8e326]  -[_NSWindowFullScreenTransition enterFullScreenTransitionForWindow:options:]+0x1e1
C  [AppKit+0x8e659a]  -[NSWindow _enterFullScreenMode:options:]+0x154
C  [AppKit+0x8e6437]  -[NSWindow _enterFullScreenMode:options:implicitlyTile:]+0x96
C  [AppKit+0x3461f2]  -[NSWindow enterFullScreenMode:]+0x7b
C  [libsystem_trace.dylib+0x33a7]  _os_activity_initiate_impl+0x35
C  [AppKit+0x7c4791]  -[NSApplication(NSResponder) sendAction:to:from:]+0x1c8
C  [AppKit+0x2a9000]  -[NSControl sendAction:to:]+0x56
C  [AppKit+0x2a8f28]  __26-[NSCell _sendActionFrom:]_block_invoke+0x88
C  [libsystem_trace.dylib+0x33a7]  _os_activity_initiate_impl+0x35
C  [AppKit+0x2a8e80]  -[NSCell _sendActionFrom:]+0x80
C  [AppKit+0x2eb875]  -[NSButtonCell _sendActionFrom:]+0x62
C  [AppKit+0x872473]  -[_NSThemeZoomWidgetCell _sendActionFrom:]+0x45
C  [libsystem_trace.dylib+0x33a7]  _os_activity_initiate_impl+0x35
C  [AppKit+0x2a7762]  -[NSCell trackMouse:inRect:ofView:untilMouseUp:]+0x9b1
C  [AppKit+0x2eb5ae]  -[NSButtonCell trackMouse:inRect:ofView:untilMouseUp:]+0x31e
C  [AppKit+0x87213c]  -[_NSThemeZoomWidgetCell trackMouse:inRect:ofView:untilMouseUp:]+0x125
C  [AppKit+0x2a6117]  -[NSControl mouseDown:]+0x340
C  [AppKit+0x346012]  -[_NSThemeWidget mouseDown:]+0x57
C  [AppKit+0x8724a6]  -[_NSThemeZoomWidget mouseDown:]+0x27
C  [AppKit+0x9402bf]  -[NSWindow(NSEventRouting) _handleMouseDownEvent:isDelayedEvent:]+0x18c5
C  [AppKit+0x93cadc]  -[NSWindow(NSEventRouting) _reallySendEvent:isDelayedEvent:]+0x796
C  [AppKit+0x93bf7a]  -[NSWindow(NSEventRouting) sendEvent:]+0x21d
C  [libglass.dylib+0x241e5]  -[GlassWindow_Normal sendEvent:]+0x75
C  [AppKit+0x7c06f1]  -[NSApplication(NSEvent) sendEvent:]+0x479
C  [libosxapp.dylib+0x23ac]  -[NSApplicationAWT sendEvent:]+0x109
C  [AppKit+0x3b7f7]  -[NSApplication run]+0x3ea
C  [libosxapp.dylib+0x223e]  +[NSApplicationAWT runAWTLoopWithApp:]+0x9c
C  [libawt_lwawt.dylib+0x4494f]  -[AWTStarter starter:]+0x389
C  [Foundation+0x7184a]  __NSThreadPerformPerform+0x146
C  [CoreFoundation+0xa73c1]  __CFRUNLOOP_IS_CALLING_OUT_TO_A_SOURCE0_PERFORM_FUNCTION__+0x11
C  [CoreFoundation+0x882cd]  __CFRunLoopDoSources0+0x22d
C  [CoreFoundation+0x877c6]  __CFRunLoopRun+0x3a6
C  [CoreFoundation+0x871c4]  CFRunLoopRunSpecific+0x1a4
C  [java+0x56cc]  CreateExecutionEnvironment+0x367
C  [java+0x165c]  JLI_Launch+0x7a0
C  [java+0x768a]  main+0x65
C  [java+0xeb4]  start+0x34
C  0x0000000000000008


---------------  P R O C E S S  ---------------

Java Threads: ( => current thread )
  0x00007fb458286800 JavaThread "Prism Font Disposer" daemon [_thread_blocked, id=62955, stack(0x000070000e043000,0x000070000e143000)]
  0x00007fb45a13f800 JavaThread "Processing-FX-ExceptionHandler" daemon [_thread_blocked, id=73991, stack(0x000070000df40000,0x000070000e040000)]
  0x00007fb45a96c800 JavaThread "Thread-5" daemon [_thread_in_native, id=73219, stack(0x000070000debd000,0x000070000df3d000)]
  0x00007fb45a1e4800 JavaThread "Thread-4" daemon [_thread_blocked, id=70147, stack(0x000070000dd37000,0x000070000de37000)]
  0x00007fb45a92b800 JavaThread "JavaFX-Launcher" [_thread_blocked, id=69635, stack(0x000070000dc34000,0x000070000dd34000)]
  0x00007fb45a1cf800 JavaThread "Thread-2" [_thread_blocked, id=69123, stack(0x000070000db31000,0x000070000dc31000)]
  0x00007fb45b018000 JavaThread "QuantumRenderer-0" daemon [_thread_blocked, id=68111, stack(0x000070000da2e000,0x000070000db2e000)]
  0x00007fb459039800 JavaThread "Java2D Disposer" daemon [_thread_blocked, id=64771, stack(0x000070000d92b000,0x000070000da2b000)]
  0x00007fb45c01d800 JavaThread "Java2D Queue Flusher" daemon [_thread_blocked, id=60423, stack(0x000070000d828000,0x000070000d928000)]
  0x00007fb45a89c000 JavaThread "AWT-Shutdown" [_thread_blocked, id=33311, stack(0x000070000d519000,0x000070000d619000)]
=>0x00007fb45b804800 JavaThread "JavaFX Application Thread" daemon [_thread_in_native, id=775, stack(0x00007fff4f69f000,0x00007fff4fe9f000)]
  0x00007fb459004000 JavaThread "DestroyJavaVM" [_thread_blocked, id=7171, stack(0x000070000bf57000,0x000070000c057000)]
  0x00007fb45891c000 JavaThread "Monitor Ctrl-Break" daemon [_thread_in_native, id=22275, stack(0x000070000d290000,0x000070000d390000)]
  0x00007fb45a036000 JavaThread "Service Thread" daemon [_thread_blocked, id=21251, stack(0x000070000d08a000,0x000070000d18a000)]
  0x00007fb45883b000 JavaThread "C1 CompilerThread3" daemon [_thread_blocked, id=20739, stack(0x000070000cf87000,0x000070000d087000)]
  0x00007fb45882e000 JavaThread "C2 CompilerThread2" daemon [_thread_blocked, id=20227, stack(0x000070000ce84000,0x000070000cf84000)]
  0x00007fb45882d800 JavaThread "C2 CompilerThread1" daemon [_thread_blocked, id=19715, stack(0x000070000cd81000,0x000070000ce81000)]
  0x00007fb45a00f000 JavaThread "C2 CompilerThread0" daemon [_thread_blocked, id=19203, stack(0x000070000cc7e000,0x000070000cd7e000)]
  0x00007fb45a035000 JavaThread "Signal Dispatcher" daemon [_thread_blocked, id=18691, stack(0x000070000cb7b000,0x000070000cc7b000)]
  0x00007fb45a024000 JavaThread "Finalizer" daemon [_thread_blocked, id=14595, stack(0x000070000ca78000,0x000070000cb78000)]
  0x00007fb45b000000 JavaThread "Reference Handler" daemon [_thread_blocked, id=14083, stack(0x000070000c975000,0x000070000ca75000)]

Other Threads:
  0x00007fb458810000 VMThread [stack: 0x000070000c872000,0x000070000c972000] [id=13571]
  0x00007fb45c01c000 WatcherThread [stack: 0x000070000d18d000,0x000070000d28d000] [id=21763]

VM state:not at safepoint (normal execution)

VM Mutex/Monitor currently owned by a thread: None

Heap:
 PSYoungGen      total 31744K, used 28583K [0x000000076ab00000, 0x000000076cb00000, 0x00000007c0000000)
  eden space 31232K, 90% used [0x000000076ab00000,0x000000076c6b1e50,0x000000076c980000)
  from space 512K, 43% used [0x000000076ca00000,0x000000076ca38000,0x000000076ca80000)
  to   space 512K, 0% used [0x000000076ca80000,0x000000076ca80000,0x000000076cb00000)
 ParOldGen       total 175104K, used 90582K [0x00000006c0000000, 0x00000006cab00000, 0x000000076ab00000)
  object space 175104K, 51% used [0x00000006c0000000,0x00000006c5875950,0x00000006cab00000)
 Metaspace       used 18462K, capacity 19096K, committed 19328K, reserved 1067008K
  class space    used 2221K, capacity 2393K, committed 2432K, reserved 1048576K

Card table byte_map: [0x0000000112110000,0x0000000112911000] byte_map_base: 0x000000010eb10000

Marking Bits: (ParMarkBitMap*) 0x000000011169d390
 Begin Bits: [0x0000000122280000, 0x0000000126280000)
 End Bits:   [0x0000000126280000, 0x000000012a280000)

Polling page: 0x000000010fdeb000

CodeCache: size=245760Kb used=9577Kb max_used=11837Kb free=236182Kb
 bounds [0x0000000112d2a000, 0x00000001138ca000, 0x0000000121d2a000]
 total_blobs=3704 nmethods=2926 adapters=692
 compilation: enabled

Compilation events (10 events):
Event: 199.294 Thread 0x00007fb45882d800 nmethod 3894 0x0000000113080690 code [0x0000000113080940, 0x0000000113081480]
Event: 199.312 Thread 0x00007fb45882e000 nmethod 3898 0x0000000113691bd0 code [0x0000000113691f60, 0x0000000113693590]
Event: 199.327 Thread 0x00007fb45883b000 3901       3       com.sun.javafx.font.CompositeStrike::getGlyph (22 bytes)
Event: 199.327 Thread 0x00007fb45883b000 nmethod 3901 0x0000000113762b10 code [0x0000000113762ca0, 0x0000000113762f18]
Event: 199.327 Thread 0x00007fb45883b000 3902       3       com.sun.javafx.font.PrismFontStrike::getGlyph (44 bytes)
Event: 199.328 Thread 0x00007fb45883b000 nmethod 3902 0x00000001134b3450 code [0x00000001134b3660, 0x00000001134b4088]
Event: 199.329 Thread 0x00007fb45883b000 3905       3       java.nio.DirectByteBuffer::isDirect (2 bytes)
Event: 199.329 Thread 0x00007fb45883b000 nmethod 3905 0x00000001135c5e10 code [0x00000001135c5f60, 0x00000001135c60b0]
Event: 199.332 Thread 0x00007fb45883b000 3906       3       com.sun.prism.es2.ES2Texture::uploadPixels (632 bytes)
Event: 199.334 Thread 0x00007fb45883b000 nmethod 3906 0x00000001135f5a50 code [0x00000001135f5e60, 0x00000001135f8c48]

GC Heap History (10 events):
Event: 194.320 GC heap before
{Heap before GC invocations=119 (full 0):
 PSYoungGen      total 31744K, used 31392K [0x000000076ab00000, 0x000000076cb00000, 0x00000007c0000000)
  eden space 31232K, 100% used [0x000000076ab00000,0x000000076c980000,0x000000076c980000)
  from space 512K, 31% used [0x000000076ca80000,0x000000076caa8000,0x000000076cb00000)
  to   space 512K, 0% used [0x000000076ca00000,0x000000076ca00000,0x000000076ca80000)
 ParOldGen       total 175104K, used 90286K [0x00000006c0000000, 0x00000006cab00000, 0x000000076ab00000)
  object space 175104K, 51% used [0x00000006c0000000,0x00000006c582b848,0x00000006cab00000)
 Metaspace       used 18457K, capacity 19090K, committed 19328K, reserved 1067008K
  class space    used 2221K, capacity 2392K, committed 2432K, reserved 1048576K
Event: 194.321 GC heap after
Heap after GC invocations=119 (full 0):
 PSYoungGen      total 31744K, used 160K [0x000000076ab00000, 0x000000076cb00000, 0x00000007c0000000)
  eden space 31232K, 0% used [0x000000076ab00000,0x000000076ab00000,0x000000076c980000)
  from space 512K, 31% used [0x000000076ca00000,0x000000076ca28000,0x000000076ca80000)
  to   space 512K, 0% used [0x000000076ca80000,0x000000076ca80000,0x000000076cb00000)
 ParOldGen       total 175104K, used 90286K [0x00000006c0000000, 0x00000006cab00000, 0x000000076ab00000)
  object space 175104K, 51% used [0x00000006c0000000,0x00000006c582b848,0x00000006cab00000)
 Metaspace       used 18457K, capacity 19090K, committed 19328K, reserved 1067008K
  class space    used 2221K, capacity 2392K, committed 2432K, reserved 1048576K
}
Event: 195.458 GC heap before
{Heap before GC invocations=120 (full 0):
 PSYoungGen      total 31744K, used 31392K [0x000000076ab00000, 0x000000076cb00000, 0x00000007c0000000)
  eden space 31232K, 100% used [0x000000076ab00000,0x000000076c980000,0x000000076c980000)
  from space 512K, 31% used [0x000000076ca00000,0x000000076ca28000,0x000000076ca80000)
  to   space 512K, 0% used [0x000000076ca80000,0x000000076ca80000,0x000000076cb00000)
 ParOldGen       total 175104K, used 90318K [0x00000006c0000000, 0x00000006cab00000, 0x000000076ab00000)
  object space 175104K, 51% used [0x00000006c0000000,0x00000006c58338d0,0x00000006cab00000)
 Metaspace       used 18457K, capacity 19090K, committed 19328K, reserved 1067008K
  class space    used 2221K, capacity 2392K, committed 2432K, reserved 1048576K
Event: 195.459 GC heap after
Heap after GC invocations=120 (full 0):
 PSYoungGen      total 31744K, used 192K [0x000000076ab00000, 0x000000076cb00000, 0x00000007c0000000)
  eden space 31232K, 0% used [0x000000076ab00000,0x000000076ab00000,0x000000076c980000)
  from space 512K, 37% used [0x000000076ca80000,0x000000076cab0000,0x000000076cb00000)
  to   space 512K, 0% used [0x000000076ca00000,0x000000076ca00000,0x000000076ca80000)
 ParOldGen       total 175104K, used 90318K [0x00000006c0000000, 0x00000006cab00000, 0x000000076ab00000)
  object space 175104K, 51% used [0x00000006c0000000,0x00000006c58338d0,0x00000006cab00000)
 Metaspace       used 18457K, capacity 19090K, committed 19328K, reserved 1067008K
  class space    used 2221K, capacity 2392K, committed 2432K, reserved 1048576K
}
Event: 196.502 GC heap before
{Heap before GC invocations=121 (full 0):
 PSYoungGen      total 31744K, used 31424K [0x000000076ab00000, 0x000000076cb00000, 0x00000007c0000000)
  eden space 31232K, 100% used [0x000000076ab00000,0x000000076c980000,0x000000076c980000)
  from space 512K, 37% used [0x000000076ca80000,0x000000076cab0000,0x000000076cb00000)
  to   space 512K, 0% used [0x000000076ca00000,0x000000076ca00000,0x000000076ca80000)
 ParOldGen       total 175104K, used 90363K [0x00000006c0000000, 0x00000006cab00000, 0x000000076ab00000)
  object space 175104K, 51% used [0x00000006c0000000,0x00000006c583ec88,0x00000006cab00000)
 Metaspace       used 18457K, capacity 19090K, committed 19328K, reserved 1067008K
  class space    used 2221K, capacity 2392K, committed 2432K, reserved 1048576K
Event: 196.503 GC heap after
Heap after GC invocations=121 (full 0):
 PSYoungGen      total 31744K, used 160K [0x000000076ab00000, 0x000000076cb00000, 0x00000007c0000000)
  eden space 31232K, 0% used [0x000000076ab00000,0x000000076ab00000,0x000000076c980000)
  from space 512K, 31% used [0x000000076ca00000,0x000000076ca28000,0x000000076ca80000)
  to   space 512K, 0% used [0x000000076ca80000,0x000000076ca80000,0x000000076cb00000)
 ParOldGen       total 175104K, used 90379K [0x00000006c0000000, 0x00000006cab00000, 0x000000076ab00000)
  object space 175104K, 51% used [0x00000006c0000000,0x00000006c5842c88,0x00000006cab00000)
 Metaspace       used 18457K, capacity 19090K, committed 19328K, reserved 1067008K
  class space    used 2221K, capacity 2392K, committed 2432K, reserved 1048576K
}
Event: 197.723 GC heap before
{Heap before GC invocations=122 (full 0):
 PSYoungGen      total 31744K, used 31392K [0x000000076ab00000, 0x000000076cb00000, 0x00000007c0000000)
  eden space 31232K, 100% used [0x000000076ab00000,0x000000076c980000,0x000000076c980000)
  from space 512K, 31% used [0x000000076ca00000,0x000000076ca28000,0x000000076ca80000)
  to   space 512K, 0% used [0x000000076ca80000,0x000000076ca80000,0x000000076cb00000)
 ParOldGen       total 175104K, used 90461K [0x00000006c0000000, 0x00000006cab00000, 0x000000076ab00000)
  object space 175104K, 51% used [0x00000006c0000000,0x00000006c58576f8,0x00000006cab00000)
 Metaspace       used 18457K, capacity 19090K, committed 19328K, reserved 1067008K
  class space    used 2221K, capacity 2392K, committed 2432K, reserved 1048576K
Event: 197.724 GC heap after
Heap after GC invocations=122 (full 0):
 PSYoungGen      total 31744K, used 192K [0x000000076ab00000, 0x000000076cb00000, 0x00000007c0000000)
  eden space 31232K, 0% used [0x000000076ab00000,0x000000076ab00000,0x000000076c980000)
  from space 512K, 37% used [0x000000076ca80000,0x000000076cab0000,0x000000076cb00000)
  to   space 512K, 0% used [0x000000076ca00000,0x000000076ca00000,0x000000076ca80000)
 ParOldGen       total 175104K, used 90469K [0x00000006c0000000, 0x00000006cab00000, 0x000000076ab00000)
  object space 175104K, 51% used [0x00000006c0000000,0x00000006c58596f8,0x00000006cab00000)
 Metaspace       used 18457K, capacity 19090K, committed 19328K, reserved 1067008K
  class space    used 2221K, capacity 2392K, committed 2432K, reserved 1048576K
}
Event: 199.076 GC heap before
{Heap before GC invocations=123 (full 0):
 PSYoungGen      total 31744K, used 31424K [0x000000076ab00000, 0x000000076cb00000, 0x00000007c0000000)
  eden space 31232K, 100% used [0x000000076ab00000,0x000000076c980000,0x000000076c980000)
  from space 512K, 37% used [0x000000076ca80000,0x000000076cab0000,0x000000076cb00000)
  to   space 512K, 0% used [0x000000076ca00000,0x000000076ca00000,0x000000076ca80000)
 ParOldGen       total 175104K, used 90566K [0x00000006c0000000, 0x00000006cab00000, 0x000000076ab00000)
  object space 175104K, 51% used [0x00000006c0000000,0x00000006c5871950,0x00000006cab00000)
 Metaspace       used 18457K, capacity 19090K, committed 19328K, reserved 1067008K
  class space    used 2221K, capacity 2392K, committed 2432K, reserved 1048576K
Event: 199.077 GC heap after
Heap after GC invocations=123 (full 0):
 PSYoungGen      total 31744K, used 224K [0x000000076ab00000, 0x000000076cb00000, 0x00000007c0000000)
  eden space 31232K, 0% used [0x000000076ab00000,0x000000076ab00000,0x000000076c980000)
  from space 512K, 43% used [0x000000076ca00000,0x000000076ca38000,0x000000076ca80000)
  to   space 512K, 0% used [0x000000076ca80000,0x000000076ca80000,0x000000076cb00000)
 ParOldGen       total 175104K, used 90582K [0x00000006c0000000, 0x00000006cab00000, 0x000000076ab00000)
  object space 175104K, 51% used [0x00000006c0000000,0x00000006c5875950,0x00000006cab00000)
 Metaspace       used 18457K, capacity 19090K, committed 19328K, reserved 1067008K
  class space    used 2221K, capacity 2392K, committed 2432K, reserved 1048576K
}

Deoptimization events (10 events):
Event: 199.283 Thread 0x00007fb45b804800 Uncommon trap: reason=class_check action=maybe_recompile pc=0x000000011332e348 method=javafx.scene.Node.impl_geomChanged()V @ 8
Event: 199.283 Thread 0x00007fb45b804800 Uncommon trap: reason=class_check action=maybe_recompile pc=0x000000011332e348 method=javafx.scene.Node.impl_geomChanged()V @ 8
Event: 199.295 Thread 0x00007fb45b804800 Uncommon trap: reason=class_check action=maybe_recompile pc=0x000000011335f764 method=javafx.scene.Node$12.computeBounds()Ljavafx/geometry/Bounds; @ 4
Event: 199.295 Thread 0x00007fb45b804800 Uncommon trap: reason=class_check action=maybe_recompile pc=0x000000011349d944 method=java.util.AbstractCollection.isEmpty()Z @ 1
Event: 199.295 Thread 0x00007fb45b804800 Uncommon trap: reason=class_check action=maybe_recompile pc=0x000000011349d944 method=java.util.AbstractCollection.isEmpty()Z @ 1
Event: 199.295 Thread 0x00007fb45b804800 Uncommon trap: reason=class_check action=maybe_recompile pc=0x0000000113801a10 method=com.sun.javafx.geom.transform.Identity.equals(Ljava/lang/Object;)Z @ 1
Event: 199.295 Thread 0x00007fb45b804800 Uncommon trap: reason=speculate_class_check action=maybe_recompile pc=0x0000000112e95278 method=javafx.scene.Node.impl_syncPeer()V @ 35
Event: 199.295 Thread 0x00007fb45b018000 Uncommon trap: reason=class_check action=maybe_recompile pc=0x0000000112f208a4 method=java.util.concurrent.ThreadPoolExecutor.getTask()Ljava/lang/Runnable; @ 154
Event: 199.304 Thread 0x00007fb45b018000 Uncommon trap: reason=unreached action=reinterpret pc=0x00000001134e0e90 method=com.sun.prism.es2.ES2Texture.uploadPixels(Lcom/sun/prism/es2/GLContext;ILjava/nio/Buffer;Lcom/sun/prism/PixelFormat;IIIIIIIIIZ)Z @ 456
Event: 199.343 Thread 0x00007fb45b018000 Uncommon trap: reason=class_check action=maybe_recompile pc=0x00000001137f5d20 method=com.sun.javafx.tk.RenderJob.run()V @ 91

Internal exceptions (10 events):
Event: 2.946 Thread 0x00007fb45b804800 Exception <a 'java/security/PrivilegedActionException'> (0x000000076e18c890) thrown at [/HUDSON3/workspace/8-2-build-macosx-x86_64/jdk8u25/1514/hotspot/src/share/vm/prims/jvm.cpp, line 1312]
Event: 2.946 Thread 0x00007fb45b804800 Exception <a 'java/security/PrivilegedActionException'> (0x000000076e191420) thrown at [/HUDSON3/workspace/8-2-build-macosx-x86_64/jdk8u25/1514/hotspot/src/share/vm/prims/jvm.cpp, line 1312]
Event: 2.951 Thread 0x00007fb45b804800 Exception <a 'java/security/PrivilegedActionException'> (0x000000076e1c37a8) thrown at [/HUDSON3/workspace/8-2-build-macosx-x86_64/jdk8u25/1514/hotspot/src/share/vm/prims/jvm.cpp, line 1312]
Event: 2.951 Thread 0x00007fb45b804800 Exception <a 'java/security/PrivilegedActionException'> (0x000000076e1c8ed0) thrown at [/HUDSON3/workspace/8-2-build-macosx-x86_64/jdk8u25/1514/hotspot/src/share/vm/prims/jvm.cpp, line 1312]
Event: 2.952 Thread 0x00007fb45b804800 Exception <a 'java/security/PrivilegedActionException'> (0x000000076e1d29c0) thrown at [/HUDSON3/workspace/8-2-build-macosx-x86_64/jdk8u25/1514/hotspot/src/share/vm/prims/jvm.cpp, line 1312]
Event: 2.953 Thread 0x00007fb45b804800 Exception <a 'java/security/PrivilegedActionException'> (0x000000076e1dfbf0) thrown at [/HUDSON3/workspace/8-2-build-macosx-x86_64/jdk8u25/1514/hotspot/src/share/vm/prims/jvm.cpp, line 1312]
Event: 2.954 Thread 0x00007fb45b804800 Exception <a 'java/security/PrivilegedActionException'> (0x000000076e1e6f00) thrown at [/HUDSON3/workspace/8-2-build-macosx-x86_64/jdk8u25/1514/hotspot/src/share/vm/prims/jvm.cpp, line 1312]
Event: 3.975 Thread 0x00007fb45b804800 Exception <a 'java/security/PrivilegedActionException'> (0x000000076c46d490) thrown at [/HUDSON3/workspace/8-2-build-macosx-x86_64/jdk8u25/1514/hotspot/src/share/vm/prims/jvm.cpp, line 1312]
Event: 8.438 Thread 0x00007fb45b804800 Exception <a 'java/security/PrivilegedActionException'> (0x000000076cd2db70) thrown at [/HUDSON3/workspace/8-2-build-macosx-x86_64/jdk8u25/1514/hotspot/src/share/vm/prims/jvm.cpp, line 1312]
Event: 198.692 Thread 0x00007fb45b804800 Implicit null exception at 0x00000001131306f3 to 0x0000000113130851

Events (10 events):
Event: 199.295 Thread 0x00007fb45b804800 DEOPT UNPACKING pc=0x0000000112d2ef69 sp=0x00007fff4fe96cf0 mode 2
Event: 199.295 Thread 0x00007fb45b018000 Uncommon trap: trap_request=0xffffffde fr.pc=0x0000000112f208a4
Event: 199.295 Thread 0x00007fb45b018000 DEOPT PACKING pc=0x0000000112f208a4 sp=0x000070000db2d760
Event: 199.295 Thread 0x00007fb45b018000 DEOPT UNPACKING pc=0x0000000112d2ef69 sp=0x000070000db2d718 mode 2
Event: 199.304 Thread 0x00007fb45b018000 Uncommon trap: trap_request=0xffffffad fr.pc=0x00000001134e0e90
Event: 199.304 Thread 0x00007fb45b018000 DEOPT PACKING pc=0x00000001134e0e90 sp=0x000070000db2ce50
Event: 199.304 Thread 0x00007fb45b018000 DEOPT UNPACKING pc=0x0000000112d2ef69 sp=0x000070000db2cdf0 mode 2
Event: 199.343 Thread 0x00007fb45b018000 Uncommon trap: trap_request=0xffffffde fr.pc=0x00000001137f5d20
Event: 199.343 Thread 0x00007fb45b018000 DEOPT PACKING pc=0x00000001137f5d20 sp=0x000070000db2d760
Event: 199.343 Thread 0x00007fb45b018000 DEOPT UNPACKING pc=0x0000000112d2ef69 sp=0x000070000db2d738 mode 2


Dynamic libraries:
0x000000005db6c000 	/System/Library/Frameworks/Cocoa.framework/Versions/A/Cocoa
0x000000005db6c000 	/System/Library/Frameworks/Security.framework/Versions/A/Security
0x000000005db6c000 	/System/Library/Frameworks/ApplicationServices.framework/Versions/A/ApplicationServices
0x000000005db6c000 	/usr/lib/libz.1.dylib
0x000000005db6c000 	/usr/lib/libSystem.B.dylib
0x000000005db6c000 	/usr/lib/libobjc.A.dylib
0x000000005db6c000 	/System/Library/Frameworks/CoreFoundation.framework/Versions/A/CoreFoundation
0x000000005db6c000 	/System/Library/Frameworks/Foundation.framework/Versions/C/Foundation
0x000000005db6c000 	/System/Library/Frameworks/AppKit.framework/Versions/C/AppKit
0x000000005db6c000 	/System/Library/Frameworks/CoreData.framework/Versions/A/CoreData
0x000000005db6c000 	/System/Library/PrivateFrameworks/RemoteViewServices.framework/Versions/A/RemoteViewServices
0x000000005db6c000 	/System/Library/PrivateFrameworks/UIFoundation.framework/Versions/A/UIFoundation
0x000000005db6c000 	/System/Library/PrivateFrameworks/DFRFoundation.framework/Versions/A/DFRFoundation
0x000000005db6c000 	/usr/lib/libenergytrace.dylib
0x000000005db6c000 	/System/Library/PrivateFrameworks/SkyLight.framework/Versions/A/SkyLight
0x000000005db6c000 	/System/Library/Frameworks/CoreGraphics.framework/Versions/A/CoreGraphics
0x000000005db6c000 	/usr/lib/libScreenReader.dylib
0x000000005db6c000 	/System/Library/Frameworks/Accelerate.framework/Versions/A/Accelerate
0x000000005db6c000 	/System/Library/Frameworks/IOSurface.framework/Versions/A/IOSurface
0x000000005db6c000 	/System/Library/Frameworks/AudioToolbox.framework/Versions/A/AudioToolbox
0x000000005db6c000 	/System/Library/Frameworks/AudioUnit.framework/Versions/A/AudioUnit
0x000000005db6c000 	/System/Library/PrivateFrameworks/DataDetectorsCore.framework/Versions/A/DataDetectorsCore
0x000000005db6c000 	/System/Library/PrivateFrameworks/DesktopServicesPriv.framework/Versions/A/DesktopServicesPriv
0x000000005db6c000 	/System/Library/Frameworks/Carbon.framework/Versions/A/Frameworks/HIToolbox.framework/Versions/A/HIToolbox
0x000000005db6c000 	/usr/lib/libicucore.A.dylib
0x000000005db6c000 	/System/Library/Frameworks/QuartzCore.framework/Versions/A/QuartzCore
0x000000005db6c000 	/System/Library/Frameworks/Carbon.framework/Versions/A/Frameworks/SpeechRecognition.framework/Versions/A/SpeechRecognition
0x000000005db6c000 	/usr/lib/libauto.dylib
0x000000005db6c000 	/usr/lib/libxml2.2.dylib
0x000000005db6c000 	/System/Library/PrivateFrameworks/CoreUI.framework/Versions/A/CoreUI
0x000000005db6c000 	/System/Library/Frameworks/CoreAudio.framework/Versions/A/CoreAudio
0x000000005db6c000 	/System/Library/Frameworks/DiskArbitration.framework/Versions/A/DiskArbitration
0x000000005db6c000 	/usr/lib/liblangid.dylib
0x000000005db6c000 	/System/Library/PrivateFrameworks/MultitouchSupport.framework/Versions/A/MultitouchSupport
0x000000005db6c000 	/System/Library/Frameworks/IOKit.framework/Versions/A/IOKit
0x000000005db6c000 	/usr/lib/libDiagnosticMessagesClient.dylib
0x000000005db6c000 	/System/Library/Frameworks/CoreServices.framework/Versions/A/CoreServices
0x000000005db6c000 	/System/Library/PrivateFrameworks/PerformanceAnalysis.framework/Versions/A/PerformanceAnalysis
0x000000005db6c000 	/System/Library/PrivateFrameworks/GenerationalStorage.framework/Versions/A/GenerationalStorage
0x000000005db6c000 	/System/Library/Frameworks/OpenGL.framework/Versions/A/OpenGL
0x000000005db6c000 	/System/Library/Frameworks/CoreImage.framework/Versions/A/CoreImage
0x000000005db6c000 	/System/Library/Frameworks/CoreText.framework/Versions/A/CoreText
0x000000005db6c000 	/System/Library/Frameworks/ImageIO.framework/Versions/A/ImageIO
0x000000005db6c000 	/System/Library/PrivateFrameworks/Backup.framework/Versions/A/Backup
0x000000005db6c000 	/usr/lib/libarchive.2.dylib
0x000000005db6c000 	/System/Library/Frameworks/CFNetwork.framework/Versions/A/CFNetwork
0x000000005db6c000 	/System/Library/Frameworks/SystemConfiguration.framework/Versions/A/SystemConfiguration
0x000000005db6c000 	/usr/lib/libCRFSuite.dylib
0x000000005db6c000 	/usr/lib/libc++.1.dylib
0x000000005db6c000 	/usr/lib/libc++abi.dylib
0x000000005db6c000 	/usr/lib/system/libcache.dylib
0x000000005db6c000 	/usr/lib/system/libcommonCrypto.dylib
0x000000005db6c000 	/usr/lib/system/libcompiler_rt.dylib
0x000000005db6c000 	/usr/lib/system/libcopyfile.dylib
0x000000005db6c000 	/usr/lib/system/libcorecrypto.dylib
0x000000005db6c000 	/usr/lib/system/libdispatch.dylib
0x000000005db6c000 	/usr/lib/system/libdyld.dylib
0x000000005db6c000 	/usr/lib/system/libkeymgr.dylib
0x000000005db6c000 	/usr/lib/system/liblaunch.dylib
0x000000005db6c000 	/usr/lib/system/libmacho.dylib
0x000000005db6c000 	/usr/lib/system/libquarantine.dylib
0x000000005db6c000 	/usr/lib/system/libremovefile.dylib
0x000000005db6c000 	/usr/lib/system/libsystem_asl.dylib
0x000000005db6c000 	/usr/lib/system/libsystem_blocks.dylib
0x000000005db6c000 	/usr/lib/system/libsystem_c.dylib
0x000000005db6c000 	/usr/lib/system/libsystem_configuration.dylib
0x000000005db6c000 	/usr/lib/system/libsystem_coreservices.dylib
0x000000005db6c000 	/usr/lib/system/libsystem_coretls.dylib
0x000000005db6c000 	/usr/lib/system/libsystem_dnssd.dylib
0x000000005db6c000 	/usr/lib/system/libsystem_info.dylib
0x000000005db6c000 	/usr/lib/system/libsystem_kernel.dylib
0x000000005db6c000 	/usr/lib/system/libsystem_m.dylib
0x000000005db6c000 	/usr/lib/system/libsystem_malloc.dylib
0x000000005db6c000 	/usr/lib/system/libsystem_network.dylib
0x000000005db6c000 	/usr/lib/system/libsystem_networkextension.dylib
0x000000005db6c000 	/usr/lib/system/libsystem_notify.dylib
0x000000005db6c000 	/usr/lib/system/libsystem_platform.dylib
0x000000005db6c000 	/usr/lib/system/libsystem_pthread.dylib
0x000000005db6c000 	/usr/lib/system/libsystem_sandbox.dylib
0x000000005db6c000 	/usr/lib/system/libsystem_secinit.dylib
0x000000005db6c000 	/usr/lib/system/libsystem_symptoms.dylib
0x000000005db6c000 	/usr/lib/system/libsystem_trace.dylib
0x000000005db6c000 	/usr/lib/system/libunwind.dylib
0x000000005db6c000 	/usr/lib/system/libxpc.dylib
0x000000005db6c000 	/usr/lib/libbsm.0.dylib
0x000000005db6c000 	/usr/lib/system/libkxld.dylib
0x000000005db6c000 	/usr/lib/libcoretls.dylib
0x000000005db6c000 	/usr/lib/libcoretls_cfhelpers.dylib
0x000000005db6c000 	/usr/lib/libOpenScriptingUtil.dylib
0x000000005db6c000 	/usr/lib/libpam.2.dylib
0x000000005db6c000 	/usr/lib/libsqlite3.dylib
0x000000005db6c000 	/usr/lib/libxar.1.dylib
0x000000005db6c000 	/usr/lib/libbz2.1.0.dylib
0x000000005db6c000 	/usr/lib/liblzma.5.dylib
0x000000005db6c000 	/usr/lib/libnetwork.dylib
0x000000005db6c000 	/usr/lib/libpcap.A.dylib
0x000000005db6c000 	/System/Library/Frameworks/CoreServices.framework/Versions/A/Frameworks/FSEvents.framework/Versions/A/FSEvents
0x000000005db6c000 	/System/Library/Frameworks/CoreServices.framework/Versions/A/Frameworks/CarbonCore.framework/Versions/A/CarbonCore
0x000000005db6c000 	/System/Library/Frameworks/CoreServices.framework/Versions/A/Frameworks/Metadata.framework/Versions/A/Metadata
0x000000005db6c000 	/System/Library/Frameworks/CoreServices.framework/Versions/A/Frameworks/OSServices.framework/Versions/A/OSServices
0x000000005db6c000 	/System/Library/Frameworks/CoreServices.framework/Versions/A/Frameworks/SearchKit.framework/Versions/A/SearchKit
0x000000005db6c000 	/System/Library/Frameworks/CoreServices.framework/Versions/A/Frameworks/AE.framework/Versions/A/AE
0x000000005db6c000 	/System/Library/Frameworks/CoreServices.framework/Versions/A/Frameworks/LaunchServices.framework/Versions/A/LaunchServices
0x000000005db6c000 	/System/Library/Frameworks/CoreServices.framework/Versions/A/Frameworks/DictionaryServices.framework/Versions/A/DictionaryServices
0x000000005db6c000 	/System/Library/Frameworks/CoreServices.framework/Versions/A/Frameworks/SharedFileList.framework/Versions/A/SharedFileList
0x000000005db6c000 	/System/Library/Frameworks/NetFS.framework/Versions/A/NetFS
0x000000005db6c000 	/System/Library/PrivateFrameworks/NetAuth.framework/Versions/A/NetAuth
0x000000005db6c000 	/System/Library/PrivateFrameworks/login.framework/Versions/A/Frameworks/loginsupport.framework/Versions/A/loginsupport
0x000000005db6c000 	/System/Library/PrivateFrameworks/TCC.framework/Versions/A/TCC
0x000000005db6c000 	/usr/lib/libmecabra.dylib
0x000000005db6c000 	/System/Library/Frameworks/ApplicationServices.framework/Versions/A/Frameworks/ATS.framework/Versions/A/ATS
0x000000005db6c000 	/System/Library/Frameworks/ApplicationServices.framework/Versions/A/Frameworks/ColorSync.framework/Versions/A/ColorSync
0x000000005db6c000 	/System/Library/Frameworks/ApplicationServices.framework/Versions/A/Frameworks/HIServices.framework/Versions/A/HIServices
0x000000005db6c000 	/System/Library/Frameworks/ApplicationServices.framework/Versions/A/Frameworks/LangAnalysis.framework/Versions/A/LangAnalysis
0x000000005db6c000 	/System/Library/Frameworks/ApplicationServices.framework/Versions/A/Frameworks/PrintCore.framework/Versions/A/PrintCore
0x000000005db6c000 	/System/Library/Frameworks/ApplicationServices.framework/Versions/A/Frameworks/QD.framework/Versions/A/QD
0x000000005db6c000 	/System/Library/Frameworks/ApplicationServices.framework/Versions/A/Frameworks/SpeechSynthesis.framework/Versions/A/SpeechSynthesis
0x000000005db6c000 	/System/Library/Frameworks/Accelerate.framework/Versions/A/Frameworks/vImage.framework/Versions/A/vImage
0x000000005db6c000 	/System/Library/Frameworks/Accelerate.framework/Versions/A/Frameworks/vecLib.framework/Versions/A/vecLib
0x000000005db6c000 	/System/Library/Frameworks/Accelerate.framework/Versions/A/Frameworks/vecLib.framework/Versions/A/libvDSP.dylib
0x000000005db6c000 	/System/Library/Frameworks/Accelerate.framework/Versions/A/Frameworks/vecLib.framework/Versions/A/libBNNS.dylib
0x000000005db6c000 	/System/Library/Frameworks/Accelerate.framework/Versions/A/Frameworks/vecLib.framework/Versions/A/libQuadrature.dylib
0x000000005db6c000 	/System/Library/Frameworks/Accelerate.framework/Versions/A/Frameworks/vecLib.framework/Versions/A/libvMisc.dylib
0x000000005db6c000 	/System/Library/Frameworks/Accelerate.framework/Versions/A/Frameworks/vecLib.framework/Versions/A/libLAPACK.dylib
0x000000005db6c000 	/System/Library/Frameworks/Accelerate.framework/Versions/A/Frameworks/vecLib.framework/Versions/A/libBLAS.dylib
0x000000005db6c000 	/System/Library/Frameworks/Accelerate.framework/Versions/A/Frameworks/vecLib.framework/Versions/A/libLinearAlgebra.dylib
0x000000005db6c000 	/System/Library/Frameworks/Accelerate.framework/Versions/A/Frameworks/vecLib.framework/Versions/A/libSparseBLAS.dylib
0x000000005db6c000 	/System/Library/Frameworks/ApplicationServices.framework/Versions/A/Frameworks/ATS.framework/Versions/A/Resources/libFontParser.dylib
0x000000005db6c000 	/System/Library/Frameworks/ApplicationServices.framework/Versions/A/Frameworks/ATS.framework/Versions/A/Resources/libFontRegistry.dylib
0x000000005db6c000 	/System/Library/Frameworks/ImageIO.framework/Versions/A/Resources/libJPEG.dylib
0x000000005db6c000 	/System/Library/Frameworks/ImageIO.framework/Versions/A/Resources/libTIFF.dylib
0x000000005db6c000 	/System/Library/Frameworks/ImageIO.framework/Versions/A/Resources/libPng.dylib
0x000000005db6c000 	/System/Library/Frameworks/ImageIO.framework/Versions/A/Resources/libGIF.dylib
0x000000005db6c000 	/System/Library/Frameworks/ImageIO.framework/Versions/A/Resources/libJP2.dylib
0x000000005db6c000 	/System/Library/Frameworks/ImageIO.framework/Versions/A/Resources/libRadiance.dylib
0x000000005db6c000 	/usr/lib/libcompression.dylib
0x000000005db6c000 	/System/Library/PrivateFrameworks/AppleJPEG.framework/Versions/A/AppleJPEG
0x000000005db6c000 	/usr/lib/libcups.2.dylib
0x000000005db6c000 	/System/Library/Frameworks/Kerberos.framework/Versions/A/Kerberos
0x000000005db6c000 	/System/Library/Frameworks/GSS.framework/Versions/A/GSS
0x000000005db6c000 	/usr/lib/libresolv.9.dylib
0x000000005db6c000 	/usr/lib/libiconv.2.dylib
0x000000005db6c000 	/System/Library/PrivateFrameworks/Heimdal.framework/Versions/A/Heimdal
0x000000005db6c000 	/usr/lib/libheimdal-asn1.dylib
0x000000005db6c000 	/System/Library/Frameworks/OpenDirectory.framework/Versions/A/OpenDirectory
0x000000005db6c000 	/System/Library/PrivateFrameworks/CommonAuth.framework/Versions/A/CommonAuth
0x000000005db6c000 	/System/Library/Frameworks/OpenDirectory.framework/Versions/A/Frameworks/CFOpenDirectory.framework/Versions/A/CFOpenDirectory
0x000000005db6c000 	/System/Library/Frameworks/SecurityFoundation.framework/Versions/A/SecurityFoundation
0x000000005db6c000 	/System/Library/PrivateFrameworks/LanguageModeling.framework/Versions/A/LanguageModeling
0x000000005db6c000 	/usr/lib/libmarisa.dylib
0x000000005db6c000 	/usr/lib/libChineseTokenizer.dylib
0x000000005db6c000 	/usr/lib/libcmph.dylib
0x000000005db6c000 	/System/Library/PrivateFrameworks/CoreEmoji.framework/Versions/A/CoreEmoji
0x000000005db6c000 	/System/Library/Frameworks/ServiceManagement.framework/Versions/A/ServiceManagement
0x000000005db6c000 	/usr/lib/libxslt.1.dylib
0x000000005db6c000 	/System/Library/Frameworks/Carbon.framework/Versions/A/Frameworks/Ink.framework/Versions/A/Ink
0x000000005db6c000 	/System/Library/PrivateFrameworks/TextureIO.framework/Versions/A/TextureIO
0x000000005db6c000 	/System/Library/Frameworks/Metal.framework/Versions/A/Metal
0x000000005db6c000 	/usr/lib/libate.dylib
0x000000005db6c000 	/System/Library/PrivateFrameworks/GPUCompiler.framework/libmetal_timestamp.dylib
0x000000005db6c000 	/System/Library/Frameworks/OpenGL.framework/Versions/A/Libraries/libCoreFSCache.dylib
0x000000005db6c000 	/System/Library/PrivateFrameworks/IOAccelerator.framework/Versions/A/IOAccelerator
0x000000005db6c000 	/System/Library/Frameworks/CoreVideo.framework/Versions/A/CoreVideo
0x000000005db6c000 	/usr/lib/libFosl_dynamic.dylib
0x000000005db6c000 	/System/Library/PrivateFrameworks/MetalPerformanceShaders.framework/Versions/A/MetalPerformanceShaders
0x000000005db6c000 	/System/Library/PrivateFrameworks/FaceCore.framework/Versions/A/FaceCore
0x000000005db6c000 	/System/Library/Frameworks/OpenCL.framework/Versions/A/OpenCL
0x000000005db6c000 	/System/Library/Frameworks/OpenGL.framework/Versions/A/Libraries/libGLU.dylib
0x000000005db6c000 	/System/Library/Frameworks/OpenGL.framework/Versions/A/Libraries/libGFXShared.dylib
0x000000005db6c000 	/System/Library/Frameworks/OpenGL.framework/Versions/A/Libraries/libGL.dylib
0x000000005db6c000 	/System/Library/Frameworks/OpenGL.framework/Versions/A/Libraries/libGLImage.dylib
0x000000005db6c000 	/System/Library/Frameworks/OpenGL.framework/Versions/A/Libraries/libCVMSPluginSupport.dylib
0x000000005db6c000 	/System/Library/Frameworks/OpenGL.framework/Versions/A/Libraries/libCoreVMClient.dylib
0x000000005db6c000 	/System/Library/PrivateFrameworks/CrashReporterSupport.framework/Versions/A/CrashReporterSupport
0x000000005db6c000 	/System/Library/PrivateFrameworks/Sharing.framework/Versions/A/Sharing
0x000000005db6c000 	/System/Library/PrivateFrameworks/IconServices.framework/Versions/A/IconServices
0x000000005db6c000 	/System/Library/PrivateFrameworks/ProtocolBuffer.framework/Versions/A/ProtocolBuffer
0x000000005db6c000 	/System/Library/PrivateFrameworks/Apple80211.framework/Versions/A/Apple80211
0x000000005db6c000 	/System/Library/Frameworks/CoreWLAN.framework/Versions/A/CoreWLAN
0x000000005db6c000 	/System/Library/PrivateFrameworks/CoreUtils.framework/Versions/A/CoreUtils
0x000000005db6c000 	/System/Library/Frameworks/IOBluetooth.framework/Versions/A/IOBluetooth
0x000000005db6c000 	/System/Library/PrivateFrameworks/CoreWiFi.framework/Versions/A/CoreWiFi
0x000000005db6c000 	/System/Library/Frameworks/CoreBluetooth.framework/Versions/A/CoreBluetooth
0x000000005db6c000 	/System/Library/Frameworks/CoreDisplay.framework/Versions/A/CoreDisplay
0x000000005db6c000 	/System/Library/PrivateFrameworks/IOPresentment.framework/Versions/A/IOPresentment
0x000000005db6c000 	/System/Library/PrivateFrameworks/DSExternalDisplay.framework/Versions/A/DSExternalDisplay
0x000000005db6c000 	/System/Library/PrivateFrameworks/DebugSymbols.framework/Versions/A/DebugSymbols
0x000000005db6c000 	/System/Library/PrivateFrameworks/CoreSymbolication.framework/Versions/A/CoreSymbolication
0x000000005db6c000 	/System/Library/PrivateFrameworks/Symbolication.framework/Versions/A/Symbolication
0x000000005db6c000 	/System/Library/PrivateFrameworks/AppleFSCompression.framework/Versions/A/AppleFSCompression
0x000000005db6c000 	/System/Library/PrivateFrameworks/SpeechRecognitionCore.framework/Versions/A/SpeechRecognitionCore
0x000000005db6c000 	/System/Library/PrivateFrameworks/ChunkingLibrary.framework/Versions/A/ChunkingLibrary
0x0000000110e00000 	/Library/Java/JavaVirtualMachines/jdk1.8.0_25.jdk/Contents/Home/jre/lib/server/libjvm.dylib
0x000000005db6c000 	/usr/lib/libstdc++.6.dylib
0x000000010fddd000 	/Library/Java/JavaVirtualMachines/jdk1.8.0_25.jdk/Contents/Home/jre/lib/libverify.dylib
0x0000000111d1c000 	/Library/Java/JavaVirtualMachines/jdk1.8.0_25.jdk/Contents/Home/jre/lib/libjava.dylib
0x000000010fdf5000 	/Library/Java/JavaVirtualMachines/jdk1.8.0_25.jdk/Contents/Home/jre/lib/libzip.dylib
0x000000012cea0000 	/System/Library/Frameworks/JavaVM.framework/Frameworks/JavaRuntimeSupport.framework/JavaRuntimeSupport
0x000000012ceba000 	/System/Library/Frameworks/JavaVM.framework/Versions/A/Frameworks/JavaNativeFoundation.framework/Versions/A/JavaNativeFoundation
0x0000000112c8c000 	/System/Library/Frameworks/JavaVM.framework/Versions/A/JavaVM
0x000000005db6c000 	/System/Library/Frameworks/Carbon.framework/Versions/A/Carbon
0x000000012cecf000 	/System/Library/PrivateFrameworks/JavaLaunching.framework/Versions/A/JavaLaunching
0x000000005db6c000 	/System/Library/Frameworks/Carbon.framework/Versions/A/Frameworks/CommonPanels.framework/Versions/A/CommonPanels
0x000000005db6c000 	/System/Library/Frameworks/Carbon.framework/Versions/A/Frameworks/Help.framework/Versions/A/Help
0x000000005db6c000 	/System/Library/Frameworks/Carbon.framework/Versions/A/Frameworks/ImageCapture.framework/Versions/A/ImageCapture
0x000000005db6c000 	/System/Library/Frameworks/Carbon.framework/Versions/A/Frameworks/OpenScripting.framework/Versions/A/OpenScripting
0x000000005db6c000 	/System/Library/Frameworks/Carbon.framework/Versions/A/Frameworks/Print.framework/Versions/A/Print
0x000000005db6c000 	/System/Library/Frameworks/Carbon.framework/Versions/A/Frameworks/SecurityHI.framework/Versions/A/SecurityHI
0x000000012e9d7000 	/Applications/IntelliJ IDEA.app/Contents/bin/libbreakgen64.jnilib
0x000000012e9da000 	/Library/Java/JavaVirtualMachines/jdk1.8.0_25.jdk/Contents/Home/jre/lib/libnet.dylib
0x000000012ea5d000 	/Library/Java/JavaVirtualMachines/jdk1.8.0_25.jdk/Contents/Home/jre/lib/libawt.dylib
0x000000012eb0c000 	/Library/Java/JavaVirtualMachines/jdk1.8.0_25.jdk/Contents/Home/jre/lib/./libmlib_image.dylib
0x000000012ebd8000 	/Library/Java/JavaVirtualMachines/jdk1.8.0_25.jdk/Contents/Home/jre/lib/libawt_lwawt.dylib
0x000000012ec8b000 	/Library/Java/JavaVirtualMachines/jdk1.8.0_25.jdk/Contents/Home/jre/lib/./libosxapp.dylib
0x000000005db6c000 	/System/Library/Frameworks/ExceptionHandling.framework/Versions/A/ExceptionHandling
0x000000005db6c000 	/System/Library/PrivateFrameworks/CoreServicesInternal.framework/Versions/A/CoreServicesInternal
0x000000005db6c000 	/System/Library/CoreServices/RawCamera.bundle/Contents/MacOS/RawCamera
0x000000005db6c000 	/System/Library/Frameworks/Accelerate.framework/Versions/A/Frameworks/vImage.framework/Versions/A/Libraries/libCGInterfaces.dylib
0x000000005db6c000 	/System/Library/Frameworks/ApplicationServices.framework/Versions/A/Frameworks/ATS.framework/Versions/A/Resources/libTrueTypeScaler.dylib
0x0000000130d69000 	/System/Library/Frameworks/OpenGL.framework/Resources/GLEngine.bundle/GLEngine
0x000000005db6c000 	/System/Library/Frameworks/OpenGL.framework/Versions/A/Libraries/libGLProgrammability.dylib
0x0000000130f4e000 	/System/Library/Extensions/AppleIntelHD5000GraphicsGLDriver.bundle/Contents/MacOS/AppleIntelHD5000GraphicsGLDriver
0x000000005db6c000 	/System/Library/PrivateFrameworks/GPUSupport.framework/Versions/A/Libraries/libGPUSupportMercury.dylib
0x000000005db6c000 	/System/Library/Extensions/GeForceGLDriver.bundle/Contents/MacOS/GeForceGLDriver
0x000000005db6c000 	/System/Library/Extensions/GeForceGLDriver.bundle/Contents/MacOS/libclh.dylib
0x00000001316bc000 	/System/Library/Frameworks/OpenGL.framework/Resources//GLRendererFloat.bundle/GLRendererFloat
0x000000005db6c000 	/System/Library/Frameworks/OpenCL.framework/Versions/A/Libraries/libcldcpuengine.dylib
0x000000005db6c000 	/usr/lib/libcrypto.0.9.8.dylib
0x000000005db6c000 	/System/Library/PrivateFrameworks/TrustEvaluationAgent.framework/Versions/A/TrustEvaluationAgent
0x000000005db6c000 	/System/Library/Extensions/GeForceMTLDriver.bundle/Contents/MacOS/GeForceMTLDriver
0x00000001316f0000 	/System/Library/Extensions/AppleIntelHD5000GraphicsMTLDriver.bundle/Contents/MacOS/AppleIntelHD5000GraphicsMTLDriver
0x000000005db6c000 	/System/Library/PrivateFrameworks/FamilyControls.framework/Versions/A/FamilyControls
0x000000005db6c000 	/System/Library/PrivateFrameworks/CommerceKit.framework/Versions/A/Frameworks/CommerceCore.framework/Versions/A/CommerceCore
0x000000005db6c000 	/System/Library/PrivateFrameworks/SystemAdministration.framework/Versions/A/SystemAdministration
0x000000005db6c000 	/System/Library/PrivateFrameworks/AppContainer.framework/Versions/A/AppContainer
0x000000005db6c000 	/System/Library/PrivateFrameworks/SecCodeWrapper.framework/Versions/A/SecCodeWrapper
0x000000005db6c000 	/System/Library/Frameworks/DirectoryService.framework/Versions/A/DirectoryService
0x000000005db6c000 	/System/Library/PrivateFrameworks/DiskImages.framework/Versions/A/DiskImages
0x000000005db6c000 	/System/Library/PrivateFrameworks/LoginUIKit.framework/Versions/A/Frameworks/LoginUICore.framework/Versions/A/LoginUICore
0x000000005db6c000 	/usr/lib/libCoreStorage.dylib
0x000000005db6c000 	/usr/lib/libcsfde.dylib
0x000000005db6c000 	/usr/lib/libodfde.dylib
0x000000005db6c000 	/System/Library/Frameworks/DiscRecording.framework/Versions/A/DiscRecording
0x000000005db6c000 	/usr/lib/libcurl.4.dylib
0x000000005db6c000 	/System/Library/PrivateFrameworks/MediaKit.framework/Versions/A/MediaKit
0x000000005db6c000 	/System/Library/PrivateFrameworks/ProtectedCloudStorage.framework/Versions/A/ProtectedCloudStorage
0x000000005db6c000 	/System/Library/PrivateFrameworks/EFILogin.framework/Versions/A/EFILogin
0x000000005db6c000 	/usr/lib/libutil.dylib
0x000000005db6c000 	/System/Library/Frameworks/LDAP.framework/Versions/A/LDAP
0x000000005db6c000 	/usr/lib/libsasl2.2.dylib
0x000000005db6c000 	/System/Library/PrivateFrameworks/CoreDaemon.framework/Versions/B/CoreDaemon
0x000000005db6c000 	/System/Library/PrivateFrameworks/AppleSRP.framework/Versions/A/AppleSRP
0x000000005db6c000 	/System/Library/PrivateFrameworks/APFS.framework/Versions/A/APFS
0x0000000132b2d000 	/Library/Java/JavaVirtualMachines/jdk1.8.0_25.jdk/Contents/Home/jre/lib/libfontmanager.dylib
0x000000005db6c000 	/System/Library/PrivateFrameworks/ViewBridge.framework/Versions/A/ViewBridge
0x000000005db6c000 	/System/Library/PrivateFrameworks/XPCService.framework/Versions/A/XPCService
0x000000005db6c000 	/System/Library/PrivateFrameworks/AppSandbox.framework/Versions/A/AppSandbox
0x000000005db6c000 	/usr/lib/libsandbox.1.dylib
0x000000005db6c000 	/usr/lib/libMatch.1.dylib
0x0000000133a68000 	/Library/Java/JavaVirtualMachines/jdk1.8.0_25.jdk/Contents/Home/jre/lib/libprism_es2.dylib
0x0000000133ebe000 	/Library/Java/JavaVirtualMachines/jdk1.8.0_25.jdk/Contents/Home/jre/lib/libglass.dylib
0x00000001356ad000 	/Library/Java/JavaVirtualMachines/jdk1.8.0_25.jdk/Contents/Home/jre/lib/libjavafx_font.dylib
0x0000000137a50000 	/Library/Java/JavaVirtualMachines/jdk1.8.0_25.jdk/Contents/Home/jre/lib/libnio.dylib
0x0000000137fe8000 	/Library/Java/JavaVirtualMachines/jdk1.8.0_25.jdk/Contents/Home/jre/lib/libdcpr.dylib
0x0000000138016000 	/Library/Java/JavaVirtualMachines/jdk1.8.0_25.jdk/Contents/Home/jre/lib/libt2k.dylib
0x0000000130b9f000 	/Library/Java/JavaVirtualMachines/jdk1.8.0_25.jdk/Contents/Home/jre/lib/libAppleScriptEngine.dylib
0x0000000130bab000 	/System/Library/Components/AppleScript.component/Contents/MacOS/AppleScript
0x00000001361c8000 	/System/Library/PrivateFrameworks/AppleScript.framework/Versions/A/AppleScript
0x000000005db6c000 	/System/Library/Frameworks/AppleScriptObjC.framework/Versions/A/AppleScriptObjC
0x000000005db6c000 	/usr/lib/libffi.dylib
0x000000012ea4f000 	/Library/Java/JavaVirtualMachines/jdk1.8.0_25.jdk/Contents/Home/jre/lib/libprism_common.dylib

VM Arguments:
jvm_args: -Didea.launcher.port=7535 -Didea.launcher.bin.path=/Applications/IntelliJ IDEA.app/Contents/bin -Dfile.encoding=UTF-8 
java_command: com.intellij.rt.execution.application.AppMain JGrapher
java_class_path (initial): /Library/Java/JavaVirtualMachines/jdk1.8.0_25.jdk/Contents/Home/jre/lib/charsets.jar:/Library/Java/JavaVirtualMachines/jdk1.8.0_25.jdk/Contents/Home/jre/lib/deploy.jar:/Library/Java/JavaVirtualMachines/jdk1.8.0_25.jdk/Contents/Home/jre/lib/ext/cldrdata.jar:/Library/Java/JavaVirtualMachines/jdk1.8.0_25.jdk/Contents/Home/jre/lib/ext/dnsns.jar:/Library/Java/JavaVirtualMachines/jdk1.8.0_25.jdk/Contents/Home/jre/lib/ext/jfxrt.jar:/Library/Java/JavaVirtualMachines/jdk1.8.0_25.jdk/Contents/Home/jre/lib/ext/localedata.jar:/Library/Java/JavaVirtualMachines/jdk1.8.0_25.jdk/Contents/Home/jre/lib/ext/nashorn.jar:/Library/Java/JavaVirtualMachines/jdk1.8.0_25.jdk/Contents/Home/jre/lib/ext/sunec.jar:/Library/Java/JavaVirtualMachines/jdk1.8.0_25.jdk/Contents/Home/jre/lib/ext/sunjce_provider.jar:/Library/Java/JavaVirtualMachines/jdk1.8.0_25.jdk/Contents/Home/jre/lib/ext/sunpkcs11.jar:/Library/Java/JavaVirtualMachines/jdk1.8.0_25.jdk/Contents/Home/jre/lib/ext/zipfs.jar:/Library/Java/JavaVirtualMachines/jdk1.8.0_25.jdk/Contents/Home/jre/lib/javaws.jar:/Library/Java/JavaVirtualMachines/jdk1.8.0_25.jdk/Contents/Home/jre/lib/jce.jar:/Library/Java/JavaVirtualMachines/jdk1.8.0_25.jdk/Contents/Home/jre/lib/jfr.jar:/Library/Java/JavaVirtualMachines/jdk1.8.0_25.jdk/Contents/Home/jre/lib/jfxswt.jar:/Library/Java/JavaVirtualMachines/jdk1.8.0_25.jdk/Contents/Home/jre/lib/jsse.jar:/Library/Java/JavaVirtualMachines/jdk1.8.0_25.jdk/Contents/Home/jre/lib/management-agent.jar:/Library/Java/JavaVirtualMachines/jdk1.8.0_25.jdk/Contents/Home/jre/lib/plugin.jar:/Library/Java/JavaVirtualMachines/jdk1.8.0_25.jdk/Contents/Home/jre/lib/resources.jar:/Library/Java/JavaVirtualMachines/jdk1.8.0_25.jdk/Contents/Home/jre/lib/rt.jar:/Library/Java/JavaVirtualMachines/jdk1.8.0_25.jdk/Contents/Home/lib/ant-javafx.jar:/Library/Java/JavaVirtualMachines/jdk1.8.0_25.jdk/Contents/Home/lib/dt.jar:/Library/Java/JavaVirtualMachines/jdk1.8.0_25.jdk/Contents/Home/lib/javafx-mx.jar:/Library/Java/Jav
Launcher Type: SUN_STANDARD

Environment Variables:
PATH=/usr/local/bin:/usr/bin:/bin:/usr/sbin:/sbin:/opt/X11/bin
SHELL=/bin/bash

Signal Handlers:
SIGSEGV: [libjvm.dylib+0x579dc7], sa_mask[0]=11111111011111110111111111111111, sa_flags=SA_ONSTACK|SA_RESTART|SA_SIGINFO
SIGBUS: [libjvm.dylib+0x579dc7], sa_mask[0]=11111111011111110111111111111111, sa_flags=SA_RESTART|SA_SIGINFO
SIGFPE: [libjvm.dylib+0x45b030], sa_mask[0]=11111111011111110111111111111111, sa_flags=SA_RESTART|SA_SIGINFO
SIGPIPE: [libjvm.dylib+0x45b030], sa_mask[0]=11111111011111110111111111111111, sa_flags=SA_RESTART|SA_SIGINFO
SIGXFSZ: [libjvm.dylib+0x45b030], sa_mask[0]=11111111011111110111111111111111, sa_flags=SA_RESTART|SA_SIGINFO
SIGILL: [libjvm.dylib+0x45b030], sa_mask[0]=11111111011111110111111111111111, sa_flags=SA_RESTART|SA_SIGINFO
SIGUSR1: SIG_DFL, sa_mask[0]=00000000000000000000000000000000, sa_flags=none
SIGUSR2: [libjvm.dylib+0x45ab4e], sa_mask[0]=00100000000000000000000000000000, sa_flags=SA_RESTART|SA_SIGINFO
SIGHUP: [libjvm.dylib+0x459121], sa_mask[0]=11111111011111110111111111111111, sa_flags=SA_RESTART|SA_SIGINFO
SIGINT: [libjvm.dylib+0x459121], sa_mask[0]=11111111011111110111111111111111, sa_flags=SA_RESTART|SA_SIGINFO
SIGTERM: [libjvm.dylib+0x459121], sa_mask[0]=11111111011111110111111111111111, sa_flags=SA_RESTART|SA_SIGINFO
SIGQUIT: [libjvm.dylib+0x459121], sa_mask[0]=11111111011111110111111111111111, sa_flags=SA_RESTART|SA_SIGINFO


---------------  S Y S T E M  ---------------

OS:Bsduname:Darwin 16.5.0 Darwin Kernel Version 16.5.0: Fri Mar  3 16:52:33 PST 2017; root:xnu-3789.51.2~3/RELEASE_X86_64 x86_64
rlimit: STACK 8192k, CORE 0k, NPROC 709, NOFILE 10240, AS infinity
load average:1.93 1.74 1.72

CPU:total 8 (4 cores per cpu, 2 threads per core) family 6 model 70 stepping 1, cmov, cx8, fxsr, mmx, sse, sse2, sse3, ssse3, sse4.1, sse4.2, popcnt, avx, avx2, aes, clmul, erms, rtm, lzcnt, ht, tsc, tscinvbit, bmi1, bmi2

Memory: 4k page, physical 16777216k(2885676k free)

/proc/meminfo:


vm_info: Java HotSpot(TM) 64-Bit Server VM (25.25-b02) for bsd-amd64 JRE (1.8.0_25-b17), built on Sep 17 2014 16:56:50 by "java_re" with gcc 4.2.1 (Based on Apple Inc. build 5658) (LLVM build 2336.11.00)

time: Wed May 24 00:23:06 2017
elapsed time: 199 seconds (0d 0h 3m 19s)

